ARM GAS  C:\Users\Mayur\AppData\Local\Temp\cczOkckb.s 			page 1


   1              		.syntax unified
   2              		.cpu cortex-m0
   3              		.fpu softvfp
   4              		.eabi_attribute 20, 1
   5              		.eabi_attribute 21, 1
   6              		.eabi_attribute 23, 3
   7              		.eabi_attribute 24, 1
   8              		.eabi_attribute 25, 1
   9              		.eabi_attribute 26, 1
  10              		.eabi_attribute 30, 1
  11              		.eabi_attribute 34, 0
  12              		.eabi_attribute 18, 4
  13              		.thumb
  14              		.syntax unified
  15              		.file	"CapSense_1_Tuner.c"
  16              		.text
  17              	.Ltext0:
  18              		.cfi_sections	.debug_frame
  19              		.section	.text.CapSense_1_TuInitialize,"ax",%progbits
  20              		.align	2
  21              		.global	CapSense_1_TuInitialize
  22              		.code	16
  23              		.thumb_func
  24              		.type	CapSense_1_TuInitialize, %function
  25              	CapSense_1_TuInitialize:
  26              	.LFB0:
  27              		.file 1 "Generated_Source\\PSoC4\\CapSense_1_Tuner.c"
   1:Generated_Source\PSoC4/CapSense_1_Tuner.c **** /***************************************************************************//**
   2:Generated_Source\PSoC4/CapSense_1_Tuner.c **** * \file CapSense_1_Tuner.c
   3:Generated_Source\PSoC4/CapSense_1_Tuner.c **** * \version 6.0
   4:Generated_Source\PSoC4/CapSense_1_Tuner.c **** *
   5:Generated_Source\PSoC4/CapSense_1_Tuner.c **** * \brief
   6:Generated_Source\PSoC4/CapSense_1_Tuner.c **** *   This file provides the source code for the Tuner module API of the Component.
   7:Generated_Source\PSoC4/CapSense_1_Tuner.c **** *
   8:Generated_Source\PSoC4/CapSense_1_Tuner.c **** * \see CapSense_1 v6.0 Datasheet
   9:Generated_Source\PSoC4/CapSense_1_Tuner.c **** *
  10:Generated_Source\PSoC4/CapSense_1_Tuner.c **** *//*****************************************************************************
  11:Generated_Source\PSoC4/CapSense_1_Tuner.c **** * Copyright (2016-2018), Cypress Semiconductor Corporation.
  12:Generated_Source\PSoC4/CapSense_1_Tuner.c **** ********************************************************************************
  13:Generated_Source\PSoC4/CapSense_1_Tuner.c **** * This software is owned by Cypress Semiconductor Corporation (Cypress) and is
  14:Generated_Source\PSoC4/CapSense_1_Tuner.c **** * protected by and subject to worldwide patent protection (United States and
  15:Generated_Source\PSoC4/CapSense_1_Tuner.c **** * foreign), United States copyright laws and international treaty provisions.
  16:Generated_Source\PSoC4/CapSense_1_Tuner.c **** * Cypress hereby grants to licensee a personal, non-exclusive, non-transferable
  17:Generated_Source\PSoC4/CapSense_1_Tuner.c **** * license to copy, use, modify, create derivative works of, and compile the
  18:Generated_Source\PSoC4/CapSense_1_Tuner.c **** * Cypress Source Code and derivative works for the sole purpose of creating
  19:Generated_Source\PSoC4/CapSense_1_Tuner.c **** * custom software in support of licensee product to be used only in conjunction
  20:Generated_Source\PSoC4/CapSense_1_Tuner.c **** * with a Cypress integrated circuit as specified in the applicable agreement.
  21:Generated_Source\PSoC4/CapSense_1_Tuner.c **** * Any reproduction, modification, translation, compilation, or representation of
  22:Generated_Source\PSoC4/CapSense_1_Tuner.c **** * this software except as specified above is prohibited without the express
  23:Generated_Source\PSoC4/CapSense_1_Tuner.c **** * written permission of Cypress.
  24:Generated_Source\PSoC4/CapSense_1_Tuner.c **** *
  25:Generated_Source\PSoC4/CapSense_1_Tuner.c **** * Disclaimer: CYPRESS MAKES NO WARRANTY OF ANY KIND, EXPRESS OR IMPLIED, WITH
  26:Generated_Source\PSoC4/CapSense_1_Tuner.c **** * REGARD TO THIS MATERIAL, INCLUDING, BUT NOT LIMITED TO, THE IMPLIED
  27:Generated_Source\PSoC4/CapSense_1_Tuner.c **** * WARRANTIES OF MERCHANTABILITY AND FITNESS FOR A PARTICULAR PURPOSE.
  28:Generated_Source\PSoC4/CapSense_1_Tuner.c **** * Cypress reserves the right to make changes without further notice to the
  29:Generated_Source\PSoC4/CapSense_1_Tuner.c **** * materials described herein. Cypress does not assume any liability arising out
  30:Generated_Source\PSoC4/CapSense_1_Tuner.c **** * of the application or use of any product or circuit described herein. Cypress
ARM GAS  C:\Users\Mayur\AppData\Local\Temp\cczOkckb.s 			page 2


  31:Generated_Source\PSoC4/CapSense_1_Tuner.c **** * does not authorize its products for use as critical components in life-support
  32:Generated_Source\PSoC4/CapSense_1_Tuner.c **** * systems where a malfunction or failure may reasonably be expected to result in
  33:Generated_Source\PSoC4/CapSense_1_Tuner.c **** * significant injury to the user. The inclusion of Cypress' product in a life-
  34:Generated_Source\PSoC4/CapSense_1_Tuner.c **** * support systems application implies that the manufacturer assumes all risk of
  35:Generated_Source\PSoC4/CapSense_1_Tuner.c **** * such use and in doing so indemnifies Cypress against all charges. Use may be
  36:Generated_Source\PSoC4/CapSense_1_Tuner.c **** * limited by and subject to the applicable Cypress software license agreement.
  37:Generated_Source\PSoC4/CapSense_1_Tuner.c **** *******************************************************************************/
  38:Generated_Source\PSoC4/CapSense_1_Tuner.c **** 
  39:Generated_Source\PSoC4/CapSense_1_Tuner.c **** #include "cytypes.h"
  40:Generated_Source\PSoC4/CapSense_1_Tuner.c **** #include "CyLib.h"
  41:Generated_Source\PSoC4/CapSense_1_Tuner.c **** #include "CapSense_1_Structure.h"
  42:Generated_Source\PSoC4/CapSense_1_Tuner.c **** #include "CapSense_1_Tuner.h"
  43:Generated_Source\PSoC4/CapSense_1_Tuner.c **** #include "CapSense_1_Control.h"
  44:Generated_Source\PSoC4/CapSense_1_Tuner.c **** #include "CapSense_1_Configuration.h"
  45:Generated_Source\PSoC4/CapSense_1_Tuner.c **** 
  46:Generated_Source\PSoC4/CapSense_1_Tuner.c **** /* Tuner states definition */
  47:Generated_Source\PSoC4/CapSense_1_Tuner.c **** #define TU_FSM_RUNNING      (0u)
  48:Generated_Source\PSoC4/CapSense_1_Tuner.c **** #define TU_FSM_SUSPENDED    (1u)
  49:Generated_Source\PSoC4/CapSense_1_Tuner.c **** #define TU_FSM_SNR_TEST     (2u)
  50:Generated_Source\PSoC4/CapSense_1_Tuner.c **** #define TU_FSM_ONE_SCAN     (3u)
  51:Generated_Source\PSoC4/CapSense_1_Tuner.c **** 
  52:Generated_Source\PSoC4/CapSense_1_Tuner.c **** /* Tuner state variable */
  53:Generated_Source\PSoC4/CapSense_1_Tuner.c **** static uint32 tunerFsm = TU_FSM_RUNNING;
  54:Generated_Source\PSoC4/CapSense_1_Tuner.c **** 
  55:Generated_Source\PSoC4/CapSense_1_Tuner.c **** 
  56:Generated_Source\PSoC4/CapSense_1_Tuner.c **** /*******************************************************************************
  57:Generated_Source\PSoC4/CapSense_1_Tuner.c **** * Function Name: CapSense_1_TuInitialize
  58:Generated_Source\PSoC4/CapSense_1_Tuner.c **** ****************************************************************************//**
  59:Generated_Source\PSoC4/CapSense_1_Tuner.c **** *
  60:Generated_Source\PSoC4/CapSense_1_Tuner.c **** * \brief
  61:Generated_Source\PSoC4/CapSense_1_Tuner.c **** *   This function initializes the communication interface with the Tuner GUI.
  62:Generated_Source\PSoC4/CapSense_1_Tuner.c **** *
  63:Generated_Source\PSoC4/CapSense_1_Tuner.c **** * \details
  64:Generated_Source\PSoC4/CapSense_1_Tuner.c **** *   This API sets the tuner state machine to the default state. It is called by
  65:Generated_Source\PSoC4/CapSense_1_Tuner.c **** *   the CapSense_1_Start() API.
  66:Generated_Source\PSoC4/CapSense_1_Tuner.c **** *
  67:Generated_Source\PSoC4/CapSense_1_Tuner.c **** *******************************************************************************/
  68:Generated_Source\PSoC4/CapSense_1_Tuner.c **** void CapSense_1_TuInitialize(void)
  69:Generated_Source\PSoC4/CapSense_1_Tuner.c **** {
  28              		.loc 1 69 0
  29              		.cfi_startproc
  30              		@ args = 0, pretend = 0, frame = 0
  31              		@ frame_needed = 0, uses_anonymous_args = 0
  32              		@ link register save eliminated.
  33              	.LVL0:
  70:Generated_Source\PSoC4/CapSense_1_Tuner.c ****     volatile CapSense_1_RAM_STRUCT *ptrDsRam = &CapSense_1_dsRam;
  71:Generated_Source\PSoC4/CapSense_1_Tuner.c **** 
  72:Generated_Source\PSoC4/CapSense_1_Tuner.c ****     ptrDsRam->tunerCmd = (uint16)CapSense_1_TU_CMD_NONE_E;
  34              		.loc 1 72 0
  35 0000 0023     		movs	r3, #0
  36 0002 024A     		ldr	r2, .L2
  37 0004 D380     		strh	r3, [r2, #6]
  73:Generated_Source\PSoC4/CapSense_1_Tuner.c ****     tunerFsm = TU_FSM_RUNNING;
  38              		.loc 1 73 0
  39 0006 024A     		ldr	r2, .L2+4
  40 0008 1360     		str	r3, [r2]
  74:Generated_Source\PSoC4/CapSense_1_Tuner.c **** }
ARM GAS  C:\Users\Mayur\AppData\Local\Temp\cczOkckb.s 			page 3


  41              		.loc 1 74 0
  42              		@ sp needed
  43 000a 7047     		bx	lr
  44              	.L3:
  45              		.align	2
  46              	.L2:
  47 000c 00000000 		.word	CapSense_1_dsRam
  48 0010 00000000 		.word	.LANCHOR0
  49              		.cfi_endproc
  50              	.LFE0:
  51              		.size	CapSense_1_TuInitialize, .-CapSense_1_TuInitialize
  52              		.section	.text.CapSense_1_RunTuner,"ax",%progbits
  53              		.align	2
  54              		.global	CapSense_1_RunTuner
  55              		.code	16
  56              		.thumb_func
  57              		.type	CapSense_1_RunTuner, %function
  58              	CapSense_1_RunTuner:
  59              	.LFB1:
  75:Generated_Source\PSoC4/CapSense_1_Tuner.c **** 
  76:Generated_Source\PSoC4/CapSense_1_Tuner.c **** /*******************************************************************************
  77:Generated_Source\PSoC4/CapSense_1_Tuner.c **** * Function Name: CapSense_1_RunTuner
  78:Generated_Source\PSoC4/CapSense_1_Tuner.c **** ****************************************************************************//**
  79:Generated_Source\PSoC4/CapSense_1_Tuner.c **** *
  80:Generated_Source\PSoC4/CapSense_1_Tuner.c **** * \brief
  81:Generated_Source\PSoC4/CapSense_1_Tuner.c **** *  Establishes synchronized communication with the Tuner application.
  82:Generated_Source\PSoC4/CapSense_1_Tuner.c **** *
  83:Generated_Source\PSoC4/CapSense_1_Tuner.c **** * \details
  84:Generated_Source\PSoC4/CapSense_1_Tuner.c **** *  This function is used to establish synchronized communication between the
  85:Generated_Source\PSoC4/CapSense_1_Tuner.c **** *  CapSense_1 Component and Tuner application (or other host controllers).
  86:Generated_Source\PSoC4/CapSense_1_Tuner.c **** *  This function is called periodically in the application program loop
  87:Generated_Source\PSoC4/CapSense_1_Tuner.c **** *  to serve the Tuner application (or host controller) requests and commands.
  88:Generated_Source\PSoC4/CapSense_1_Tuner.c **** *  In most cases, the best place to call this function is after processing and
  89:Generated_Source\PSoC4/CapSense_1_Tuner.c **** *  before next scanning.
  90:Generated_Source\PSoC4/CapSense_1_Tuner.c **** *
  91:Generated_Source\PSoC4/CapSense_1_Tuner.c **** *  If this function is absent in the application program, then communication is
  92:Generated_Source\PSoC4/CapSense_1_Tuner.c **** *  asynchronous and the following disadvantages are applicable:
  93:Generated_Source\PSoC4/CapSense_1_Tuner.c **** *    - The raw counts displayed in the tuner may be filtered and/or unfiltered.
  94:Generated_Source\PSoC4/CapSense_1_Tuner.c **** *      As a result, noise and SNR measurements will not be accurate.
  95:Generated_Source\PSoC4/CapSense_1_Tuner.c **** *    - The Tuner tool may read the sensor data such as raw counts from a scan
  96:Generated_Source\PSoC4/CapSense_1_Tuner.c **** *      multiple times, as a result, noise and SNR measurement will not be
  97:Generated_Source\PSoC4/CapSense_1_Tuner.c **** *      accurate.
  98:Generated_Source\PSoC4/CapSense_1_Tuner.c **** *    - The Tuner tool and host controller should not change the Component parameters
  99:Generated_Source\PSoC4/CapSense_1_Tuner.c **** *      via the tuner interface. Changing the Component parameters via the tuner
 100:Generated_Source\PSoC4/CapSense_1_Tuner.c **** *      interface in the async mode will result in Component abnormal behavior.
 101:Generated_Source\PSoC4/CapSense_1_Tuner.c **** *
 102:Generated_Source\PSoC4/CapSense_1_Tuner.c **** *  Note that calling this function is not mandatory for the application, but
 103:Generated_Source\PSoC4/CapSense_1_Tuner.c **** *  required only to synchronize the communication with the host controller or
 104:Generated_Source\PSoC4/CapSense_1_Tuner.c **** *  tuner application.
 105:Generated_Source\PSoC4/CapSense_1_Tuner.c **** *
 106:Generated_Source\PSoC4/CapSense_1_Tuner.c **** * \return
 107:Generated_Source\PSoC4/CapSense_1_Tuner.c **** *  In some cases, the application program may need to know if the Component was
 108:Generated_Source\PSoC4/CapSense_1_Tuner.c **** *  re-initialized. The return indicates if a restart command was executed or not:
 109:Generated_Source\PSoC4/CapSense_1_Tuner.c **** *    - CapSense_1_STATUS_RESTART_DONE - Based on a received command, the
 110:Generated_Source\PSoC4/CapSense_1_Tuner.c **** *      Component was restarted.
 111:Generated_Source\PSoC4/CapSense_1_Tuner.c **** *    -  CapSense_1_STATUS_RESTART_NONE - No restart was executed by this
 112:Generated_Source\PSoC4/CapSense_1_Tuner.c **** *      function.
ARM GAS  C:\Users\Mayur\AppData\Local\Temp\cczOkckb.s 			page 4


 113:Generated_Source\PSoC4/CapSense_1_Tuner.c **** *
 114:Generated_Source\PSoC4/CapSense_1_Tuner.c **** *******************************************************************************/
 115:Generated_Source\PSoC4/CapSense_1_Tuner.c **** uint32 CapSense_1_RunTuner(void)
 116:Generated_Source\PSoC4/CapSense_1_Tuner.c **** {
  60              		.loc 1 116 0
  61              		.cfi_startproc
  62              		@ args = 0, pretend = 0, frame = 0
  63              		@ frame_needed = 0, uses_anonymous_args = 0
  64 0000 70B5     		push	{r4, r5, r6, lr}
  65              		.cfi_def_cfa_offset 16
  66              		.cfi_offset 4, -16
  67              		.cfi_offset 5, -12
  68              		.cfi_offset 6, -8
  69              		.cfi_offset 14, -4
  70              	.LVL1:
 117:Generated_Source\PSoC4/CapSense_1_Tuner.c ****     uint8 interruptState;
 118:Generated_Source\PSoC4/CapSense_1_Tuner.c ****     uint32 widgetId;
 119:Generated_Source\PSoC4/CapSense_1_Tuner.c ****     uint32 sensorId;
 120:Generated_Source\PSoC4/CapSense_1_Tuner.c ****     uint32 updateFlag = 0Lu;
 121:Generated_Source\PSoC4/CapSense_1_Tuner.c ****     CapSense_1_TU_CMD_ENUM command;
 122:Generated_Source\PSoC4/CapSense_1_Tuner.c ****     uint32 tunerStatus = CapSense_1_STATUS_RESTART_NONE;
  71              		.loc 1 122 0
  72 0002 0025     		movs	r5, #0
 120:Generated_Source\PSoC4/CapSense_1_Tuner.c ****     CapSense_1_TU_CMD_ENUM command;
  73              		.loc 1 120 0
  74 0004 0026     		movs	r6, #0
  75              	.LVL2:
  76              	.L16:
 123:Generated_Source\PSoC4/CapSense_1_Tuner.c **** 
 124:Generated_Source\PSoC4/CapSense_1_Tuner.c ****     volatile CapSense_1_RAM_STRUCT *ptrDsRam;
 125:Generated_Source\PSoC4/CapSense_1_Tuner.c ****     volatile CapSense_1_RAM_SNS_STRUCT *ptrSnsTmp;
 126:Generated_Source\PSoC4/CapSense_1_Tuner.c **** 
 127:Generated_Source\PSoC4/CapSense_1_Tuner.c ****     ptrDsRam = &CapSense_1_dsRam;
 128:Generated_Source\PSoC4/CapSense_1_Tuner.c **** 
 129:Generated_Source\PSoC4/CapSense_1_Tuner.c ****     do
 130:Generated_Source\PSoC4/CapSense_1_Tuner.c ****     {
 131:Generated_Source\PSoC4/CapSense_1_Tuner.c ****         /* ONE_SCAN command could be interpreted as two commands:
 132:Generated_Source\PSoC4/CapSense_1_Tuner.c ****         * RESUME till next call of this function and then
 133:Generated_Source\PSoC4/CapSense_1_Tuner.c ****         * SUSPEND till next command receiving.
 134:Generated_Source\PSoC4/CapSense_1_Tuner.c ****         */
 135:Generated_Source\PSoC4/CapSense_1_Tuner.c ****         if (TU_FSM_ONE_SCAN == tunerFsm)
  77              		.loc 1 135 0
  78 0006 3F4B     		ldr	r3, .L18
  79 0008 1B68     		ldr	r3, [r3]
  80 000a 032B     		cmp	r3, #3
  81 000c 06D1     		bne	.L5
 136:Generated_Source\PSoC4/CapSense_1_Tuner.c ****         {
 137:Generated_Source\PSoC4/CapSense_1_Tuner.c ****             interruptState = CyEnterCriticalSection();
  82              		.loc 1 137 0
  83 000e FFF7FEFF 		bl	CyEnterCriticalSection
  84              	.LVL3:
 138:Generated_Source\PSoC4/CapSense_1_Tuner.c ****             ptrDsRam->tunerCmd = (uint16)CapSense_1_TU_CMD_SUSPEND_E;
  85              		.loc 1 138 0
  86 0012 0122     		movs	r2, #1
  87 0014 3C4B     		ldr	r3, .L18+4
  88 0016 DA80     		strh	r2, [r3, #6]
 139:Generated_Source\PSoC4/CapSense_1_Tuner.c ****             CyExitCriticalSection(interruptState);
ARM GAS  C:\Users\Mayur\AppData\Local\Temp\cczOkckb.s 			page 5


  89              		.loc 1 139 0
  90 0018 FFF7FEFF 		bl	CyExitCriticalSection
  91              	.LVL4:
  92              	.L5:
 140:Generated_Source\PSoC4/CapSense_1_Tuner.c ****         }
 141:Generated_Source\PSoC4/CapSense_1_Tuner.c ****         command = (CapSense_1_TU_CMD_ENUM)ptrDsRam->tunerCmd;
  93              		.loc 1 141 0
  94 001c 3A4B     		ldr	r3, .L18+4
  95 001e DC88     		ldrh	r4, [r3, #6]
  96 0020 E4B2     		uxtb	r4, r4
  97              	.LVL5:
 142:Generated_Source\PSoC4/CapSense_1_Tuner.c **** 
 143:Generated_Source\PSoC4/CapSense_1_Tuner.c ****         /* Check command register */
 144:Generated_Source\PSoC4/CapSense_1_Tuner.c ****         switch (command)
  98              		.loc 1 144 0
  99 0022 062C     		cmp	r4, #6
 100 0024 23D8     		bhi	.L6
 101 0026 A300     		lsls	r3, r4, #2
 102 0028 384A     		ldr	r2, .L18+8
 103 002a D358     		ldr	r3, [r2, r3]
 104 002c 9F46     		mov	pc, r3
 105              		.section	.rodata
 106              		.align	2
 107              	.L8:
 108 0000 6E000000 		.word	.L6
 109 0004 2E000000 		.word	.L7
 110 0008 38000000 		.word	.L9
 111 000c 42000000 		.word	.L10
 112 0010 52000000 		.word	.L11
 113 0014 5C000000 		.word	.L12
 114 0018 66000000 		.word	.L13
 115              		.section	.text.CapSense_1_RunTuner
 116              	.L7:
 145:Generated_Source\PSoC4/CapSense_1_Tuner.c ****         {
 146:Generated_Source\PSoC4/CapSense_1_Tuner.c ****         case CapSense_1_TU_CMD_SUSPEND_E:
 147:Generated_Source\PSoC4/CapSense_1_Tuner.c ****             tunerFsm = TU_FSM_SUSPENDED;
 117              		.loc 1 147 0
 118 002e 0122     		movs	r2, #1
 119 0030 344B     		ldr	r3, .L18
 120 0032 1A60     		str	r2, [r3]
 121              	.LVL6:
 148:Generated_Source\PSoC4/CapSense_1_Tuner.c ****             updateFlag = 1Lu;
 122              		.loc 1 148 0
 123 0034 0126     		movs	r6, #1
 149:Generated_Source\PSoC4/CapSense_1_Tuner.c ****             break;
 124              		.loc 1 149 0
 125 0036 1AE0     		b	.L6
 126              	.LVL7:
 127              	.L9:
 150:Generated_Source\PSoC4/CapSense_1_Tuner.c **** 
 151:Generated_Source\PSoC4/CapSense_1_Tuner.c ****         case CapSense_1_TU_CMD_RESUME_E:
 152:Generated_Source\PSoC4/CapSense_1_Tuner.c ****             tunerFsm = TU_FSM_RUNNING;
 128              		.loc 1 152 0
 129 0038 0022     		movs	r2, #0
 130 003a 324B     		ldr	r3, .L18
 131 003c 1A60     		str	r2, [r3]
 132              	.LVL8:
ARM GAS  C:\Users\Mayur\AppData\Local\Temp\cczOkckb.s 			page 6


 153:Generated_Source\PSoC4/CapSense_1_Tuner.c ****             updateFlag = 1Lu;
 133              		.loc 1 153 0
 134 003e 0126     		movs	r6, #1
 154:Generated_Source\PSoC4/CapSense_1_Tuner.c ****             break;
 135              		.loc 1 154 0
 136 0040 15E0     		b	.L6
 137              	.LVL9:
 138              	.L10:
 155:Generated_Source\PSoC4/CapSense_1_Tuner.c **** 
 156:Generated_Source\PSoC4/CapSense_1_Tuner.c ****         case CapSense_1_TU_CMD_RESTART_E:
 157:Generated_Source\PSoC4/CapSense_1_Tuner.c ****             (void)CapSense_1_Start();
 139              		.loc 1 157 0
 140 0042 FFF7FEFF 		bl	CapSense_1_Start
 141              	.LVL10:
 158:Generated_Source\PSoC4/CapSense_1_Tuner.c ****             tunerStatus = CapSense_1_STATUS_RESTART_DONE;
 159:Generated_Source\PSoC4/CapSense_1_Tuner.c ****             tunerFsm = TU_FSM_RUNNING;
 142              		.loc 1 159 0
 143 0046 0022     		movs	r2, #0
 144 0048 2E4B     		ldr	r3, .L18
 145 004a 1A60     		str	r2, [r3]
 146              	.LVL11:
 158:Generated_Source\PSoC4/CapSense_1_Tuner.c ****             tunerStatus = CapSense_1_STATUS_RESTART_DONE;
 147              		.loc 1 158 0
 148 004c 0125     		movs	r5, #1
 160:Generated_Source\PSoC4/CapSense_1_Tuner.c ****             updateFlag = 1Lu;
 149              		.loc 1 160 0
 150 004e 0126     		movs	r6, #1
 161:Generated_Source\PSoC4/CapSense_1_Tuner.c ****             break;
 151              		.loc 1 161 0
 152 0050 0DE0     		b	.L6
 153              	.LVL12:
 154              	.L11:
 162:Generated_Source\PSoC4/CapSense_1_Tuner.c **** 
 163:Generated_Source\PSoC4/CapSense_1_Tuner.c ****         case CapSense_1_TU_CMD_RUN_SNR_TEST_E:
 164:Generated_Source\PSoC4/CapSense_1_Tuner.c ****             tunerFsm = TU_FSM_SNR_TEST;
 155              		.loc 1 164 0
 156 0052 0222     		movs	r2, #2
 157 0054 2B4B     		ldr	r3, .L18
 158 0056 1A60     		str	r2, [r3]
 159              	.LVL13:
 165:Generated_Source\PSoC4/CapSense_1_Tuner.c ****             updateFlag = 1Lu;
 160              		.loc 1 165 0
 161 0058 0126     		movs	r6, #1
 166:Generated_Source\PSoC4/CapSense_1_Tuner.c ****             break;
 162              		.loc 1 166 0
 163 005a 08E0     		b	.L6
 164              	.LVL14:
 165              	.L12:
 167:Generated_Source\PSoC4/CapSense_1_Tuner.c **** 
 168:Generated_Source\PSoC4/CapSense_1_Tuner.c ****         case CapSense_1_TU_CMD_PING_E:
 169:Generated_Source\PSoC4/CapSense_1_Tuner.c ****             tunerFsm = TU_FSM_RUNNING;
 166              		.loc 1 169 0
 167 005c 0022     		movs	r2, #0
 168 005e 294B     		ldr	r3, .L18
 169 0060 1A60     		str	r2, [r3]
 170              	.LVL15:
 170:Generated_Source\PSoC4/CapSense_1_Tuner.c ****             updateFlag = 1Lu;
ARM GAS  C:\Users\Mayur\AppData\Local\Temp\cczOkckb.s 			page 7


 171              		.loc 1 170 0
 172 0062 0126     		movs	r6, #1
 171:Generated_Source\PSoC4/CapSense_1_Tuner.c ****             break;
 173              		.loc 1 171 0
 174 0064 03E0     		b	.L6
 175              	.LVL16:
 176              	.L13:
 172:Generated_Source\PSoC4/CapSense_1_Tuner.c **** 
 173:Generated_Source\PSoC4/CapSense_1_Tuner.c ****         case CapSense_1_TU_CMD_ONE_SCAN_E:
 174:Generated_Source\PSoC4/CapSense_1_Tuner.c ****             tunerFsm = TU_FSM_ONE_SCAN;
 177              		.loc 1 174 0
 178 0066 0322     		movs	r2, #3
 179 0068 264B     		ldr	r3, .L18
 180 006a 1A60     		str	r2, [r3]
 181              	.LVL17:
 175:Generated_Source\PSoC4/CapSense_1_Tuner.c ****             updateFlag = 0Lu;
 182              		.loc 1 175 0
 183 006c 0026     		movs	r6, #0
 184              	.LVL18:
 185              	.L6:
 176:Generated_Source\PSoC4/CapSense_1_Tuner.c ****             break;
 177:Generated_Source\PSoC4/CapSense_1_Tuner.c **** 
 178:Generated_Source\PSoC4/CapSense_1_Tuner.c ****         default:
 179:Generated_Source\PSoC4/CapSense_1_Tuner.c ****             break;
 180:Generated_Source\PSoC4/CapSense_1_Tuner.c ****         }
 181:Generated_Source\PSoC4/CapSense_1_Tuner.c **** 
 182:Generated_Source\PSoC4/CapSense_1_Tuner.c ****         /* Set Complete flag in command register if needed */
 183:Generated_Source\PSoC4/CapSense_1_Tuner.c ****         if (0Lu != updateFlag)
 186              		.loc 1 183 0
 187 006e 002E     		cmp	r6, #0
 188 0070 0FD0     		beq	.L14
 184:Generated_Source\PSoC4/CapSense_1_Tuner.c ****         {
 185:Generated_Source\PSoC4/CapSense_1_Tuner.c ****             interruptState = CyEnterCriticalSection();
 189              		.loc 1 185 0
 190 0072 FFF7FEFF 		bl	CyEnterCriticalSection
 191              	.LVL19:
 186:Generated_Source\PSoC4/CapSense_1_Tuner.c **** 
 187:Generated_Source\PSoC4/CapSense_1_Tuner.c ****             /* Check if command wasn't overwritten with new command */
 188:Generated_Source\PSoC4/CapSense_1_Tuner.c ****             if (command == (CapSense_1_TU_CMD_ENUM)ptrDsRam->tunerCmd)
 192              		.loc 1 188 0
 193 0076 244B     		ldr	r3, .L18+4
 194 0078 DB88     		ldrh	r3, [r3, #6]
 195 007a DBB2     		uxtb	r3, r3
 196 007c 9C42     		cmp	r4, r3
 197 007e 05D1     		bne	.L15
 189:Generated_Source\PSoC4/CapSense_1_Tuner.c ****             {
 190:Generated_Source\PSoC4/CapSense_1_Tuner.c ****                 ptrDsRam->tunerCmd |= CapSense_1_TU_CMD_COMPLETE_BIT;
 198              		.loc 1 190 0
 199 0080 214A     		ldr	r2, .L18+4
 200 0082 D188     		ldrh	r1, [r2, #6]
 201 0084 224B     		ldr	r3, .L18+12
 202 0086 0B43     		orrs	r3, r1
 203 0088 9BB2     		uxth	r3, r3
 204 008a D380     		strh	r3, [r2, #6]
 205              	.L15:
 191:Generated_Source\PSoC4/CapSense_1_Tuner.c ****             }
 192:Generated_Source\PSoC4/CapSense_1_Tuner.c ****             CyExitCriticalSection(interruptState);
ARM GAS  C:\Users\Mayur\AppData\Local\Temp\cczOkckb.s 			page 8


 206              		.loc 1 192 0
 207 008c FFF7FEFF 		bl	CyExitCriticalSection
 208              	.LVL20:
 193:Generated_Source\PSoC4/CapSense_1_Tuner.c **** 
 194:Generated_Source\PSoC4/CapSense_1_Tuner.c ****             updateFlag = 0Lu;
 209              		.loc 1 194 0
 210 0090 0026     		movs	r6, #0
 211              	.LVL21:
 212              	.L14:
 195:Generated_Source\PSoC4/CapSense_1_Tuner.c ****         }
 196:Generated_Source\PSoC4/CapSense_1_Tuner.c ****     } while (TU_FSM_SUSPENDED == tunerFsm);
 213              		.loc 1 196 0
 214 0092 1C4B     		ldr	r3, .L18
 215 0094 1B68     		ldr	r3, [r3]
 216 0096 012B     		cmp	r3, #1
 217 0098 B5D0     		beq	.L16
 197:Generated_Source\PSoC4/CapSense_1_Tuner.c **** 
 198:Generated_Source\PSoC4/CapSense_1_Tuner.c ****     /* Check for SNR Test mode and do appropriate actions */
 199:Generated_Source\PSoC4/CapSense_1_Tuner.c ****     if (TU_FSM_SNR_TEST == tunerFsm)
 218              		.loc 1 199 0
 219 009a 022B     		cmp	r3, #2
 220 009c 2FD1     		bne	.L17
 200:Generated_Source\PSoC4/CapSense_1_Tuner.c ****     {
 201:Generated_Source\PSoC4/CapSense_1_Tuner.c ****         widgetId = ptrDsRam->snrTestWidgetId;
 221              		.loc 1 201 0
 222 009e 1A4A     		ldr	r2, .L18+4
 223 00a0 0333     		adds	r3, r3, #3
 224 00a2 FF33     		adds	r3, r3, #255
 225 00a4 D35C     		ldrb	r3, [r2, r3]
 226 00a6 DBB2     		uxtb	r3, r3
 227              	.LVL22:
 202:Generated_Source\PSoC4/CapSense_1_Tuner.c ****         sensorId = ptrDsRam->snrTestSensorId;
 228              		.loc 1 202 0
 229 00a8 0621     		movs	r1, #6
 230 00aa FF31     		adds	r1, r1, #255
 231 00ac 525C     		ldrb	r2, [r2, r1]
 232 00ae D2B2     		uxtb	r2, r2
 233              	.LVL23:
 203:Generated_Source\PSoC4/CapSense_1_Tuner.c **** 
 204:Generated_Source\PSoC4/CapSense_1_Tuner.c ****         /* Check if widgetId and sensorId are in range,
 205:Generated_Source\PSoC4/CapSense_1_Tuner.c ****          * and data was updated in RAM (scan counter changed)
 206:Generated_Source\PSoC4/CapSense_1_Tuner.c ****          */
 207:Generated_Source\PSoC4/CapSense_1_Tuner.c ****         if ((widgetId < CapSense_1_TOTAL_WIDGETS)              &&
 234              		.loc 1 207 0
 235 00b0 072B     		cmp	r3, #7
 236 00b2 24D8     		bhi	.L17
 208:Generated_Source\PSoC4/CapSense_1_Tuner.c ****             (sensorId < CapSense_1_GET_SENSOR_COUNT(widgetId)) &&
 237              		.loc 1 208 0 discriminator 1
 238 00b4 5901     		lsls	r1, r3, #5
 239 00b6 1748     		ldr	r0, .L18+16
 240 00b8 4118     		adds	r1, r0, r1
 241 00ba 098B     		ldrh	r1, [r1, #24]
 207:Generated_Source\PSoC4/CapSense_1_Tuner.c ****             (sensorId < CapSense_1_GET_SENSOR_COUNT(widgetId)) &&
 242              		.loc 1 207 0 discriminator 1
 243 00bc 8A42     		cmp	r2, r1
 244 00be 1ED2     		bcs	.L17
 209:Generated_Source\PSoC4/CapSense_1_Tuner.c ****             (ptrDsRam->scanCounter != ptrDsRam->snrTestScanCounter))
ARM GAS  C:\Users\Mayur\AppData\Local\Temp\cczOkckb.s 			page 9


 245              		.loc 1 209 0
 246 00c0 1149     		ldr	r1, .L18+4
 247 00c2 0889     		ldrh	r0, [r1, #8]
 248 00c4 80B2     		uxth	r0, r0
 249 00c6 8324     		movs	r4, #131
 250              	.LVL24:
 251 00c8 6400     		lsls	r4, r4, #1
 252 00ca 095B     		ldrh	r1, [r1, r4]
 253 00cc 89B2     		uxth	r1, r1
 208:Generated_Source\PSoC4/CapSense_1_Tuner.c ****             (sensorId < CapSense_1_GET_SENSOR_COUNT(widgetId)) &&
 254              		.loc 1 208 0
 255 00ce 8842     		cmp	r0, r1
 256 00d0 15D0     		beq	.L17
 210:Generated_Source\PSoC4/CapSense_1_Tuner.c ****         {
 211:Generated_Source\PSoC4/CapSense_1_Tuner.c ****             /* Get access to the Sensor Object */
 212:Generated_Source\PSoC4/CapSense_1_Tuner.c ****             ptrSnsTmp = CapSense_1_dsFlash.wdgtArray[widgetId].ptr2SnsRam;
 257              		.loc 1 212 0
 258 00d2 5B01     		lsls	r3, r3, #5
 259              	.LVL25:
 260 00d4 0F49     		ldr	r1, .L18+16
 261 00d6 CB18     		adds	r3, r1, r3
 262 00d8 9C68     		ldr	r4, [r3, #8]
 263              	.LVL26:
 213:Generated_Source\PSoC4/CapSense_1_Tuner.c ****             ptrSnsTmp += sensorId;
 264              		.loc 1 213 0
 265 00da 9300     		lsls	r3, r2, #2
 266 00dc 9A18     		adds	r2, r3, r2
 267              	.LVL27:
 268 00de 5300     		lsls	r3, r2, #1
 269 00e0 E418     		adds	r4, r4, r3
 270              	.LVL28:
 214:Generated_Source\PSoC4/CapSense_1_Tuner.c **** 
 215:Generated_Source\PSoC4/CapSense_1_Tuner.c ****             /* Update data in SNR Test Object */
 216:Generated_Source\PSoC4/CapSense_1_Tuner.c ****             interruptState = CyEnterCriticalSection();
 271              		.loc 1 216 0
 272 00e2 FFF7FEFF 		bl	CyEnterCriticalSection
 273              	.LVL29:
 217:Generated_Source\PSoC4/CapSense_1_Tuner.c ****             ptrDsRam->snrTestScanCounter = ptrDsRam->scanCounter;
 274              		.loc 1 217 0
 275 00e6 084B     		ldr	r3, .L18+4
 276 00e8 1A89     		ldrh	r2, [r3, #8]
 277 00ea 92B2     		uxth	r2, r2
 278 00ec 8321     		movs	r1, #131
 279 00ee 4900     		lsls	r1, r1, #1
 280 00f0 5A52     		strh	r2, [r3, r1]
 218:Generated_Source\PSoC4/CapSense_1_Tuner.c ****             ptrDsRam->snrTestRawCount[0u] = ptrSnsTmp->raw[0u];
 281              		.loc 1 218 0
 282 00f2 2288     		ldrh	r2, [r4]
 283 00f4 92B2     		uxth	r2, r2
 284 00f6 0231     		adds	r1, r1, #2
 285 00f8 5A52     		strh	r2, [r3, r1]
 219:Generated_Source\PSoC4/CapSense_1_Tuner.c **** 
 220:Generated_Source\PSoC4/CapSense_1_Tuner.c ****             #if (0u != CapSense_1_MULTI_FREQ_SCAN_EN)
 221:Generated_Source\PSoC4/CapSense_1_Tuner.c ****                 ptrDsRam->snrTestRawCount[1u] = ptrSnsTmp->raw[1u];
 222:Generated_Source\PSoC4/CapSense_1_Tuner.c ****                 ptrDsRam->snrTestRawCount[2u] = ptrSnsTmp->raw[2u];
 223:Generated_Source\PSoC4/CapSense_1_Tuner.c ****             #endif
 224:Generated_Source\PSoC4/CapSense_1_Tuner.c **** 
ARM GAS  C:\Users\Mayur\AppData\Local\Temp\cczOkckb.s 			page 10


 225:Generated_Source\PSoC4/CapSense_1_Tuner.c ****             CyExitCriticalSection(interruptState);
 286              		.loc 1 225 0
 287 00fa FFF7FEFF 		bl	CyExitCriticalSection
 288              	.LVL30:
 289              	.L17:
 226:Generated_Source\PSoC4/CapSense_1_Tuner.c ****         }
 227:Generated_Source\PSoC4/CapSense_1_Tuner.c ****     }
 228:Generated_Source\PSoC4/CapSense_1_Tuner.c ****     return tunerStatus;
 229:Generated_Source\PSoC4/CapSense_1_Tuner.c **** }
 290              		.loc 1 229 0
 291 00fe 2800     		movs	r0, r5
 292              		@ sp needed
 293              	.LVL31:
 294              	.LVL32:
 295 0100 70BD     		pop	{r4, r5, r6, pc}
 296              	.L19:
 297 0102 C046     		.align	2
 298              	.L18:
 299 0104 00000000 		.word	.LANCHOR0
 300 0108 00000000 		.word	CapSense_1_dsRam
 301 010c 00000000 		.word	.L8
 302 0110 0080FFFF 		.word	-32768
 303 0114 00000000 		.word	CapSense_1_dsFlash
 304              		.cfi_endproc
 305              	.LFE1:
 306              		.size	CapSense_1_RunTuner, .-CapSense_1_RunTuner
 307              		.bss
 308              		.align	2
 309              		.set	.LANCHOR0,. + 0
 310              		.type	tunerFsm, %object
 311              		.size	tunerFsm, 4
 312              	tunerFsm:
 313 0000 00000000 		.space	4
 314              		.text
 315              	.Letext0:
 316              		.file 2 "Generated_Source\\PSoC4\\cytypes.h"
 317              		.file 3 "Generated_Source\\PSoC4\\CapSense_1_Configuration.h"
 318              		.file 4 "Generated_Source\\PSoC4\\CapSense_1_SmartSense_LL.h"
 319              		.file 5 "Generated_Source\\PSoC4\\CapSense_1_Structure.h"
 320              		.file 6 "Generated_Source\\PSoC4\\CapSense_1_Tuner.h"
 321              		.file 7 "Generated_Source\\PSoC4\\CyLib.h"
 322              		.file 8 "Generated_Source\\PSoC4\\CapSense_1_Control.h"
 323              		.section	.debug_info,"",%progbits
 324              	.Ldebug_info0:
 325 0000 13070000 		.4byte	0x713
 326 0004 0400     		.2byte	0x4
 327 0006 00000000 		.4byte	.Ldebug_abbrev0
 328 000a 04       		.byte	0x4
 329 000b 01       		.uleb128 0x1
 330 000c 86010000 		.4byte	.LASF109
 331 0010 0C       		.byte	0xc
 332 0011 0F050000 		.4byte	.LASF110
 333 0015 AC020000 		.4byte	.LASF111
 334 0019 00000000 		.4byte	.Ldebug_ranges0+0
 335 001d 00000000 		.4byte	0
 336 0021 00000000 		.4byte	.Ldebug_line0
 337 0025 02       		.uleb128 0x2
ARM GAS  C:\Users\Mayur\AppData\Local\Temp\cczOkckb.s 			page 11


 338 0026 01       		.byte	0x1
 339 0027 06       		.byte	0x6
 340 0028 D6030000 		.4byte	.LASF0
 341 002c 02       		.uleb128 0x2
 342 002d 01       		.byte	0x1
 343 002e 08       		.byte	0x8
 344 002f AB030000 		.4byte	.LASF1
 345 0033 02       		.uleb128 0x2
 346 0034 02       		.byte	0x2
 347 0035 05       		.byte	0x5
 348 0036 7E000000 		.4byte	.LASF2
 349 003a 02       		.uleb128 0x2
 350 003b 02       		.byte	0x2
 351 003c 07       		.byte	0x7
 352 003d 6F040000 		.4byte	.LASF3
 353 0041 02       		.uleb128 0x2
 354 0042 04       		.byte	0x4
 355 0043 05       		.byte	0x5
 356 0044 64060000 		.4byte	.LASF4
 357 0048 02       		.uleb128 0x2
 358 0049 04       		.byte	0x4
 359 004a 07       		.byte	0x7
 360 004b 4B040000 		.4byte	.LASF5
 361 004f 02       		.uleb128 0x2
 362 0050 08       		.byte	0x8
 363 0051 05       		.byte	0x5
 364 0052 12010000 		.4byte	.LASF6
 365 0056 02       		.uleb128 0x2
 366 0057 08       		.byte	0x8
 367 0058 07       		.byte	0x7
 368 0059 FF030000 		.4byte	.LASF7
 369 005d 03       		.uleb128 0x3
 370 005e 04       		.byte	0x4
 371 005f 05       		.byte	0x5
 372 0060 696E7400 		.ascii	"int\000"
 373 0064 02       		.uleb128 0x2
 374 0065 04       		.byte	0x4
 375 0066 07       		.byte	0x7
 376 0067 3E040000 		.4byte	.LASF8
 377 006b 04       		.uleb128 0x4
 378 006c 37020000 		.4byte	.LASF9
 379 0070 02       		.byte	0x2
 380 0071 E401     		.2byte	0x1e4
 381 0073 2C000000 		.4byte	0x2c
 382 0077 04       		.uleb128 0x4
 383 0078 7F010000 		.4byte	.LASF10
 384 007c 02       		.byte	0x2
 385 007d E501     		.2byte	0x1e5
 386 007f 3A000000 		.4byte	0x3a
 387 0083 04       		.uleb128 0x4
 388 0084 64050000 		.4byte	.LASF11
 389 0088 02       		.byte	0x2
 390 0089 E601     		.2byte	0x1e6
 391 008b 48000000 		.4byte	0x48
 392 008f 02       		.uleb128 0x2
 393 0090 04       		.byte	0x4
 394 0091 04       		.byte	0x4
ARM GAS  C:\Users\Mayur\AppData\Local\Temp\cczOkckb.s 			page 12


 395 0092 78020000 		.4byte	.LASF12
 396 0096 02       		.uleb128 0x2
 397 0097 08       		.byte	0x8
 398 0098 04       		.byte	0x4
 399 0099 74050000 		.4byte	.LASF13
 400 009d 02       		.uleb128 0x2
 401 009e 01       		.byte	0x1
 402 009f 08       		.byte	0x8
 403 00a0 A7020000 		.4byte	.LASF14
 404 00a4 05       		.uleb128 0x5
 405 00a5 83000000 		.4byte	0x83
 406 00a9 02       		.uleb128 0x2
 407 00aa 08       		.byte	0x8
 408 00ab 04       		.byte	0x4
 409 00ac 74030000 		.4byte	.LASF15
 410 00b0 02       		.uleb128 0x2
 411 00b1 04       		.byte	0x4
 412 00b2 07       		.byte	0x7
 413 00b3 A4000000 		.4byte	.LASF16
 414 00b7 06       		.uleb128 0x6
 415 00b8 04       		.byte	0x4
 416 00b9 04       		.uleb128 0x4
 417 00ba 27000000 		.4byte	.LASF17
 418 00be 03       		.byte	0x3
 419 00bf 3901     		.2byte	0x139
 420 00c1 77000000 		.4byte	0x77
 421 00c5 04       		.uleb128 0x4
 422 00c6 E2030000 		.4byte	.LASF18
 423 00ca 03       		.byte	0x3
 424 00cb 3D01     		.2byte	0x13d
 425 00cd 6B000000 		.4byte	0x6b
 426 00d1 07       		.uleb128 0x7
 427 00d2 0C       		.byte	0xc
 428 00d3 04       		.byte	0x4
 429 00d4 6E       		.byte	0x6e
 430 00d5 2E010000 		.4byte	0x12e
 431 00d9 08       		.uleb128 0x8
 432 00da 20010000 		.4byte	.LASF19
 433 00de 04       		.byte	0x4
 434 00df 73       		.byte	0x73
 435 00e0 77000000 		.4byte	0x77
 436 00e4 00       		.byte	0
 437 00e5 08       		.uleb128 0x8
 438 00e6 68040000 		.4byte	.LASF20
 439 00ea 04       		.byte	0x4
 440 00eb 77       		.byte	0x77
 441 00ec 77000000 		.4byte	0x77
 442 00f0 02       		.byte	0x2
 443 00f1 08       		.uleb128 0x8
 444 00f2 34010000 		.4byte	.LASF21
 445 00f6 04       		.byte	0x4
 446 00f7 7B       		.byte	0x7b
 447 00f8 77000000 		.4byte	0x77
 448 00fc 04       		.byte	0x4
 449 00fd 08       		.uleb128 0x8
 450 00fe 3B010000 		.4byte	.LASF22
 451 0102 04       		.byte	0x4
ARM GAS  C:\Users\Mayur\AppData\Local\Temp\cczOkckb.s 			page 13


 452 0103 7F       		.byte	0x7f
 453 0104 77000000 		.4byte	0x77
 454 0108 06       		.byte	0x6
 455 0109 08       		.uleb128 0x8
 456 010a 42010000 		.4byte	.LASF23
 457 010e 04       		.byte	0x4
 458 010f 83       		.byte	0x83
 459 0110 77000000 		.4byte	0x77
 460 0114 08       		.byte	0x8
 461 0115 08       		.uleb128 0x8
 462 0116 49010000 		.4byte	.LASF24
 463 011a 04       		.byte	0x4
 464 011b 87       		.byte	0x87
 465 011c 6B000000 		.4byte	0x6b
 466 0120 0A       		.byte	0xa
 467 0121 08       		.uleb128 0x8
 468 0122 50010000 		.4byte	.LASF25
 469 0126 04       		.byte	0x4
 470 0127 8B       		.byte	0x8b
 471 0128 6B000000 		.4byte	0x6b
 472 012c 0B       		.byte	0xb
 473 012d 00       		.byte	0
 474 012e 09       		.uleb128 0x9
 475 012f 6D060000 		.4byte	.LASF26
 476 0133 04       		.byte	0x4
 477 0134 8C       		.byte	0x8c
 478 0135 D1000000 		.4byte	0xd1
 479 0139 0A       		.uleb128 0xa
 480 013a 6B000000 		.4byte	0x6b
 481 013e 49010000 		.4byte	0x149
 482 0142 0B       		.uleb128 0xb
 483 0143 B0000000 		.4byte	0xb0
 484 0147 00       		.byte	0
 485 0148 00       		.byte	0
 486 0149 07       		.uleb128 0x7
 487 014a 12       		.byte	0x12
 488 014b 05       		.byte	0x5
 489 014c DA       		.byte	0xda
 490 014d E8010000 		.4byte	0x1e8
 491 0151 08       		.uleb128 0x8
 492 0152 AD000000 		.4byte	.LASF27
 493 0156 05       		.byte	0x5
 494 0157 DF       		.byte	0xdf
 495 0158 77000000 		.4byte	0x77
 496 015c 00       		.byte	0
 497 015d 08       		.uleb128 0x8
 498 015e 10030000 		.4byte	.LASF28
 499 0162 05       		.byte	0x5
 500 0163 E4       		.byte	0xe4
 501 0164 B9000000 		.4byte	0xb9
 502 0168 02       		.byte	0x2
 503 0169 08       		.uleb128 0x8
 504 016a 6E010000 		.4byte	.LASF29
 505 016e 05       		.byte	0x5
 506 016f E9       		.byte	0xe9
 507 0170 6B000000 		.4byte	0x6b
 508 0174 04       		.byte	0x4
ARM GAS  C:\Users\Mayur\AppData\Local\Temp\cczOkckb.s 			page 14


 509 0175 08       		.uleb128 0x8
 510 0176 45050000 		.4byte	.LASF30
 511 017a 05       		.byte	0x5
 512 017b EE       		.byte	0xee
 513 017c 6B000000 		.4byte	0x6b
 514 0180 05       		.byte	0x5
 515 0181 08       		.uleb128 0x8
 516 0182 60030000 		.4byte	.LASF31
 517 0186 05       		.byte	0x5
 518 0187 F4       		.byte	0xf4
 519 0188 6B000000 		.4byte	0x6b
 520 018c 06       		.byte	0x6
 521 018d 08       		.uleb128 0x8
 522 018e 99000000 		.4byte	.LASF32
 523 0192 05       		.byte	0x5
 524 0193 FA       		.byte	0xfa
 525 0194 6B000000 		.4byte	0x6b
 526 0198 07       		.byte	0x7
 527 0199 0C       		.uleb128 0xc
 528 019a 49000000 		.4byte	.LASF33
 529 019e 05       		.byte	0x5
 530 019f 0101     		.2byte	0x101
 531 01a1 C5000000 		.4byte	0xc5
 532 01a5 08       		.byte	0x8
 533 01a6 0C       		.uleb128 0xc
 534 01a7 76000000 		.4byte	.LASF34
 535 01ab 05       		.byte	0x5
 536 01ac 0801     		.2byte	0x108
 537 01ae 39010000 		.4byte	0x139
 538 01b2 09       		.byte	0x9
 539 01b3 0C       		.uleb128 0xc
 540 01b4 68020000 		.4byte	.LASF35
 541 01b8 05       		.byte	0x5
 542 01b9 1001     		.2byte	0x110
 543 01bb 77000000 		.4byte	0x77
 544 01bf 0A       		.byte	0xa
 545 01c0 0C       		.uleb128 0xc
 546 01c1 27010000 		.4byte	.LASF36
 547 01c5 05       		.byte	0x5
 548 01c6 1501     		.2byte	0x115
 549 01c8 6B000000 		.4byte	0x6b
 550 01cc 0C       		.byte	0xc
 551 01cd 0C       		.uleb128 0xc
 552 01ce 15060000 		.4byte	.LASF37
 553 01d2 05       		.byte	0x5
 554 01d3 1B01     		.2byte	0x11b
 555 01d5 77000000 		.4byte	0x77
 556 01d9 0E       		.byte	0xe
 557 01da 0C       		.uleb128 0xc
 558 01db 5D050000 		.4byte	.LASF38
 559 01df 05       		.byte	0x5
 560 01e0 2001     		.2byte	0x120
 561 01e2 77000000 		.4byte	0x77
 562 01e6 10       		.byte	0x10
 563 01e7 00       		.byte	0
 564 01e8 04       		.uleb128 0x4
 565 01e9 E7020000 		.4byte	.LASF39
ARM GAS  C:\Users\Mayur\AppData\Local\Temp\cczOkckb.s 			page 15


 566 01ed 05       		.byte	0x5
 567 01ee 2101     		.2byte	0x121
 568 01f0 49010000 		.4byte	0x149
 569 01f4 0D       		.uleb128 0xd
 570 01f5 90       		.byte	0x90
 571 01f6 05       		.byte	0x5
 572 01f7 2701     		.2byte	0x127
 573 01f9 66020000 		.4byte	0x266
 574 01fd 0C       		.uleb128 0xc
 575 01fe 58030000 		.4byte	.LASF40
 576 0202 05       		.byte	0x5
 577 0203 2C01     		.2byte	0x12c
 578 0205 E8010000 		.4byte	0x1e8
 579 0209 00       		.byte	0
 580 020a 0C       		.uleb128 0xc
 581 020b CB050000 		.4byte	.LASF41
 582 020f 05       		.byte	0x5
 583 0210 3101     		.2byte	0x131
 584 0212 E8010000 		.4byte	0x1e8
 585 0216 12       		.byte	0x12
 586 0217 0C       		.uleb128 0xc
 587 0218 D3050000 		.4byte	.LASF42
 588 021c 05       		.byte	0x5
 589 021d 3601     		.2byte	0x136
 590 021f E8010000 		.4byte	0x1e8
 591 0223 24       		.byte	0x24
 592 0224 0C       		.uleb128 0xc
 593 0225 DB050000 		.4byte	.LASF43
 594 0229 05       		.byte	0x5
 595 022a 3B01     		.2byte	0x13b
 596 022c E8010000 		.4byte	0x1e8
 597 0230 36       		.byte	0x36
 598 0231 0C       		.uleb128 0xc
 599 0232 EB050000 		.4byte	.LASF44
 600 0236 05       		.byte	0x5
 601 0237 4001     		.2byte	0x140
 602 0239 E8010000 		.4byte	0x1e8
 603 023d 48       		.byte	0x48
 604 023e 0C       		.uleb128 0xc
 605 023f A3030000 		.4byte	.LASF45
 606 0243 05       		.byte	0x5
 607 0244 4501     		.2byte	0x145
 608 0246 E8010000 		.4byte	0x1e8
 609 024a 5A       		.byte	0x5a
 610 024b 0C       		.uleb128 0xc
 611 024c E3050000 		.4byte	.LASF46
 612 0250 05       		.byte	0x5
 613 0251 4A01     		.2byte	0x14a
 614 0253 E8010000 		.4byte	0x1e8
 615 0257 6C       		.byte	0x6c
 616 0258 0C       		.uleb128 0xc
 617 0259 03060000 		.4byte	.LASF47
 618 025d 05       		.byte	0x5
 619 025e 4F01     		.2byte	0x14f
 620 0260 E8010000 		.4byte	0x1e8
 621 0264 7E       		.byte	0x7e
 622 0265 00       		.byte	0
ARM GAS  C:\Users\Mayur\AppData\Local\Temp\cczOkckb.s 			page 16


 623 0266 04       		.uleb128 0x4
 624 0267 36060000 		.4byte	.LASF48
 625 026b 05       		.byte	0x5
 626 026c 5001     		.2byte	0x150
 627 026e F4010000 		.4byte	0x1f4
 628 0272 0D       		.uleb128 0xd
 629 0273 0A       		.byte	0xa
 630 0274 05       		.byte	0x5
 631 0275 5601     		.2byte	0x156
 632 0277 CA020000 		.4byte	0x2ca
 633 027b 0E       		.uleb128 0xe
 634 027c 72617700 		.ascii	"raw\000"
 635 0280 05       		.byte	0x5
 636 0281 5B01     		.2byte	0x15b
 637 0283 CA020000 		.4byte	0x2ca
 638 0287 00       		.byte	0
 639 0288 0C       		.uleb128 0xc
 640 0289 19000000 		.4byte	.LASF49
 641 028d 05       		.byte	0x5
 642 028e 6001     		.2byte	0x160
 643 0290 CA020000 		.4byte	0x2ca
 644 0294 02       		.byte	0x2
 645 0295 0C       		.uleb128 0xc
 646 0296 7B050000 		.4byte	.LASF50
 647 029a 05       		.byte	0x5
 648 029b 6601     		.2byte	0x166
 649 029d 39010000 		.4byte	0x139
 650 02a1 04       		.byte	0x4
 651 02a2 0C       		.uleb128 0xc
 652 02a3 BB060000 		.4byte	.LASF51
 653 02a7 05       		.byte	0x5
 654 02a8 6B01     		.2byte	0x16b
 655 02aa B9000000 		.4byte	0xb9
 656 02ae 06       		.byte	0x6
 657 02af 0C       		.uleb128 0xc
 658 02b0 8C050000 		.4byte	.LASF52
 659 02b4 05       		.byte	0x5
 660 02b5 7001     		.2byte	0x170
 661 02b7 DA020000 		.4byte	0x2da
 662 02bb 08       		.byte	0x8
 663 02bc 0C       		.uleb128 0xc
 664 02bd FE000000 		.4byte	.LASF53
 665 02c1 05       		.byte	0x5
 666 02c2 7501     		.2byte	0x175
 667 02c4 39010000 		.4byte	0x139
 668 02c8 09       		.byte	0x9
 669 02c9 00       		.byte	0
 670 02ca 0A       		.uleb128 0xa
 671 02cb 77000000 		.4byte	0x77
 672 02cf DA020000 		.4byte	0x2da
 673 02d3 0B       		.uleb128 0xb
 674 02d4 B0000000 		.4byte	0xb0
 675 02d8 00       		.byte	0
 676 02d9 00       		.byte	0
 677 02da 0A       		.uleb128 0xa
 678 02db C5000000 		.4byte	0xc5
 679 02df EA020000 		.4byte	0x2ea
ARM GAS  C:\Users\Mayur\AppData\Local\Temp\cczOkckb.s 			page 17


 680 02e3 0B       		.uleb128 0xb
 681 02e4 B0000000 		.4byte	0xb0
 682 02e8 00       		.byte	0
 683 02e9 00       		.byte	0
 684 02ea 04       		.uleb128 0x4
 685 02eb 3D020000 		.4byte	.LASF54
 686 02ef 05       		.byte	0x5
 687 02f0 7601     		.2byte	0x176
 688 02f2 72020000 		.4byte	0x272
 689 02f6 0D       		.uleb128 0xd
 690 02f7 50       		.byte	0x50
 691 02f8 05       		.byte	0x5
 692 02f9 7C01     		.2byte	0x17c
 693 02fb 68030000 		.4byte	0x368
 694 02ff 0C       		.uleb128 0xc
 695 0300 58030000 		.4byte	.LASF40
 696 0304 05       		.byte	0x5
 697 0305 8101     		.2byte	0x181
 698 0307 68030000 		.4byte	0x368
 699 030b 00       		.byte	0
 700 030c 0C       		.uleb128 0xc
 701 030d CB050000 		.4byte	.LASF41
 702 0311 05       		.byte	0x5
 703 0312 8601     		.2byte	0x186
 704 0314 68030000 		.4byte	0x368
 705 0318 0A       		.byte	0xa
 706 0319 0C       		.uleb128 0xc
 707 031a D3050000 		.4byte	.LASF42
 708 031e 05       		.byte	0x5
 709 031f 8B01     		.2byte	0x18b
 710 0321 68030000 		.4byte	0x368
 711 0325 14       		.byte	0x14
 712 0326 0C       		.uleb128 0xc
 713 0327 DB050000 		.4byte	.LASF43
 714 032b 05       		.byte	0x5
 715 032c 9001     		.2byte	0x190
 716 032e 68030000 		.4byte	0x368
 717 0332 1E       		.byte	0x1e
 718 0333 0C       		.uleb128 0xc
 719 0334 EB050000 		.4byte	.LASF44
 720 0338 05       		.byte	0x5
 721 0339 9501     		.2byte	0x195
 722 033b 68030000 		.4byte	0x368
 723 033f 28       		.byte	0x28
 724 0340 0C       		.uleb128 0xc
 725 0341 A3030000 		.4byte	.LASF45
 726 0345 05       		.byte	0x5
 727 0346 9A01     		.2byte	0x19a
 728 0348 68030000 		.4byte	0x368
 729 034c 32       		.byte	0x32
 730 034d 0C       		.uleb128 0xc
 731 034e E3050000 		.4byte	.LASF46
 732 0352 05       		.byte	0x5
 733 0353 9F01     		.2byte	0x19f
 734 0355 68030000 		.4byte	0x368
 735 0359 3C       		.byte	0x3c
 736 035a 0C       		.uleb128 0xc
ARM GAS  C:\Users\Mayur\AppData\Local\Temp\cczOkckb.s 			page 18


 737 035b 03060000 		.4byte	.LASF47
 738 035f 05       		.byte	0x5
 739 0360 A401     		.2byte	0x1a4
 740 0362 68030000 		.4byte	0x368
 741 0366 46       		.byte	0x46
 742 0367 00       		.byte	0
 743 0368 0A       		.uleb128 0xa
 744 0369 EA020000 		.4byte	0x2ea
 745 036d 78030000 		.4byte	0x378
 746 0371 0B       		.uleb128 0xb
 747 0372 B0000000 		.4byte	0xb0
 748 0376 00       		.byte	0
 749 0377 00       		.byte	0
 750 0378 04       		.uleb128 0x4
 751 0379 39030000 		.4byte	.LASF55
 752 037d 05       		.byte	0x5
 753 037e A501     		.2byte	0x1a5
 754 0380 F6020000 		.4byte	0x2f6
 755 0384 0F       		.uleb128 0xf
 756 0385 0C01     		.2byte	0x10c
 757 0387 05       		.byte	0x5
 758 0388 AB01     		.2byte	0x1ab
 759 038a 70040000 		.4byte	0x470
 760 038e 0C       		.uleb128 0xc
 761 038f D4000000 		.4byte	.LASF56
 762 0393 05       		.byte	0x5
 763 0394 B201     		.2byte	0x1b2
 764 0396 77000000 		.4byte	0x77
 765 039a 00       		.byte	0
 766 039b 0C       		.uleb128 0xc
 767 039c 76010000 		.4byte	.LASF57
 768 03a0 05       		.byte	0x5
 769 03a1 B701     		.2byte	0x1b7
 770 03a3 77000000 		.4byte	0x77
 771 03a7 02       		.byte	0x2
 772 03a8 0C       		.uleb128 0xc
 773 03a9 89040000 		.4byte	.LASF58
 774 03ad 05       		.byte	0x5
 775 03ae BC01     		.2byte	0x1bc
 776 03b0 77000000 		.4byte	0x77
 777 03b4 04       		.byte	0x4
 778 03b5 0C       		.uleb128 0xc
 779 03b6 6B030000 		.4byte	.LASF59
 780 03ba 05       		.byte	0x5
 781 03bb C201     		.2byte	0x1c2
 782 03bd 77000000 		.4byte	0x77
 783 03c1 06       		.byte	0x6
 784 03c2 0C       		.uleb128 0xc
 785 03c3 39050000 		.4byte	.LASF60
 786 03c7 05       		.byte	0x5
 787 03c8 C701     		.2byte	0x1c7
 788 03ca 77000000 		.4byte	0x77
 789 03ce 08       		.byte	0x8
 790 03cf 0C       		.uleb128 0xc
 791 03d0 82040000 		.4byte	.LASF61
 792 03d4 05       		.byte	0x5
 793 03d5 CC01     		.2byte	0x1cc
ARM GAS  C:\Users\Mayur\AppData\Local\Temp\cczOkckb.s 			page 19


 794 03d7 A4000000 		.4byte	0xa4
 795 03db 0C       		.byte	0xc
 796 03dc 0C       		.uleb128 0xc
 797 03dd 5D040000 		.4byte	.LASF62
 798 03e1 05       		.byte	0x5
 799 03e2 D201     		.2byte	0x1d2
 800 03e4 70040000 		.4byte	0x470
 801 03e8 10       		.byte	0x10
 802 03e9 0C       		.uleb128 0xc
 803 03ea 92060000 		.4byte	.LASF63
 804 03ee 05       		.byte	0x5
 805 03ef D901     		.2byte	0x1d9
 806 03f1 70040000 		.4byte	0x470
 807 03f5 14       		.byte	0x14
 808 03f6 0C       		.uleb128 0xc
 809 03f7 A9060000 		.4byte	.LASF64
 810 03fb 05       		.byte	0x5
 811 03fc E901     		.2byte	0x1e9
 812 03fe 80040000 		.4byte	0x480
 813 0402 18       		.byte	0x18
 814 0403 0C       		.uleb128 0xc
 815 0404 07010000 		.4byte	.LASF65
 816 0408 05       		.byte	0x5
 817 0409 EF01     		.2byte	0x1ef
 818 040b 77000000 		.4byte	0x77
 819 040f 20       		.byte	0x20
 820 0410 0C       		.uleb128 0xc
 821 0411 A4040000 		.4byte	.LASF66
 822 0415 05       		.byte	0x5
 823 0416 F401     		.2byte	0x1f4
 824 0418 6B000000 		.4byte	0x6b
 825 041c 22       		.byte	0x22
 826 041d 0C       		.uleb128 0xc
 827 041e 00000000 		.4byte	.LASF67
 828 0422 05       		.byte	0x5
 829 0423 F901     		.2byte	0x1f9
 830 0425 66020000 		.4byte	0x266
 831 0429 24       		.byte	0x24
 832 042a 0C       		.uleb128 0xc
 833 042b FA040000 		.4byte	.LASF68
 834 042f 05       		.byte	0x5
 835 0430 FE01     		.2byte	0x1fe
 836 0432 78030000 		.4byte	0x378
 837 0436 B4       		.byte	0xb4
 838 0437 10       		.uleb128 0x10
 839 0438 54060000 		.4byte	.LASF69
 840 043c 05       		.byte	0x5
 841 043d 0302     		.2byte	0x203
 842 043f 6B000000 		.4byte	0x6b
 843 0443 0401     		.2byte	0x104
 844 0445 10       		.uleb128 0x10
 845 0446 97020000 		.4byte	.LASF70
 846 044a 05       		.byte	0x5
 847 044b 0802     		.2byte	0x208
 848 044d 6B000000 		.4byte	0x6b
 849 0451 0501     		.2byte	0x105
 850 0453 10       		.uleb128 0x10
ARM GAS  C:\Users\Mayur\AppData\Local\Temp\cczOkckb.s 			page 20


 851 0454 91040000 		.4byte	.LASF71
 852 0458 05       		.byte	0x5
 853 0459 0D02     		.2byte	0x20d
 854 045b 77000000 		.4byte	0x77
 855 045f 0601     		.2byte	0x106
 856 0461 10       		.uleb128 0x10
 857 0462 09000000 		.4byte	.LASF72
 858 0466 05       		.byte	0x5
 859 0467 1202     		.2byte	0x212
 860 0469 CA020000 		.4byte	0x2ca
 861 046d 0801     		.2byte	0x108
 862 046f 00       		.byte	0
 863 0470 0A       		.uleb128 0xa
 864 0471 83000000 		.4byte	0x83
 865 0475 80040000 		.4byte	0x480
 866 0479 0B       		.uleb128 0xb
 867 047a B0000000 		.4byte	0xb0
 868 047e 00       		.byte	0
 869 047f 00       		.byte	0
 870 0480 0A       		.uleb128 0xa
 871 0481 6B000000 		.4byte	0x6b
 872 0485 90040000 		.4byte	0x490
 873 0489 0B       		.uleb128 0xb
 874 048a B0000000 		.4byte	0xb0
 875 048e 07       		.byte	0x7
 876 048f 00       		.byte	0
 877 0490 04       		.uleb128 0x4
 878 0491 D1020000 		.4byte	.LASF73
 879 0495 05       		.byte	0x5
 880 0496 1302     		.2byte	0x213
 881 0498 84030000 		.4byte	0x384
 882 049c 0D       		.uleb128 0xd
 883 049d 20       		.byte	0x20
 884 049e 05       		.byte	0x5
 885 049f 7A02     		.2byte	0x27a
 886 04a1 28050000 		.4byte	0x528
 887 04a5 0C       		.uleb128 0xc
 888 04a6 02050000 		.4byte	.LASF74
 889 04aa 05       		.byte	0x5
 890 04ab 8302     		.2byte	0x283
 891 04ad 28050000 		.4byte	0x528
 892 04b1 00       		.byte	0
 893 04b2 0C       		.uleb128 0xc
 894 04b3 2D030000 		.4byte	.LASF75
 895 04b7 05       		.byte	0x5
 896 04b8 8A02     		.2byte	0x28a
 897 04ba B7000000 		.4byte	0xb7
 898 04be 04       		.byte	0x4
 899 04bf 0C       		.uleb128 0xc
 900 04c0 C0050000 		.4byte	.LASF76
 901 04c4 05       		.byte	0x5
 902 04c5 9002     		.2byte	0x290
 903 04c7 2F050000 		.4byte	0x52f
 904 04cb 08       		.byte	0x8
 905 04cc 0C       		.uleb128 0xc
 906 04cd F3050000 		.4byte	.LASF77
 907 04d1 05       		.byte	0x5
ARM GAS  C:\Users\Mayur\AppData\Local\Temp\cczOkckb.s 			page 21


 908 04d2 9602     		.2byte	0x296
 909 04d4 B7000000 		.4byte	0xb7
 910 04d8 0C       		.byte	0xc
 911 04d9 0C       		.uleb128 0xc
 912 04da 14020000 		.4byte	.LASF78
 913 04de 05       		.byte	0x5
 914 04df 9D02     		.2byte	0x29d
 915 04e1 35050000 		.4byte	0x535
 916 04e5 10       		.byte	0x10
 917 04e6 0C       		.uleb128 0xc
 918 04e7 31040000 		.4byte	.LASF79
 919 04eb 05       		.byte	0x5
 920 04ec A202     		.2byte	0x2a2
 921 04ee 83000000 		.4byte	0x83
 922 04f2 14       		.byte	0x14
 923 04f3 0C       		.uleb128 0xc
 924 04f4 6A000000 		.4byte	.LASF80
 925 04f8 05       		.byte	0x5
 926 04f9 A902     		.2byte	0x2a9
 927 04fb 77000000 		.4byte	0x77
 928 04ff 18       		.byte	0x18
 929 0500 0C       		.uleb128 0xc
 930 0501 07030000 		.4byte	.LASF81
 931 0505 05       		.byte	0x5
 932 0506 B002     		.2byte	0x2b0
 933 0508 6B000000 		.4byte	0x6b
 934 050c 1A       		.byte	0x1a
 935 050d 0C       		.uleb128 0xc
 936 050e 41000000 		.4byte	.LASF82
 937 0512 05       		.byte	0x5
 938 0513 BA02     		.2byte	0x2ba
 939 0515 6B000000 		.4byte	0x6b
 940 0519 1B       		.byte	0x1b
 941 051a 0C       		.uleb128 0xc
 942 051b C0060000 		.4byte	.LASF83
 943 051f 05       		.byte	0x5
 944 0520 C202     		.2byte	0x2c2
 945 0522 3B050000 		.4byte	0x53b
 946 0526 1C       		.byte	0x1c
 947 0527 00       		.byte	0
 948 0528 11       		.uleb128 0x11
 949 0529 04       		.byte	0x4
 950 052a 2E050000 		.4byte	0x52e
 951 052e 12       		.uleb128 0x12
 952 052f 11       		.uleb128 0x11
 953 0530 04       		.byte	0x4
 954 0531 EA020000 		.4byte	0x2ea
 955 0535 11       		.uleb128 0x11
 956 0536 04       		.byte	0x4
 957 0537 6B000000 		.4byte	0x6b
 958 053b 11       		.uleb128 0x11
 959 053c 04       		.byte	0x4
 960 053d 2E010000 		.4byte	0x12e
 961 0541 04       		.uleb128 0x4
 962 0542 A5050000 		.4byte	.LASF84
 963 0546 05       		.byte	0x5
 964 0547 C302     		.2byte	0x2c3
ARM GAS  C:\Users\Mayur\AppData\Local\Temp\cczOkckb.s 			page 22


 965 0549 9C040000 		.4byte	0x49c
 966 054d 0F       		.uleb128 0xf
 967 054e 0001     		.2byte	0x100
 968 0550 05       		.byte	0x5
 969 0551 C902     		.2byte	0x2c9
 970 0553 65050000 		.4byte	0x565
 971 0557 0C       		.uleb128 0xc
 972 0558 0B060000 		.4byte	.LASF85
 973 055c 05       		.byte	0x5
 974 055d CE02     		.2byte	0x2ce
 975 055f 65050000 		.4byte	0x565
 976 0563 00       		.byte	0
 977 0564 00       		.byte	0
 978 0565 0A       		.uleb128 0xa
 979 0566 41050000 		.4byte	0x541
 980 056a 75050000 		.4byte	0x575
 981 056e 0B       		.uleb128 0xb
 982 056f B0000000 		.4byte	0xb0
 983 0573 07       		.byte	0x7
 984 0574 00       		.byte	0
 985 0575 04       		.uleb128 0x4
 986 0576 AE040000 		.4byte	.LASF86
 987 057a 05       		.byte	0x5
 988 057b CF02     		.2byte	0x2cf
 989 057d 4D050000 		.4byte	0x54d
 990 0581 13       		.uleb128 0x13
 991 0582 01       		.byte	0x1
 992 0583 2C000000 		.4byte	0x2c
 993 0587 06       		.byte	0x6
 994 0588 2E       		.byte	0x2e
 995 0589 B8050000 		.4byte	0x5b8
 996 058d 14       		.uleb128 0x14
 997 058e 7E020000 		.4byte	.LASF87
 998 0592 00       		.byte	0
 999 0593 14       		.uleb128 0x14
 1000 0594 C6040000 		.4byte	.LASF88
 1001 0598 01       		.byte	0x1
 1002 0599 14       		.uleb128 0x14
 1003 059a 16040000 		.4byte	.LASF89
 1004 059e 02       		.byte	0x2
 1005 059f 14       		.uleb128 0x14
 1006 05a0 B8000000 		.4byte	.LASF90
 1007 05a4 03       		.byte	0x3
 1008 05a5 14       		.uleb128 0x14
 1009 05a6 DD000000 		.4byte	.LASF91
 1010 05aa 04       		.byte	0x4
 1011 05ab 14       		.uleb128 0x14
 1012 05ac 80030000 		.4byte	.LASF92
 1013 05b0 05       		.byte	0x5
 1014 05b1 14       		.uleb128 0x14
 1015 05b2 B9030000 		.4byte	.LASF93
 1016 05b6 06       		.byte	0x6
 1017 05b7 00       		.byte	0
 1018 05b8 09       		.uleb128 0x9
 1019 05b9 57010000 		.4byte	.LASF94
 1020 05bd 06       		.byte	0x6
 1021 05be 36       		.byte	0x36
ARM GAS  C:\Users\Mayur\AppData\Local\Temp\cczOkckb.s 			page 23


 1022 05bf 81050000 		.4byte	0x581
 1023 05c3 15       		.uleb128 0x15
 1024 05c4 E2040000 		.4byte	.LASF112
 1025 05c8 01       		.byte	0x1
 1026 05c9 44       		.byte	0x44
 1027 05ca 00000000 		.4byte	.LFB0
 1028 05ce 14000000 		.4byte	.LFE0-.LFB0
 1029 05d2 01       		.uleb128 0x1
 1030 05d3 9C       		.byte	0x9c
 1031 05d4 E4050000 		.4byte	0x5e4
 1032 05d8 16       		.uleb128 0x16
 1033 05d9 83050000 		.4byte	.LASF101
 1034 05dd 01       		.byte	0x1
 1035 05de 46       		.byte	0x46
 1036 05df E4050000 		.4byte	0x5e4
 1037 05e3 00       		.byte	0
 1038 05e4 11       		.uleb128 0x11
 1039 05e5 04       		.byte	0x4
 1040 05e6 EA050000 		.4byte	0x5ea
 1041 05ea 05       		.uleb128 0x5
 1042 05eb 90040000 		.4byte	0x490
 1043 05ef 17       		.uleb128 0x17
 1044 05f0 19030000 		.4byte	.LASF113
 1045 05f4 01       		.byte	0x1
 1046 05f5 73       		.byte	0x73
 1047 05f6 83000000 		.4byte	0x83
 1048 05fa 00000000 		.4byte	.LFB1
 1049 05fe 18010000 		.4byte	.LFE1-.LFB1
 1050 0602 01       		.uleb128 0x1
 1051 0603 9C       		.byte	0x9c
 1052 0604 BC060000 		.4byte	0x6bc
 1053 0608 18       		.uleb128 0x18
 1054 0609 4E050000 		.4byte	.LASF95
 1055 060d 01       		.byte	0x1
 1056 060e 75       		.byte	0x75
 1057 060f 6B000000 		.4byte	0x6b
 1058 0613 00000000 		.4byte	.LLST0
 1059 0617 18       		.uleb128 0x18
 1060 0618 6F020000 		.4byte	.LASF96
 1061 061c 01       		.byte	0x1
 1062 061d 76       		.byte	0x76
 1063 061e 83000000 		.4byte	0x83
 1064 0622 29000000 		.4byte	.LLST1
 1065 0626 18       		.uleb128 0x18
 1066 0627 1E000000 		.4byte	.LASF97
 1067 062b 01       		.byte	0x1
 1068 062c 77       		.byte	0x77
 1069 062d 83000000 		.4byte	0x83
 1070 0631 3C000000 		.4byte	.LLST2
 1071 0635 18       		.uleb128 0x18
 1072 0636 9A050000 		.4byte	.LASF98
 1073 063a 01       		.byte	0x1
 1074 063b 78       		.byte	0x78
 1075 063c 83000000 		.4byte	0x83
 1076 0640 4F000000 		.4byte	.LLST3
 1077 0644 18       		.uleb128 0x18
 1078 0645 B3060000 		.4byte	.LASF99
ARM GAS  C:\Users\Mayur\AppData\Local\Temp\cczOkckb.s 			page 24


 1079 0649 01       		.byte	0x1
 1080 064a 79       		.byte	0x79
 1081 064b B8050000 		.4byte	0x5b8
 1082 064f 0F010000 		.4byte	.LLST4
 1083 0653 18       		.uleb128 0x18
 1084 0654 9D060000 		.4byte	.LASF100
 1085 0658 01       		.byte	0x1
 1086 0659 7A       		.byte	0x7a
 1087 065a 83000000 		.4byte	0x83
 1088 065e 22010000 		.4byte	.LLST5
 1089 0662 16       		.uleb128 0x16
 1090 0663 83050000 		.4byte	.LASF101
 1091 0667 01       		.byte	0x1
 1092 0668 7C       		.byte	0x7c
 1093 0669 E4050000 		.4byte	0x5e4
 1094 066d 18       		.uleb128 0x18
 1095 066e 99030000 		.4byte	.LASF102
 1096 0672 01       		.byte	0x1
 1097 0673 7D       		.byte	0x7d
 1098 0674 BC060000 		.4byte	0x6bc
 1099 0678 63010000 		.4byte	.LLST6
 1100 067c 19       		.uleb128 0x19
 1101 067d 12000000 		.4byte	.LVL3
 1102 0681 F5060000 		.4byte	0x6f5
 1103 0685 19       		.uleb128 0x19
 1104 0686 1C000000 		.4byte	.LVL4
 1105 068a 00070000 		.4byte	0x700
 1106 068e 19       		.uleb128 0x19
 1107 068f 46000000 		.4byte	.LVL10
 1108 0693 0B070000 		.4byte	0x70b
 1109 0697 19       		.uleb128 0x19
 1110 0698 76000000 		.4byte	.LVL19
 1111 069c F5060000 		.4byte	0x6f5
 1112 06a0 19       		.uleb128 0x19
 1113 06a1 90000000 		.4byte	.LVL20
 1114 06a5 00070000 		.4byte	0x700
 1115 06a9 19       		.uleb128 0x19
 1116 06aa E6000000 		.4byte	.LVL29
 1117 06ae F5060000 		.4byte	0x6f5
 1118 06b2 19       		.uleb128 0x19
 1119 06b3 FE000000 		.4byte	.LVL30
 1120 06b7 00070000 		.4byte	0x700
 1121 06bb 00       		.byte	0
 1122 06bc 11       		.uleb128 0x11
 1123 06bd 04       		.byte	0x4
 1124 06be C2060000 		.4byte	0x6c2
 1125 06c2 05       		.uleb128 0x5
 1126 06c3 EA020000 		.4byte	0x2ea
 1127 06c7 1A       		.uleb128 0x1a
 1128 06c8 6B050000 		.4byte	.LASF103
 1129 06cc 01       		.byte	0x1
 1130 06cd 35       		.byte	0x35
 1131 06ce 83000000 		.4byte	0x83
 1132 06d2 05       		.uleb128 0x5
 1133 06d3 03       		.byte	0x3
 1134 06d4 00000000 		.4byte	tunerFsm
 1135 06d8 1B       		.uleb128 0x1b
ARM GAS  C:\Users\Mayur\AppData\Local\Temp\cczOkckb.s 			page 25


 1136 06d9 88000000 		.4byte	.LASF104
 1137 06dd 05       		.byte	0x5
 1138 06de 7104     		.2byte	0x471
 1139 06e0 90040000 		.4byte	0x490
 1140 06e4 1B       		.uleb128 0x1b
 1141 06e5 24020000 		.4byte	.LASF105
 1142 06e9 05       		.byte	0x5
 1143 06ea 7204     		.2byte	0x472
 1144 06ec F0060000 		.4byte	0x6f0
 1145 06f0 1C       		.uleb128 0x1c
 1146 06f1 75050000 		.4byte	0x575
 1147 06f5 1D       		.uleb128 0x1d
 1148 06f6 1F060000 		.4byte	.LASF106
 1149 06fa 1F060000 		.4byte	.LASF106
 1150 06fe 07       		.byte	0x7
 1151 06ff E5       		.byte	0xe5
 1152 0700 1D       		.uleb128 0x1d
 1153 0701 54000000 		.4byte	.LASF107
 1154 0705 54000000 		.4byte	.LASF107
 1155 0709 07       		.byte	0x7
 1156 070a E6       		.byte	0xe6
 1157 070b 1D       		.uleb128 0x1d
 1158 070c 57020000 		.4byte	.LASF108
 1159 0710 57020000 		.4byte	.LASF108
 1160 0714 08       		.byte	0x8
 1161 0715 3B       		.byte	0x3b
 1162 0716 00       		.byte	0
 1163              		.section	.debug_abbrev,"",%progbits
 1164              	.Ldebug_abbrev0:
 1165 0000 01       		.uleb128 0x1
 1166 0001 11       		.uleb128 0x11
 1167 0002 01       		.byte	0x1
 1168 0003 25       		.uleb128 0x25
 1169 0004 0E       		.uleb128 0xe
 1170 0005 13       		.uleb128 0x13
 1171 0006 0B       		.uleb128 0xb
 1172 0007 03       		.uleb128 0x3
 1173 0008 0E       		.uleb128 0xe
 1174 0009 1B       		.uleb128 0x1b
 1175 000a 0E       		.uleb128 0xe
 1176 000b 55       		.uleb128 0x55
 1177 000c 17       		.uleb128 0x17
 1178 000d 11       		.uleb128 0x11
 1179 000e 01       		.uleb128 0x1
 1180 000f 10       		.uleb128 0x10
 1181 0010 17       		.uleb128 0x17
 1182 0011 00       		.byte	0
 1183 0012 00       		.byte	0
 1184 0013 02       		.uleb128 0x2
 1185 0014 24       		.uleb128 0x24
 1186 0015 00       		.byte	0
 1187 0016 0B       		.uleb128 0xb
 1188 0017 0B       		.uleb128 0xb
 1189 0018 3E       		.uleb128 0x3e
 1190 0019 0B       		.uleb128 0xb
 1191 001a 03       		.uleb128 0x3
 1192 001b 0E       		.uleb128 0xe
ARM GAS  C:\Users\Mayur\AppData\Local\Temp\cczOkckb.s 			page 26


 1193 001c 00       		.byte	0
 1194 001d 00       		.byte	0
 1195 001e 03       		.uleb128 0x3
 1196 001f 24       		.uleb128 0x24
 1197 0020 00       		.byte	0
 1198 0021 0B       		.uleb128 0xb
 1199 0022 0B       		.uleb128 0xb
 1200 0023 3E       		.uleb128 0x3e
 1201 0024 0B       		.uleb128 0xb
 1202 0025 03       		.uleb128 0x3
 1203 0026 08       		.uleb128 0x8
 1204 0027 00       		.byte	0
 1205 0028 00       		.byte	0
 1206 0029 04       		.uleb128 0x4
 1207 002a 16       		.uleb128 0x16
 1208 002b 00       		.byte	0
 1209 002c 03       		.uleb128 0x3
 1210 002d 0E       		.uleb128 0xe
 1211 002e 3A       		.uleb128 0x3a
 1212 002f 0B       		.uleb128 0xb
 1213 0030 3B       		.uleb128 0x3b
 1214 0031 05       		.uleb128 0x5
 1215 0032 49       		.uleb128 0x49
 1216 0033 13       		.uleb128 0x13
 1217 0034 00       		.byte	0
 1218 0035 00       		.byte	0
 1219 0036 05       		.uleb128 0x5
 1220 0037 35       		.uleb128 0x35
 1221 0038 00       		.byte	0
 1222 0039 49       		.uleb128 0x49
 1223 003a 13       		.uleb128 0x13
 1224 003b 00       		.byte	0
 1225 003c 00       		.byte	0
 1226 003d 06       		.uleb128 0x6
 1227 003e 0F       		.uleb128 0xf
 1228 003f 00       		.byte	0
 1229 0040 0B       		.uleb128 0xb
 1230 0041 0B       		.uleb128 0xb
 1231 0042 00       		.byte	0
 1232 0043 00       		.byte	0
 1233 0044 07       		.uleb128 0x7
 1234 0045 13       		.uleb128 0x13
 1235 0046 01       		.byte	0x1
 1236 0047 0B       		.uleb128 0xb
 1237 0048 0B       		.uleb128 0xb
 1238 0049 3A       		.uleb128 0x3a
 1239 004a 0B       		.uleb128 0xb
 1240 004b 3B       		.uleb128 0x3b
 1241 004c 0B       		.uleb128 0xb
 1242 004d 01       		.uleb128 0x1
 1243 004e 13       		.uleb128 0x13
 1244 004f 00       		.byte	0
 1245 0050 00       		.byte	0
 1246 0051 08       		.uleb128 0x8
 1247 0052 0D       		.uleb128 0xd
 1248 0053 00       		.byte	0
 1249 0054 03       		.uleb128 0x3
ARM GAS  C:\Users\Mayur\AppData\Local\Temp\cczOkckb.s 			page 27


 1250 0055 0E       		.uleb128 0xe
 1251 0056 3A       		.uleb128 0x3a
 1252 0057 0B       		.uleb128 0xb
 1253 0058 3B       		.uleb128 0x3b
 1254 0059 0B       		.uleb128 0xb
 1255 005a 49       		.uleb128 0x49
 1256 005b 13       		.uleb128 0x13
 1257 005c 38       		.uleb128 0x38
 1258 005d 0B       		.uleb128 0xb
 1259 005e 00       		.byte	0
 1260 005f 00       		.byte	0
 1261 0060 09       		.uleb128 0x9
 1262 0061 16       		.uleb128 0x16
 1263 0062 00       		.byte	0
 1264 0063 03       		.uleb128 0x3
 1265 0064 0E       		.uleb128 0xe
 1266 0065 3A       		.uleb128 0x3a
 1267 0066 0B       		.uleb128 0xb
 1268 0067 3B       		.uleb128 0x3b
 1269 0068 0B       		.uleb128 0xb
 1270 0069 49       		.uleb128 0x49
 1271 006a 13       		.uleb128 0x13
 1272 006b 00       		.byte	0
 1273 006c 00       		.byte	0
 1274 006d 0A       		.uleb128 0xa
 1275 006e 01       		.uleb128 0x1
 1276 006f 01       		.byte	0x1
 1277 0070 49       		.uleb128 0x49
 1278 0071 13       		.uleb128 0x13
 1279 0072 01       		.uleb128 0x1
 1280 0073 13       		.uleb128 0x13
 1281 0074 00       		.byte	0
 1282 0075 00       		.byte	0
 1283 0076 0B       		.uleb128 0xb
 1284 0077 21       		.uleb128 0x21
 1285 0078 00       		.byte	0
 1286 0079 49       		.uleb128 0x49
 1287 007a 13       		.uleb128 0x13
 1288 007b 2F       		.uleb128 0x2f
 1289 007c 0B       		.uleb128 0xb
 1290 007d 00       		.byte	0
 1291 007e 00       		.byte	0
 1292 007f 0C       		.uleb128 0xc
 1293 0080 0D       		.uleb128 0xd
 1294 0081 00       		.byte	0
 1295 0082 03       		.uleb128 0x3
 1296 0083 0E       		.uleb128 0xe
 1297 0084 3A       		.uleb128 0x3a
 1298 0085 0B       		.uleb128 0xb
 1299 0086 3B       		.uleb128 0x3b
 1300 0087 05       		.uleb128 0x5
 1301 0088 49       		.uleb128 0x49
 1302 0089 13       		.uleb128 0x13
 1303 008a 38       		.uleb128 0x38
 1304 008b 0B       		.uleb128 0xb
 1305 008c 00       		.byte	0
 1306 008d 00       		.byte	0
ARM GAS  C:\Users\Mayur\AppData\Local\Temp\cczOkckb.s 			page 28


 1307 008e 0D       		.uleb128 0xd
 1308 008f 13       		.uleb128 0x13
 1309 0090 01       		.byte	0x1
 1310 0091 0B       		.uleb128 0xb
 1311 0092 0B       		.uleb128 0xb
 1312 0093 3A       		.uleb128 0x3a
 1313 0094 0B       		.uleb128 0xb
 1314 0095 3B       		.uleb128 0x3b
 1315 0096 05       		.uleb128 0x5
 1316 0097 01       		.uleb128 0x1
 1317 0098 13       		.uleb128 0x13
 1318 0099 00       		.byte	0
 1319 009a 00       		.byte	0
 1320 009b 0E       		.uleb128 0xe
 1321 009c 0D       		.uleb128 0xd
 1322 009d 00       		.byte	0
 1323 009e 03       		.uleb128 0x3
 1324 009f 08       		.uleb128 0x8
 1325 00a0 3A       		.uleb128 0x3a
 1326 00a1 0B       		.uleb128 0xb
 1327 00a2 3B       		.uleb128 0x3b
 1328 00a3 05       		.uleb128 0x5
 1329 00a4 49       		.uleb128 0x49
 1330 00a5 13       		.uleb128 0x13
 1331 00a6 38       		.uleb128 0x38
 1332 00a7 0B       		.uleb128 0xb
 1333 00a8 00       		.byte	0
 1334 00a9 00       		.byte	0
 1335 00aa 0F       		.uleb128 0xf
 1336 00ab 13       		.uleb128 0x13
 1337 00ac 01       		.byte	0x1
 1338 00ad 0B       		.uleb128 0xb
 1339 00ae 05       		.uleb128 0x5
 1340 00af 3A       		.uleb128 0x3a
 1341 00b0 0B       		.uleb128 0xb
 1342 00b1 3B       		.uleb128 0x3b
 1343 00b2 05       		.uleb128 0x5
 1344 00b3 01       		.uleb128 0x1
 1345 00b4 13       		.uleb128 0x13
 1346 00b5 00       		.byte	0
 1347 00b6 00       		.byte	0
 1348 00b7 10       		.uleb128 0x10
 1349 00b8 0D       		.uleb128 0xd
 1350 00b9 00       		.byte	0
 1351 00ba 03       		.uleb128 0x3
 1352 00bb 0E       		.uleb128 0xe
 1353 00bc 3A       		.uleb128 0x3a
 1354 00bd 0B       		.uleb128 0xb
 1355 00be 3B       		.uleb128 0x3b
 1356 00bf 05       		.uleb128 0x5
 1357 00c0 49       		.uleb128 0x49
 1358 00c1 13       		.uleb128 0x13
 1359 00c2 38       		.uleb128 0x38
 1360 00c3 05       		.uleb128 0x5
 1361 00c4 00       		.byte	0
 1362 00c5 00       		.byte	0
 1363 00c6 11       		.uleb128 0x11
ARM GAS  C:\Users\Mayur\AppData\Local\Temp\cczOkckb.s 			page 29


 1364 00c7 0F       		.uleb128 0xf
 1365 00c8 00       		.byte	0
 1366 00c9 0B       		.uleb128 0xb
 1367 00ca 0B       		.uleb128 0xb
 1368 00cb 49       		.uleb128 0x49
 1369 00cc 13       		.uleb128 0x13
 1370 00cd 00       		.byte	0
 1371 00ce 00       		.byte	0
 1372 00cf 12       		.uleb128 0x12
 1373 00d0 26       		.uleb128 0x26
 1374 00d1 00       		.byte	0
 1375 00d2 00       		.byte	0
 1376 00d3 00       		.byte	0
 1377 00d4 13       		.uleb128 0x13
 1378 00d5 04       		.uleb128 0x4
 1379 00d6 01       		.byte	0x1
 1380 00d7 0B       		.uleb128 0xb
 1381 00d8 0B       		.uleb128 0xb
 1382 00d9 49       		.uleb128 0x49
 1383 00da 13       		.uleb128 0x13
 1384 00db 3A       		.uleb128 0x3a
 1385 00dc 0B       		.uleb128 0xb
 1386 00dd 3B       		.uleb128 0x3b
 1387 00de 0B       		.uleb128 0xb
 1388 00df 01       		.uleb128 0x1
 1389 00e0 13       		.uleb128 0x13
 1390 00e1 00       		.byte	0
 1391 00e2 00       		.byte	0
 1392 00e3 14       		.uleb128 0x14
 1393 00e4 28       		.uleb128 0x28
 1394 00e5 00       		.byte	0
 1395 00e6 03       		.uleb128 0x3
 1396 00e7 0E       		.uleb128 0xe
 1397 00e8 1C       		.uleb128 0x1c
 1398 00e9 0B       		.uleb128 0xb
 1399 00ea 00       		.byte	0
 1400 00eb 00       		.byte	0
 1401 00ec 15       		.uleb128 0x15
 1402 00ed 2E       		.uleb128 0x2e
 1403 00ee 01       		.byte	0x1
 1404 00ef 3F       		.uleb128 0x3f
 1405 00f0 19       		.uleb128 0x19
 1406 00f1 03       		.uleb128 0x3
 1407 00f2 0E       		.uleb128 0xe
 1408 00f3 3A       		.uleb128 0x3a
 1409 00f4 0B       		.uleb128 0xb
 1410 00f5 3B       		.uleb128 0x3b
 1411 00f6 0B       		.uleb128 0xb
 1412 00f7 27       		.uleb128 0x27
 1413 00f8 19       		.uleb128 0x19
 1414 00f9 11       		.uleb128 0x11
 1415 00fa 01       		.uleb128 0x1
 1416 00fb 12       		.uleb128 0x12
 1417 00fc 06       		.uleb128 0x6
 1418 00fd 40       		.uleb128 0x40
 1419 00fe 18       		.uleb128 0x18
 1420 00ff 9742     		.uleb128 0x2117
ARM GAS  C:\Users\Mayur\AppData\Local\Temp\cczOkckb.s 			page 30


 1421 0101 19       		.uleb128 0x19
 1422 0102 01       		.uleb128 0x1
 1423 0103 13       		.uleb128 0x13
 1424 0104 00       		.byte	0
 1425 0105 00       		.byte	0
 1426 0106 16       		.uleb128 0x16
 1427 0107 34       		.uleb128 0x34
 1428 0108 00       		.byte	0
 1429 0109 03       		.uleb128 0x3
 1430 010a 0E       		.uleb128 0xe
 1431 010b 3A       		.uleb128 0x3a
 1432 010c 0B       		.uleb128 0xb
 1433 010d 3B       		.uleb128 0x3b
 1434 010e 0B       		.uleb128 0xb
 1435 010f 49       		.uleb128 0x49
 1436 0110 13       		.uleb128 0x13
 1437 0111 00       		.byte	0
 1438 0112 00       		.byte	0
 1439 0113 17       		.uleb128 0x17
 1440 0114 2E       		.uleb128 0x2e
 1441 0115 01       		.byte	0x1
 1442 0116 3F       		.uleb128 0x3f
 1443 0117 19       		.uleb128 0x19
 1444 0118 03       		.uleb128 0x3
 1445 0119 0E       		.uleb128 0xe
 1446 011a 3A       		.uleb128 0x3a
 1447 011b 0B       		.uleb128 0xb
 1448 011c 3B       		.uleb128 0x3b
 1449 011d 0B       		.uleb128 0xb
 1450 011e 27       		.uleb128 0x27
 1451 011f 19       		.uleb128 0x19
 1452 0120 49       		.uleb128 0x49
 1453 0121 13       		.uleb128 0x13
 1454 0122 11       		.uleb128 0x11
 1455 0123 01       		.uleb128 0x1
 1456 0124 12       		.uleb128 0x12
 1457 0125 06       		.uleb128 0x6
 1458 0126 40       		.uleb128 0x40
 1459 0127 18       		.uleb128 0x18
 1460 0128 9742     		.uleb128 0x2117
 1461 012a 19       		.uleb128 0x19
 1462 012b 01       		.uleb128 0x1
 1463 012c 13       		.uleb128 0x13
 1464 012d 00       		.byte	0
 1465 012e 00       		.byte	0
 1466 012f 18       		.uleb128 0x18
 1467 0130 34       		.uleb128 0x34
 1468 0131 00       		.byte	0
 1469 0132 03       		.uleb128 0x3
 1470 0133 0E       		.uleb128 0xe
 1471 0134 3A       		.uleb128 0x3a
 1472 0135 0B       		.uleb128 0xb
 1473 0136 3B       		.uleb128 0x3b
 1474 0137 0B       		.uleb128 0xb
 1475 0138 49       		.uleb128 0x49
 1476 0139 13       		.uleb128 0x13
 1477 013a 02       		.uleb128 0x2
ARM GAS  C:\Users\Mayur\AppData\Local\Temp\cczOkckb.s 			page 31


 1478 013b 17       		.uleb128 0x17
 1479 013c 00       		.byte	0
 1480 013d 00       		.byte	0
 1481 013e 19       		.uleb128 0x19
 1482 013f 898201   		.uleb128 0x4109
 1483 0142 00       		.byte	0
 1484 0143 11       		.uleb128 0x11
 1485 0144 01       		.uleb128 0x1
 1486 0145 31       		.uleb128 0x31
 1487 0146 13       		.uleb128 0x13
 1488 0147 00       		.byte	0
 1489 0148 00       		.byte	0
 1490 0149 1A       		.uleb128 0x1a
 1491 014a 34       		.uleb128 0x34
 1492 014b 00       		.byte	0
 1493 014c 03       		.uleb128 0x3
 1494 014d 0E       		.uleb128 0xe
 1495 014e 3A       		.uleb128 0x3a
 1496 014f 0B       		.uleb128 0xb
 1497 0150 3B       		.uleb128 0x3b
 1498 0151 0B       		.uleb128 0xb
 1499 0152 49       		.uleb128 0x49
 1500 0153 13       		.uleb128 0x13
 1501 0154 02       		.uleb128 0x2
 1502 0155 18       		.uleb128 0x18
 1503 0156 00       		.byte	0
 1504 0157 00       		.byte	0
 1505 0158 1B       		.uleb128 0x1b
 1506 0159 34       		.uleb128 0x34
 1507 015a 00       		.byte	0
 1508 015b 03       		.uleb128 0x3
 1509 015c 0E       		.uleb128 0xe
 1510 015d 3A       		.uleb128 0x3a
 1511 015e 0B       		.uleb128 0xb
 1512 015f 3B       		.uleb128 0x3b
 1513 0160 05       		.uleb128 0x5
 1514 0161 49       		.uleb128 0x49
 1515 0162 13       		.uleb128 0x13
 1516 0163 3F       		.uleb128 0x3f
 1517 0164 19       		.uleb128 0x19
 1518 0165 3C       		.uleb128 0x3c
 1519 0166 19       		.uleb128 0x19
 1520 0167 00       		.byte	0
 1521 0168 00       		.byte	0
 1522 0169 1C       		.uleb128 0x1c
 1523 016a 26       		.uleb128 0x26
 1524 016b 00       		.byte	0
 1525 016c 49       		.uleb128 0x49
 1526 016d 13       		.uleb128 0x13
 1527 016e 00       		.byte	0
 1528 016f 00       		.byte	0
 1529 0170 1D       		.uleb128 0x1d
 1530 0171 2E       		.uleb128 0x2e
 1531 0172 00       		.byte	0
 1532 0173 3F       		.uleb128 0x3f
 1533 0174 19       		.uleb128 0x19
 1534 0175 3C       		.uleb128 0x3c
ARM GAS  C:\Users\Mayur\AppData\Local\Temp\cczOkckb.s 			page 32


 1535 0176 19       		.uleb128 0x19
 1536 0177 6E       		.uleb128 0x6e
 1537 0178 0E       		.uleb128 0xe
 1538 0179 03       		.uleb128 0x3
 1539 017a 0E       		.uleb128 0xe
 1540 017b 3A       		.uleb128 0x3a
 1541 017c 0B       		.uleb128 0xb
 1542 017d 3B       		.uleb128 0x3b
 1543 017e 0B       		.uleb128 0xb
 1544 017f 00       		.byte	0
 1545 0180 00       		.byte	0
 1546 0181 00       		.byte	0
 1547              		.section	.debug_loc,"",%progbits
 1548              	.Ldebug_loc0:
 1549              	.LLST0:
 1550 0000 12000000 		.4byte	.LVL3
 1551 0004 1B000000 		.4byte	.LVL4-1
 1552 0008 0100     		.2byte	0x1
 1553 000a 50       		.byte	0x50
 1554 000b 76000000 		.4byte	.LVL19
 1555 000f 8F000000 		.4byte	.LVL20-1
 1556 0013 0100     		.2byte	0x1
 1557 0015 50       		.byte	0x50
 1558 0016 E6000000 		.4byte	.LVL29
 1559 001a FD000000 		.4byte	.LVL30-1
 1560 001e 0100     		.2byte	0x1
 1561 0020 50       		.byte	0x50
 1562 0021 00000000 		.4byte	0
 1563 0025 00000000 		.4byte	0
 1564              	.LLST1:
 1565 0029 A8000000 		.4byte	.LVL22
 1566 002d D4000000 		.4byte	.LVL25
 1567 0031 0100     		.2byte	0x1
 1568 0033 53       		.byte	0x53
 1569 0034 00000000 		.4byte	0
 1570 0038 00000000 		.4byte	0
 1571              	.LLST2:
 1572 003c B0000000 		.4byte	.LVL23
 1573 0040 DE000000 		.4byte	.LVL27
 1574 0044 0100     		.2byte	0x1
 1575 0046 52       		.byte	0x52
 1576 0047 00000000 		.4byte	0
 1577 004b 00000000 		.4byte	0
 1578              	.LLST3:
 1579 004f 02000000 		.4byte	.LVL1
 1580 0053 06000000 		.4byte	.LVL2
 1581 0057 0200     		.2byte	0x2
 1582 0059 30       		.byte	0x30
 1583 005a 9F       		.byte	0x9f
 1584 005b 06000000 		.4byte	.LVL2
 1585 005f 34000000 		.4byte	.LVL6
 1586 0063 0100     		.2byte	0x1
 1587 0065 56       		.byte	0x56
 1588 0066 34000000 		.4byte	.LVL6
 1589 006a 38000000 		.4byte	.LVL7
 1590 006e 0200     		.2byte	0x2
 1591 0070 31       		.byte	0x31
ARM GAS  C:\Users\Mayur\AppData\Local\Temp\cczOkckb.s 			page 33


 1592 0071 9F       		.byte	0x9f
 1593 0072 38000000 		.4byte	.LVL7
 1594 0076 3E000000 		.4byte	.LVL8
 1595 007a 0100     		.2byte	0x1
 1596 007c 56       		.byte	0x56
 1597 007d 3E000000 		.4byte	.LVL8
 1598 0081 42000000 		.4byte	.LVL9
 1599 0085 0200     		.2byte	0x2
 1600 0087 31       		.byte	0x31
 1601 0088 9F       		.byte	0x9f
 1602 0089 42000000 		.4byte	.LVL9
 1603 008d 4C000000 		.4byte	.LVL11
 1604 0091 0100     		.2byte	0x1
 1605 0093 56       		.byte	0x56
 1606 0094 4C000000 		.4byte	.LVL11
 1607 0098 52000000 		.4byte	.LVL12
 1608 009c 0200     		.2byte	0x2
 1609 009e 31       		.byte	0x31
 1610 009f 9F       		.byte	0x9f
 1611 00a0 52000000 		.4byte	.LVL12
 1612 00a4 58000000 		.4byte	.LVL13
 1613 00a8 0100     		.2byte	0x1
 1614 00aa 56       		.byte	0x56
 1615 00ab 58000000 		.4byte	.LVL13
 1616 00af 5C000000 		.4byte	.LVL14
 1617 00b3 0200     		.2byte	0x2
 1618 00b5 31       		.byte	0x31
 1619 00b6 9F       		.byte	0x9f
 1620 00b7 5C000000 		.4byte	.LVL14
 1621 00bb 62000000 		.4byte	.LVL15
 1622 00bf 0100     		.2byte	0x1
 1623 00c1 56       		.byte	0x56
 1624 00c2 62000000 		.4byte	.LVL15
 1625 00c6 66000000 		.4byte	.LVL16
 1626 00ca 0200     		.2byte	0x2
 1627 00cc 31       		.byte	0x31
 1628 00cd 9F       		.byte	0x9f
 1629 00ce 66000000 		.4byte	.LVL16
 1630 00d2 6C000000 		.4byte	.LVL17
 1631 00d6 0100     		.2byte	0x1
 1632 00d8 56       		.byte	0x56
 1633 00d9 6C000000 		.4byte	.LVL17
 1634 00dd 6E000000 		.4byte	.LVL18
 1635 00e1 0200     		.2byte	0x2
 1636 00e3 30       		.byte	0x30
 1637 00e4 9F       		.byte	0x9f
 1638 00e5 6E000000 		.4byte	.LVL18
 1639 00e9 90000000 		.4byte	.LVL20
 1640 00ed 0100     		.2byte	0x1
 1641 00ef 56       		.byte	0x56
 1642 00f0 90000000 		.4byte	.LVL20
 1643 00f4 92000000 		.4byte	.LVL21
 1644 00f8 0200     		.2byte	0x2
 1645 00fa 30       		.byte	0x30
 1646 00fb 9F       		.byte	0x9f
 1647 00fc 92000000 		.4byte	.LVL21
 1648 0100 00010000 		.4byte	.LVL32
ARM GAS  C:\Users\Mayur\AppData\Local\Temp\cczOkckb.s 			page 34


 1649 0104 0100     		.2byte	0x1
 1650 0106 56       		.byte	0x56
 1651 0107 00000000 		.4byte	0
 1652 010b 00000000 		.4byte	0
 1653              	.LLST4:
 1654 010f 22000000 		.4byte	.LVL5
 1655 0113 C8000000 		.4byte	.LVL24
 1656 0117 0100     		.2byte	0x1
 1657 0119 54       		.byte	0x54
 1658 011a 00000000 		.4byte	0
 1659 011e 00000000 		.4byte	0
 1660              	.LLST5:
 1661 0122 02000000 		.4byte	.LVL1
 1662 0126 06000000 		.4byte	.LVL2
 1663 012a 0200     		.2byte	0x2
 1664 012c 30       		.byte	0x30
 1665 012d 9F       		.byte	0x9f
 1666 012e 06000000 		.4byte	.LVL2
 1667 0132 46000000 		.4byte	.LVL10
 1668 0136 0100     		.2byte	0x1
 1669 0138 55       		.byte	0x55
 1670 0139 46000000 		.4byte	.LVL10
 1671 013d 52000000 		.4byte	.LVL12
 1672 0141 0200     		.2byte	0x2
 1673 0143 31       		.byte	0x31
 1674 0144 9F       		.byte	0x9f
 1675 0145 52000000 		.4byte	.LVL12
 1676 0149 00010000 		.4byte	.LVL31
 1677 014d 0100     		.2byte	0x1
 1678 014f 55       		.byte	0x55
 1679 0150 00010000 		.4byte	.LVL31
 1680 0154 18010000 		.4byte	.LFE1
 1681 0158 0100     		.2byte	0x1
 1682 015a 50       		.byte	0x50
 1683 015b 00000000 		.4byte	0
 1684 015f 00000000 		.4byte	0
 1685              	.LLST6:
 1686 0163 DA000000 		.4byte	.LVL26
 1687 0167 FE000000 		.4byte	.LVL30
 1688 016b 0100     		.2byte	0x1
 1689 016d 54       		.byte	0x54
 1690 016e 00000000 		.4byte	0
 1691 0172 00000000 		.4byte	0
 1692              		.section	.debug_aranges,"",%progbits
 1693 0000 24000000 		.4byte	0x24
 1694 0004 0200     		.2byte	0x2
 1695 0006 00000000 		.4byte	.Ldebug_info0
 1696 000a 04       		.byte	0x4
 1697 000b 00       		.byte	0
 1698 000c 0000     		.2byte	0
 1699 000e 0000     		.2byte	0
 1700 0010 00000000 		.4byte	.LFB0
 1701 0014 14000000 		.4byte	.LFE0-.LFB0
 1702 0018 00000000 		.4byte	.LFB1
 1703 001c 18010000 		.4byte	.LFE1-.LFB1
 1704 0020 00000000 		.4byte	0
 1705 0024 00000000 		.4byte	0
ARM GAS  C:\Users\Mayur\AppData\Local\Temp\cczOkckb.s 			page 35


 1706              		.section	.debug_ranges,"",%progbits
 1707              	.Ldebug_ranges0:
 1708 0000 00000000 		.4byte	.LFB0
 1709 0004 14000000 		.4byte	.LFE0
 1710 0008 00000000 		.4byte	.LFB1
 1711 000c 18010000 		.4byte	.LFE1
 1712 0010 00000000 		.4byte	0
 1713 0014 00000000 		.4byte	0
 1714              		.section	.debug_line,"",%progbits
 1715              	.Ldebug_line0:
 1716 0000 40010000 		.section	.debug_str,"MS",%progbits,1
 1716      0200DC00 
 1716      00000201 
 1716      FB0E0D00 
 1716      01010101 
 1717              	.LASF67:
 1718 0000 77646774 		.ascii	"wdgtList\000"
 1718      4C697374 
 1718      00
 1719              	.LASF72:
 1720 0009 736E7254 		.ascii	"snrTestRawCount\000"
 1720      65737452 
 1720      6177436F 
 1720      756E7400 
 1721              	.LASF49:
 1722 0019 62736C6E 		.ascii	"bsln\000"
 1722      00
 1723              	.LASF97:
 1724 001e 73656E73 		.ascii	"sensorId\000"
 1724      6F724964 
 1724      00
 1725              	.LASF17:
 1726 0027 43617053 		.ascii	"CapSense_1_THRESHOLD_TYPE\000"
 1726      656E7365 
 1726      5F315F54 
 1726      48524553 
 1726      484F4C44 
 1727              	.LASF82:
 1728 0041 6E756D43 		.ascii	"numCols\000"
 1728      6F6C7300 
 1729              	.LASF33:
 1730 0049 6C6F7742 		.ascii	"lowBslnRst\000"
 1730      736C6E52 
 1730      737400
 1731              	.LASF107:
 1732 0054 43794578 		.ascii	"CyExitCriticalSection\000"
 1732      69744372 
 1732      69746963 
 1732      616C5365 
 1732      6374696F 
 1733              	.LASF80:
 1734 006a 746F7461 		.ascii	"totalNumSns\000"
 1734      6C4E756D 
 1734      536E7300 
 1735              	.LASF34:
 1736 0076 69646163 		.ascii	"idacMod\000"
 1736      4D6F6400 
ARM GAS  C:\Users\Mayur\AppData\Local\Temp\cczOkckb.s 			page 36


 1737              	.LASF2:
 1738 007e 73686F72 		.ascii	"short int\000"
 1738      7420696E 
 1738      7400
 1739              	.LASF104:
 1740 0088 43617053 		.ascii	"CapSense_1_dsRam\000"
 1740      656E7365 
 1740      5F315F64 
 1740      7352616D 
 1740      00
 1741              	.LASF32:
 1742 0099 6F6E4465 		.ascii	"onDebounce\000"
 1742      626F756E 
 1742      636500
 1743              	.LASF16:
 1744 00a4 73697A65 		.ascii	"sizetype\000"
 1744      74797065 
 1744      00
 1745              	.LASF27:
 1746 00ad 7265736F 		.ascii	"resolution\000"
 1746      6C757469 
 1746      6F6E00
 1747              	.LASF90:
 1748 00b8 43617053 		.ascii	"CapSense_1_TU_CMD_RESTART_E\000"
 1748      656E7365 
 1748      5F315F54 
 1748      555F434D 
 1748      445F5245 
 1749              	.LASF56:
 1750 00d4 636F6E66 		.ascii	"configId\000"
 1750      69674964 
 1750      00
 1751              	.LASF91:
 1752 00dd 43617053 		.ascii	"CapSense_1_TU_CMD_RUN_SNR_TEST_E\000"
 1752      656E7365 
 1752      5F315F54 
 1752      555F434D 
 1752      445F5255 
 1753              	.LASF53:
 1754 00fe 69646163 		.ascii	"idacComp\000"
 1754      436F6D70 
 1754      00
 1755              	.LASF65:
 1756 0107 63736430 		.ascii	"csd0Config\000"
 1756      436F6E66 
 1756      696700
 1757              	.LASF6:
 1758 0112 6C6F6E67 		.ascii	"long long int\000"
 1758      206C6F6E 
 1758      6720696E 
 1758      7400
 1759              	.LASF19:
 1760 0120 70617261 		.ascii	"param0\000"
 1760      6D3000
 1761              	.LASF36:
 1762 0127 736E7343 		.ascii	"snsClkSource\000"
 1762      6C6B536F 
ARM GAS  C:\Users\Mayur\AppData\Local\Temp\cczOkckb.s 			page 37


 1762      75726365 
 1762      00
 1763              	.LASF21:
 1764 0134 70617261 		.ascii	"param2\000"
 1764      6D3200
 1765              	.LASF22:
 1766 013b 70617261 		.ascii	"param3\000"
 1766      6D3300
 1767              	.LASF23:
 1768 0142 70617261 		.ascii	"param4\000"
 1768      6D3400
 1769              	.LASF24:
 1770 0149 70617261 		.ascii	"param5\000"
 1770      6D3500
 1771              	.LASF25:
 1772 0150 70617261 		.ascii	"param6\000"
 1772      6D3600
 1773              	.LASF94:
 1774 0157 43617053 		.ascii	"CapSense_1_TU_CMD_ENUM\000"
 1774      656E7365 
 1774      5F315F54 
 1774      555F434D 
 1774      445F454E 
 1775              	.LASF29:
 1776 016e 6E6F6973 		.ascii	"noiseTh\000"
 1776      65546800 
 1777              	.LASF57:
 1778 0176 64657669 		.ascii	"deviceId\000"
 1778      63654964 
 1778      00
 1779              	.LASF10:
 1780 017f 75696E74 		.ascii	"uint16\000"
 1780      313600
 1781              	.LASF109:
 1782 0186 474E5520 		.ascii	"GNU C11 5.4.1 20160609 (release) [ARM/embedded-5-br"
 1782      43313120 
 1782      352E342E 
 1782      31203230 
 1782      31363036 
 1783 01b9 616E6368 		.ascii	"anch revision 237715] -mcpu=cortex-m0 -mthumb -g -O"
 1783      20726576 
 1783      6973696F 
 1783      6E203233 
 1783      37373135 
 1784 01ec 67202D66 		.ascii	"g -ffunction-sections -ffat-lto-objects\000"
 1784      66756E63 
 1784      74696F6E 
 1784      2D736563 
 1784      74696F6E 
 1785              	.LASF78:
 1786 0214 70747232 		.ascii	"ptr2DebounceArr\000"
 1786      4465626F 
 1786      756E6365 
 1786      41727200 
 1787              	.LASF105:
 1788 0224 43617053 		.ascii	"CapSense_1_dsFlash\000"
 1788      656E7365 
ARM GAS  C:\Users\Mayur\AppData\Local\Temp\cczOkckb.s 			page 38


 1788      5F315F64 
 1788      73466C61 
 1788      736800
 1789              	.LASF9:
 1790 0237 75696E74 		.ascii	"uint8\000"
 1790      3800
 1791              	.LASF54:
 1792 023d 43617053 		.ascii	"CapSense_1_RAM_SNS_STRUCT\000"
 1792      656E7365 
 1792      5F315F52 
 1792      414D5F53 
 1792      4E535F53 
 1793              	.LASF108:
 1794 0257 43617053 		.ascii	"CapSense_1_Start\000"
 1794      656E7365 
 1794      5F315F53 
 1794      74617274 
 1794      00
 1795              	.LASF35:
 1796 0268 736E7343 		.ascii	"snsClk\000"
 1796      6C6B00
 1797              	.LASF96:
 1798 026f 77696467 		.ascii	"widgetId\000"
 1798      65744964 
 1798      00
 1799              	.LASF12:
 1800 0278 666C6F61 		.ascii	"float\000"
 1800      7400
 1801              	.LASF87:
 1802 027e 43617053 		.ascii	"CapSense_1_TU_CMD_NONE_E\000"
 1802      656E7365 
 1802      5F315F54 
 1802      555F434D 
 1802      445F4E4F 
 1803              	.LASF70:
 1804 0297 736E7254 		.ascii	"snrTestSensorId\000"
 1804      65737453 
 1804      656E736F 
 1804      72496400 
 1805              	.LASF14:
 1806 02a7 63686172 		.ascii	"char\000"
 1806      00
 1807              	.LASF111:
 1808 02ac 443A5C53 		.ascii	"D:\\SMD Innovation\\4_1\\Design01.cydsn\000"
 1808      4D442049 
 1808      6E6E6F76 
 1808      6174696F 
 1808      6E5C345F 
 1809              	.LASF73:
 1810 02d1 43617053 		.ascii	"CapSense_1_RAM_STRUCT\000"
 1810      656E7365 
 1810      5F315F52 
 1810      414D5F53 
 1810      54525543 
 1811              	.LASF39:
 1812 02e7 43617053 		.ascii	"CapSense_1_RAM_WD_BUTTON_STRUCT\000"
 1812      656E7365 
ARM GAS  C:\Users\Mayur\AppData\Local\Temp\cczOkckb.s 			page 39


 1812      5F315F52 
 1812      414D5F57 
 1812      445F4255 
 1813              	.LASF81:
 1814 0307 77646774 		.ascii	"wdgtType\000"
 1814      54797065 
 1814      00
 1815              	.LASF28:
 1816 0310 66696E67 		.ascii	"fingerTh\000"
 1816      65725468 
 1816      00
 1817              	.LASF113:
 1818 0319 43617053 		.ascii	"CapSense_1_RunTuner\000"
 1818      656E7365 
 1818      5F315F52 
 1818      756E5475 
 1818      6E657200 
 1819              	.LASF75:
 1820 032d 70747232 		.ascii	"ptr2WdgtRam\000"
 1820      57646774 
 1820      52616D00 
 1821              	.LASF55:
 1822 0339 43617053 		.ascii	"CapSense_1_RAM_SNS_LIST_STRUCT\000"
 1822      656E7365 
 1822      5F315F52 
 1822      414D5F53 
 1822      4E535F4C 
 1823              	.LASF40:
 1824 0358 62757474 		.ascii	"button0\000"
 1824      6F6E3000 
 1825              	.LASF31:
 1826 0360 68797374 		.ascii	"hysteresis\000"
 1826      65726573 
 1826      697300
 1827              	.LASF59:
 1828 036b 74756E65 		.ascii	"tunerCmd\000"
 1828      72436D64 
 1828      00
 1829              	.LASF15:
 1830 0374 6C6F6E67 		.ascii	"long double\000"
 1830      20646F75 
 1830      626C6500 
 1831              	.LASF92:
 1832 0380 43617053 		.ascii	"CapSense_1_TU_CMD_PING_E\000"
 1832      656E7365 
 1832      5F315F54 
 1832      555F434D 
 1832      445F5049 
 1833              	.LASF102:
 1834 0399 70747253 		.ascii	"ptrSnsTmp\000"
 1834      6E73546D 
 1834      7000
 1835              	.LASF45:
 1836 03a3 62757474 		.ascii	"button6\000"
 1836      6F6E3600 
 1837              	.LASF1:
 1838 03ab 756E7369 		.ascii	"unsigned char\000"
ARM GAS  C:\Users\Mayur\AppData\Local\Temp\cczOkckb.s 			page 40


 1838      676E6564 
 1838      20636861 
 1838      7200
 1839              	.LASF93:
 1840 03b9 43617053 		.ascii	"CapSense_1_TU_CMD_ONE_SCAN_E\000"
 1840      656E7365 
 1840      5F315F54 
 1840      555F434D 
 1840      445F4F4E 
 1841              	.LASF0:
 1842 03d6 7369676E 		.ascii	"signed char\000"
 1842      65642063 
 1842      68617200 
 1843              	.LASF18:
 1844 03e2 43617053 		.ascii	"CapSense_1_LOW_BSLN_RST_TYPE\000"
 1844      656E7365 
 1844      5F315F4C 
 1844      4F575F42 
 1844      534C4E5F 
 1845              	.LASF7:
 1846 03ff 6C6F6E67 		.ascii	"long long unsigned int\000"
 1846      206C6F6E 
 1846      6720756E 
 1846      7369676E 
 1846      65642069 
 1847              	.LASF89:
 1848 0416 43617053 		.ascii	"CapSense_1_TU_CMD_RESUME_E\000"
 1848      656E7365 
 1848      5F315F54 
 1848      555F434D 
 1848      445F5245 
 1849              	.LASF79:
 1850 0431 73746174 		.ascii	"staticConfig\000"
 1850      6963436F 
 1850      6E666967 
 1850      00
 1851              	.LASF8:
 1852 043e 756E7369 		.ascii	"unsigned int\000"
 1852      676E6564 
 1852      20696E74 
 1852      00
 1853              	.LASF5:
 1854 044b 6C6F6E67 		.ascii	"long unsigned int\000"
 1854      20756E73 
 1854      69676E65 
 1854      6420696E 
 1854      7400
 1855              	.LASF62:
 1856 045d 77646774 		.ascii	"wdgtEnable\000"
 1856      456E6162 
 1856      6C6500
 1857              	.LASF20:
 1858 0468 70617261 		.ascii	"param1\000"
 1858      6D3100
 1859              	.LASF3:
 1860 046f 73686F72 		.ascii	"short unsigned int\000"
 1860      7420756E 
ARM GAS  C:\Users\Mayur\AppData\Local\Temp\cczOkckb.s 			page 41


 1860      7369676E 
 1860      65642069 
 1860      6E7400
 1861              	.LASF61:
 1862 0482 73746174 		.ascii	"status\000"
 1862      757300
 1863              	.LASF58:
 1864 0489 6877436C 		.ascii	"hwClock\000"
 1864      6F636B00 
 1865              	.LASF71:
 1866 0491 736E7254 		.ascii	"snrTestScanCounter\000"
 1866      65737453 
 1866      63616E43 
 1866      6F756E74 
 1866      657200
 1867              	.LASF66:
 1868 04a4 6D6F6443 		.ascii	"modCsdClk\000"
 1868      7364436C 
 1868      6B00
 1869              	.LASF86:
 1870 04ae 43617053 		.ascii	"CapSense_1_FLASH_STRUCT\000"
 1870      656E7365 
 1870      5F315F46 
 1870      4C415348 
 1870      5F535452 
 1871              	.LASF88:
 1872 04c6 43617053 		.ascii	"CapSense_1_TU_CMD_SUSPEND_E\000"
 1872      656E7365 
 1872      5F315F54 
 1872      555F434D 
 1872      445F5355 
 1873              	.LASF112:
 1874 04e2 43617053 		.ascii	"CapSense_1_TuInitialize\000"
 1874      656E7365 
 1874      5F315F54 
 1874      75496E69 
 1874      7469616C 
 1875              	.LASF68:
 1876 04fa 736E734C 		.ascii	"snsList\000"
 1876      69737400 
 1877              	.LASF74:
 1878 0502 70747232 		.ascii	"ptr2SnsFlash\000"
 1878      536E7346 
 1878      6C617368 
 1878      00
 1879              	.LASF110:
 1880 050f 47656E65 		.ascii	"Generated_Source\\PSoC4\\CapSense_1_Tuner.c\000"
 1880      72617465 
 1880      645F536F 
 1880      75726365 
 1880      5C50536F 
 1881              	.LASF60:
 1882 0539 7363616E 		.ascii	"scanCounter\000"
 1882      436F756E 
 1882      74657200 
 1883              	.LASF30:
 1884 0545 6E4E6F69 		.ascii	"nNoiseTh\000"
ARM GAS  C:\Users\Mayur\AppData\Local\Temp\cczOkckb.s 			page 42


 1884      73655468 
 1884      00
 1885              	.LASF95:
 1886 054e 696E7465 		.ascii	"interruptState\000"
 1886      72727570 
 1886      74537461 
 1886      746500
 1887              	.LASF38:
 1888 055d 73696750 		.ascii	"sigPFC\000"
 1888      464300
 1889              	.LASF11:
 1890 0564 75696E74 		.ascii	"uint32\000"
 1890      333200
 1891              	.LASF103:
 1892 056b 74756E65 		.ascii	"tunerFsm\000"
 1892      7246736D 
 1892      00
 1893              	.LASF13:
 1894 0574 646F7562 		.ascii	"double\000"
 1894      6C6500
 1895              	.LASF50:
 1896 057b 62736C6E 		.ascii	"bslnExt\000"
 1896      45787400 
 1897              	.LASF101:
 1898 0583 70747244 		.ascii	"ptrDsRam\000"
 1898      7352616D 
 1898      00
 1899              	.LASF52:
 1900 058c 6E656742 		.ascii	"negBslnRstCnt\000"
 1900      736C6E52 
 1900      7374436E 
 1900      7400
 1901              	.LASF98:
 1902 059a 75706461 		.ascii	"updateFlag\000"
 1902      7465466C 
 1902      616700
 1903              	.LASF84:
 1904 05a5 43617053 		.ascii	"CapSense_1_FLASH_WD_STRUCT\000"
 1904      656E7365 
 1904      5F315F46 
 1904      4C415348 
 1904      5F57445F 
 1905              	.LASF76:
 1906 05c0 70747232 		.ascii	"ptr2SnsRam\000"
 1906      536E7352 
 1906      616D00
 1907              	.LASF41:
 1908 05cb 62757474 		.ascii	"button1\000"
 1908      6F6E3100 
 1909              	.LASF42:
 1910 05d3 62757474 		.ascii	"button2\000"
 1910      6F6E3200 
 1911              	.LASF43:
 1912 05db 62757474 		.ascii	"button3\000"
 1912      6F6E3300 
 1913              	.LASF46:
 1914 05e3 62757474 		.ascii	"button4\000"
ARM GAS  C:\Users\Mayur\AppData\Local\Temp\cczOkckb.s 			page 43


 1914      6F6E3400 
 1915              	.LASF44:
 1916 05eb 62757474 		.ascii	"button5\000"
 1916      6F6E3500 
 1917              	.LASF77:
 1918 05f3 70747232 		.ascii	"ptr2FltrHistory\000"
 1918      466C7472 
 1918      48697374 
 1918      6F727900 
 1919              	.LASF47:
 1920 0603 62757474 		.ascii	"button7\000"
 1920      6F6E3700 
 1921              	.LASF85:
 1922 060b 77646774 		.ascii	"wdgtArray\000"
 1922      41727261 
 1922      7900
 1923              	.LASF37:
 1924 0615 66696E67 		.ascii	"fingerCap\000"
 1924      65724361 
 1924      7000
 1925              	.LASF106:
 1926 061f 4379456E 		.ascii	"CyEnterCriticalSection\000"
 1926      74657243 
 1926      72697469 
 1926      63616C53 
 1926      65637469 
 1927              	.LASF48:
 1928 0636 43617053 		.ascii	"CapSense_1_RAM_WD_LIST_STRUCT\000"
 1928      656E7365 
 1928      5F315F52 
 1928      414D5F57 
 1928      445F4C49 
 1929              	.LASF69:
 1930 0654 736E7254 		.ascii	"snrTestWidgetId\000"
 1930      65737457 
 1930      69646765 
 1930      74496400 
 1931              	.LASF4:
 1932 0664 6C6F6E67 		.ascii	"long int\000"
 1932      20696E74 
 1932      00
 1933              	.LASF26:
 1934 066d 534D4152 		.ascii	"SMARTSENSE_CSD_NOISE_ENVELOPE_STRUCT\000"
 1934      5453454E 
 1934      53455F43 
 1934      53445F4E 
 1934      4F495345 
 1935              	.LASF63:
 1936 0692 77646774 		.ascii	"wdgtStatus\000"
 1936      53746174 
 1936      757300
 1937              	.LASF100:
 1938 069d 74756E65 		.ascii	"tunerStatus\000"
 1938      72537461 
 1938      74757300 
 1939              	.LASF64:
 1940 06a9 736E7353 		.ascii	"snsStatus\000"
ARM GAS  C:\Users\Mayur\AppData\Local\Temp\cczOkckb.s 			page 44


 1940      74617475 
 1940      7300
 1941              	.LASF99:
 1942 06b3 636F6D6D 		.ascii	"command\000"
 1942      616E6400 
 1943              	.LASF51:
 1944 06bb 64696666 		.ascii	"diff\000"
 1944      00
 1945              	.LASF83:
 1946 06c0 70747232 		.ascii	"ptr2NoiseEnvlp\000"
 1946      4E6F6973 
 1946      65456E76 
 1946      6C7000
 1947              		.ident	"GCC: (GNU Tools for ARM Embedded Processors) 5.4.1 20160609 (release) [ARM/embedded-5-bran
