ARM GAS  C:\Users\lenovo\AppData\Local\Temp\ccV2vvkK.s 			page 1


   1              		.syntax unified
   2              		.cpu cortex-m0
   3              		.fpu softvfp
   4              		.eabi_attribute 20, 1
   5              		.eabi_attribute 21, 1
   6              		.eabi_attribute 23, 3
   7              		.eabi_attribute 24, 1
   8              		.eabi_attribute 25, 1
   9              		.eabi_attribute 26, 1
  10              		.eabi_attribute 30, 4
  11              		.eabi_attribute 34, 0
  12              		.eabi_attribute 18, 4
  13              		.thumb
  14              		.syntax unified
  15              		.file	"cyfitter_cfg.c"
  16              		.text
  17              	.Ltext0:
  18              		.cfi_sections	.debug_frame
  19              		.section	.psocinit,"ax",%progbits
  20              		.align	1
  21              		.global	cyfitter_cfg
  22              		.code	16
  23              		.thumb_func
  24              		.type	cyfitter_cfg, %function
  25              	cyfitter_cfg:
  26              	.LFB6:
  27              		.file 1 "Generated_Source\\PSoC4\\cyfitter_cfg.c"
   1:Generated_Source\PSoC4/cyfitter_cfg.c **** 
   2:Generated_Source\PSoC4/cyfitter_cfg.c **** /*******************************************************************************
   3:Generated_Source\PSoC4/cyfitter_cfg.c **** * File Name: cyfitter_cfg.c
   4:Generated_Source\PSoC4/cyfitter_cfg.c **** * 
   5:Generated_Source\PSoC4/cyfitter_cfg.c **** * PSoC Creator  4.2
   6:Generated_Source\PSoC4/cyfitter_cfg.c **** *
   7:Generated_Source\PSoC4/cyfitter_cfg.c **** * Description:
   8:Generated_Source\PSoC4/cyfitter_cfg.c **** * This file contains device initialization code.
   9:Generated_Source\PSoC4/cyfitter_cfg.c **** * Except for the user defined sections in CyClockStartupError(), this file should not be modified.
  10:Generated_Source\PSoC4/cyfitter_cfg.c **** * This file is automatically generated by PSoC Creator.
  11:Generated_Source\PSoC4/cyfitter_cfg.c **** *
  12:Generated_Source\PSoC4/cyfitter_cfg.c **** ********************************************************************************
  13:Generated_Source\PSoC4/cyfitter_cfg.c **** * Copyright (c) 2007-2018 Cypress Semiconductor.  All rights reserved.
  14:Generated_Source\PSoC4/cyfitter_cfg.c **** * You may use this file only in accordance with the license, terms, conditions, 
  15:Generated_Source\PSoC4/cyfitter_cfg.c **** * disclaimers, and limitations in the end user license agreement accompanying 
  16:Generated_Source\PSoC4/cyfitter_cfg.c **** * the software package with which this file was provided.
  17:Generated_Source\PSoC4/cyfitter_cfg.c **** ********************************************************************************/
  18:Generated_Source\PSoC4/cyfitter_cfg.c **** 
  19:Generated_Source\PSoC4/cyfitter_cfg.c **** #include <string.h>
  20:Generated_Source\PSoC4/cyfitter_cfg.c **** #include "cytypes.h"
  21:Generated_Source\PSoC4/cyfitter_cfg.c **** #include "cydevice_trm.h"
  22:Generated_Source\PSoC4/cyfitter_cfg.c **** #include "cyfitter.h"
  23:Generated_Source\PSoC4/cyfitter_cfg.c **** #include "CyLib.h"
  24:Generated_Source\PSoC4/cyfitter_cfg.c **** #include "cyfitter_cfg.h"
  25:Generated_Source\PSoC4/cyfitter_cfg.c **** 
  26:Generated_Source\PSoC4/cyfitter_cfg.c **** 
  27:Generated_Source\PSoC4/cyfitter_cfg.c **** #if defined(__GNUC__) || defined(__ARMCC_VERSION)
  28:Generated_Source\PSoC4/cyfitter_cfg.c ****     #define CYPACKED 
  29:Generated_Source\PSoC4/cyfitter_cfg.c ****     #define CYPACKED_ATTR __attribute__ ((packed))
  30:Generated_Source\PSoC4/cyfitter_cfg.c ****     #define CYALIGNED __attribute__ ((aligned))
ARM GAS  C:\Users\lenovo\AppData\Local\Temp\ccV2vvkK.s 			page 2


  31:Generated_Source\PSoC4/cyfitter_cfg.c ****     #define CY_CFG_UNUSED __attribute__ ((unused))
  32:Generated_Source\PSoC4/cyfitter_cfg.c ****     #ifndef CY_CFG_SECTION
  33:Generated_Source\PSoC4/cyfitter_cfg.c ****         #define CY_CFG_SECTION __attribute__ ((section(".psocinit")))
  34:Generated_Source\PSoC4/cyfitter_cfg.c ****     #endif
  35:Generated_Source\PSoC4/cyfitter_cfg.c ****     
  36:Generated_Source\PSoC4/cyfitter_cfg.c ****     #if defined(__ARMCC_VERSION)
  37:Generated_Source\PSoC4/cyfitter_cfg.c ****         #define CY_CFG_MEMORY_BARRIER() __memory_changed()
  38:Generated_Source\PSoC4/cyfitter_cfg.c ****     #else
  39:Generated_Source\PSoC4/cyfitter_cfg.c ****         #define CY_CFG_MEMORY_BARRIER() __sync_synchronize()
  40:Generated_Source\PSoC4/cyfitter_cfg.c ****     #endif
  41:Generated_Source\PSoC4/cyfitter_cfg.c ****     
  42:Generated_Source\PSoC4/cyfitter_cfg.c **** #elif defined(__ICCARM__)
  43:Generated_Source\PSoC4/cyfitter_cfg.c ****     #include <intrinsics.h>
  44:Generated_Source\PSoC4/cyfitter_cfg.c **** 
  45:Generated_Source\PSoC4/cyfitter_cfg.c ****     #define CYPACKED __packed
  46:Generated_Source\PSoC4/cyfitter_cfg.c ****     #define CYPACKED_ATTR 
  47:Generated_Source\PSoC4/cyfitter_cfg.c ****     #define CYALIGNED _Pragma("data_alignment=4")
  48:Generated_Source\PSoC4/cyfitter_cfg.c ****     #define CY_CFG_UNUSED _Pragma("diag_suppress=Pe177")
  49:Generated_Source\PSoC4/cyfitter_cfg.c ****     #define CY_CFG_SECTION _Pragma("location=\".psocinit\"")
  50:Generated_Source\PSoC4/cyfitter_cfg.c ****     
  51:Generated_Source\PSoC4/cyfitter_cfg.c ****     #define CY_CFG_MEMORY_BARRIER() __DMB()
  52:Generated_Source\PSoC4/cyfitter_cfg.c ****     
  53:Generated_Source\PSoC4/cyfitter_cfg.c **** #else
  54:Generated_Source\PSoC4/cyfitter_cfg.c ****     #error Unsupported toolchain
  55:Generated_Source\PSoC4/cyfitter_cfg.c **** #endif
  56:Generated_Source\PSoC4/cyfitter_cfg.c **** 
  57:Generated_Source\PSoC4/cyfitter_cfg.c **** #ifndef CYCODE
  58:Generated_Source\PSoC4/cyfitter_cfg.c ****     #define CYCODE
  59:Generated_Source\PSoC4/cyfitter_cfg.c **** #endif
  60:Generated_Source\PSoC4/cyfitter_cfg.c **** #ifndef CYDATA
  61:Generated_Source\PSoC4/cyfitter_cfg.c ****     #define CYDATA
  62:Generated_Source\PSoC4/cyfitter_cfg.c **** #endif
  63:Generated_Source\PSoC4/cyfitter_cfg.c **** #ifndef CYFAR
  64:Generated_Source\PSoC4/cyfitter_cfg.c ****     #define CYFAR
  65:Generated_Source\PSoC4/cyfitter_cfg.c **** #endif
  66:Generated_Source\PSoC4/cyfitter_cfg.c **** #ifndef CYXDATA
  67:Generated_Source\PSoC4/cyfitter_cfg.c ****     #define CYXDATA
  68:Generated_Source\PSoC4/cyfitter_cfg.c **** #endif
  69:Generated_Source\PSoC4/cyfitter_cfg.c **** 
  70:Generated_Source\PSoC4/cyfitter_cfg.c **** 
  71:Generated_Source\PSoC4/cyfitter_cfg.c **** CY_CFG_UNUSED
  72:Generated_Source\PSoC4/cyfitter_cfg.c **** static void CYMEMZERO(void *s, size_t n);
  73:Generated_Source\PSoC4/cyfitter_cfg.c **** CY_CFG_UNUSED
  74:Generated_Source\PSoC4/cyfitter_cfg.c **** static void CYMEMZERO(void *s, size_t n)
  75:Generated_Source\PSoC4/cyfitter_cfg.c **** {
  76:Generated_Source\PSoC4/cyfitter_cfg.c **** 	(void)memset(s, 0, n);
  77:Generated_Source\PSoC4/cyfitter_cfg.c **** }
  78:Generated_Source\PSoC4/cyfitter_cfg.c **** CY_CFG_UNUSED
  79:Generated_Source\PSoC4/cyfitter_cfg.c **** static void CYCONFIGCPY(void *dest, const void *src, size_t n);
  80:Generated_Source\PSoC4/cyfitter_cfg.c **** CY_CFG_UNUSED
  81:Generated_Source\PSoC4/cyfitter_cfg.c **** static void CYCONFIGCPY(void *dest, const void *src, size_t n)
  82:Generated_Source\PSoC4/cyfitter_cfg.c **** {
  83:Generated_Source\PSoC4/cyfitter_cfg.c **** 	(void)memcpy(dest, src, n);
  84:Generated_Source\PSoC4/cyfitter_cfg.c **** }
  85:Generated_Source\PSoC4/cyfitter_cfg.c **** CY_CFG_UNUSED
  86:Generated_Source\PSoC4/cyfitter_cfg.c **** static void CYCONFIGCPYCODE(void *dest, const void *src, size_t n);
  87:Generated_Source\PSoC4/cyfitter_cfg.c **** CY_CFG_UNUSED
ARM GAS  C:\Users\lenovo\AppData\Local\Temp\ccV2vvkK.s 			page 3


  88:Generated_Source\PSoC4/cyfitter_cfg.c **** static void CYCONFIGCPYCODE(void *dest, const void *src, size_t n)
  89:Generated_Source\PSoC4/cyfitter_cfg.c **** {
  90:Generated_Source\PSoC4/cyfitter_cfg.c **** 	(void)memcpy(dest, src, n);
  91:Generated_Source\PSoC4/cyfitter_cfg.c **** }
  92:Generated_Source\PSoC4/cyfitter_cfg.c **** 
  93:Generated_Source\PSoC4/cyfitter_cfg.c **** 
  94:Generated_Source\PSoC4/cyfitter_cfg.c **** 
  95:Generated_Source\PSoC4/cyfitter_cfg.c **** 
  96:Generated_Source\PSoC4/cyfitter_cfg.c **** /* Clock startup error codes                                                   */
  97:Generated_Source\PSoC4/cyfitter_cfg.c **** #define CYCLOCKSTART_NO_ERROR    0u
  98:Generated_Source\PSoC4/cyfitter_cfg.c **** #define CYCLOCKSTART_XTAL_ERROR  1u
  99:Generated_Source\PSoC4/cyfitter_cfg.c **** #define CYCLOCKSTART_32KHZ_ERROR 2u
 100:Generated_Source\PSoC4/cyfitter_cfg.c **** #define CYCLOCKSTART_PLL_ERROR   3u
 101:Generated_Source\PSoC4/cyfitter_cfg.c **** #define CYCLOCKSTART_FLL_ERROR   4u
 102:Generated_Source\PSoC4/cyfitter_cfg.c **** #define CYCLOCKSTART_WCO_ERROR   5u
 103:Generated_Source\PSoC4/cyfitter_cfg.c **** 
 104:Generated_Source\PSoC4/cyfitter_cfg.c **** 
 105:Generated_Source\PSoC4/cyfitter_cfg.c **** #ifdef CY_NEED_CYCLOCKSTARTUPERROR
 106:Generated_Source\PSoC4/cyfitter_cfg.c **** /*******************************************************************************
 107:Generated_Source\PSoC4/cyfitter_cfg.c **** * Function Name: CyClockStartupError
 108:Generated_Source\PSoC4/cyfitter_cfg.c **** ********************************************************************************
 109:Generated_Source\PSoC4/cyfitter_cfg.c **** * Summary:
 110:Generated_Source\PSoC4/cyfitter_cfg.c **** *  If an error is encountered during clock configuration (crystal startup error,
 111:Generated_Source\PSoC4/cyfitter_cfg.c **** *  PLL lock error, etc.), the system will end up here.  Unless reimplemented by
 112:Generated_Source\PSoC4/cyfitter_cfg.c **** *  the customer, this function will stop in an infinite loop.
 113:Generated_Source\PSoC4/cyfitter_cfg.c **** *
 114:Generated_Source\PSoC4/cyfitter_cfg.c **** * Parameters:
 115:Generated_Source\PSoC4/cyfitter_cfg.c **** *   void
 116:Generated_Source\PSoC4/cyfitter_cfg.c **** *
 117:Generated_Source\PSoC4/cyfitter_cfg.c **** * Return:
 118:Generated_Source\PSoC4/cyfitter_cfg.c **** *   void
 119:Generated_Source\PSoC4/cyfitter_cfg.c **** *
 120:Generated_Source\PSoC4/cyfitter_cfg.c **** *******************************************************************************/
 121:Generated_Source\PSoC4/cyfitter_cfg.c **** CY_CFG_UNUSED
 122:Generated_Source\PSoC4/cyfitter_cfg.c **** static void CyClockStartupError(uint8 errorCode);
 123:Generated_Source\PSoC4/cyfitter_cfg.c **** CY_CFG_UNUSED
 124:Generated_Source\PSoC4/cyfitter_cfg.c **** static void CyClockStartupError(uint8 errorCode)
 125:Generated_Source\PSoC4/cyfitter_cfg.c **** {
 126:Generated_Source\PSoC4/cyfitter_cfg.c ****     /* To remove the compiler warning if errorCode not used.                */
 127:Generated_Source\PSoC4/cyfitter_cfg.c ****     errorCode = errorCode;
 128:Generated_Source\PSoC4/cyfitter_cfg.c **** 
 129:Generated_Source\PSoC4/cyfitter_cfg.c ****     /* If we have a clock startup error (bad MHz crystal, PLL lock, etc.),  */
 130:Generated_Source\PSoC4/cyfitter_cfg.c ****     /* we will end up here to allow the customer to implement something to  */
 131:Generated_Source\PSoC4/cyfitter_cfg.c ****     /* deal with the clock condition.                                       */
 132:Generated_Source\PSoC4/cyfitter_cfg.c **** 
 133:Generated_Source\PSoC4/cyfitter_cfg.c **** #ifdef CY_CFG_CLOCK_STARTUP_ERROR_CALLBACK
 134:Generated_Source\PSoC4/cyfitter_cfg.c ****     CY_CFG_Clock_Startup_ErrorCallback();
 135:Generated_Source\PSoC4/cyfitter_cfg.c **** #else
 136:Generated_Source\PSoC4/cyfitter_cfg.c ****     /*  If not using CY_CFG_CLOCK_STARTUP_ERROR_CALLBACK, place your clock startup code here. */
 137:Generated_Source\PSoC4/cyfitter_cfg.c ****     /* `#START CyClockStartupError` */
 138:Generated_Source\PSoC4/cyfitter_cfg.c **** 
 139:Generated_Source\PSoC4/cyfitter_cfg.c **** 
 140:Generated_Source\PSoC4/cyfitter_cfg.c **** 
 141:Generated_Source\PSoC4/cyfitter_cfg.c ****     /* `#END` */
 142:Generated_Source\PSoC4/cyfitter_cfg.c **** 
 143:Generated_Source\PSoC4/cyfitter_cfg.c ****     while(1) {}
 144:Generated_Source\PSoC4/cyfitter_cfg.c **** #endif /* CY_CFG_CLOCK_STARTUP_ERROR_CALLBACK */
ARM GAS  C:\Users\lenovo\AppData\Local\Temp\ccV2vvkK.s 			page 4


 145:Generated_Source\PSoC4/cyfitter_cfg.c **** }
 146:Generated_Source\PSoC4/cyfitter_cfg.c **** #endif
 147:Generated_Source\PSoC4/cyfitter_cfg.c **** 
 148:Generated_Source\PSoC4/cyfitter_cfg.c **** #define CY_CFG_BASE_ADDR_COUNT 3u
 149:Generated_Source\PSoC4/cyfitter_cfg.c **** CYPACKED typedef struct
 150:Generated_Source\PSoC4/cyfitter_cfg.c **** {
 151:Generated_Source\PSoC4/cyfitter_cfg.c **** 	uint8 offset;
 152:Generated_Source\PSoC4/cyfitter_cfg.c **** 	uint8 value;
 153:Generated_Source\PSoC4/cyfitter_cfg.c **** } CYPACKED_ATTR cy_cfg_addrvalue_t;
 154:Generated_Source\PSoC4/cyfitter_cfg.c **** 
 155:Generated_Source\PSoC4/cyfitter_cfg.c **** 
 156:Generated_Source\PSoC4/cyfitter_cfg.c **** 
 157:Generated_Source\PSoC4/cyfitter_cfg.c **** /*******************************************************************************
 158:Generated_Source\PSoC4/cyfitter_cfg.c **** * Function Name: cfg_write_bytes32
 159:Generated_Source\PSoC4/cyfitter_cfg.c **** ********************************************************************************
 160:Generated_Source\PSoC4/cyfitter_cfg.c **** * Summary:
 161:Generated_Source\PSoC4/cyfitter_cfg.c **** *  This function is used for setting up the chip configuration areas that
 162:Generated_Source\PSoC4/cyfitter_cfg.c **** *  contain relatively sparse data.
 163:Generated_Source\PSoC4/cyfitter_cfg.c **** *
 164:Generated_Source\PSoC4/cyfitter_cfg.c **** * Parameters:
 165:Generated_Source\PSoC4/cyfitter_cfg.c **** *   void
 166:Generated_Source\PSoC4/cyfitter_cfg.c **** *
 167:Generated_Source\PSoC4/cyfitter_cfg.c **** * Return:
 168:Generated_Source\PSoC4/cyfitter_cfg.c **** *   void
 169:Generated_Source\PSoC4/cyfitter_cfg.c **** *
 170:Generated_Source\PSoC4/cyfitter_cfg.c **** *******************************************************************************/
 171:Generated_Source\PSoC4/cyfitter_cfg.c **** static void cfg_write_bytes32(const uint32 addr_table[], const cy_cfg_addrvalue_t data_table[]);
 172:Generated_Source\PSoC4/cyfitter_cfg.c **** static void cfg_write_bytes32(const uint32 addr_table[], const cy_cfg_addrvalue_t data_table[])
 173:Generated_Source\PSoC4/cyfitter_cfg.c **** {
 174:Generated_Source\PSoC4/cyfitter_cfg.c **** 	/* For 32-bit little-endian architectures */
 175:Generated_Source\PSoC4/cyfitter_cfg.c **** 	uint32 i, j = 0u;
 176:Generated_Source\PSoC4/cyfitter_cfg.c **** 	for (i = 0u; i < CY_CFG_BASE_ADDR_COUNT; i++)
 177:Generated_Source\PSoC4/cyfitter_cfg.c **** 	{
 178:Generated_Source\PSoC4/cyfitter_cfg.c **** 		uint32 baseAddr = addr_table[i];
 179:Generated_Source\PSoC4/cyfitter_cfg.c **** 		uint8 count = (uint8)baseAddr;
 180:Generated_Source\PSoC4/cyfitter_cfg.c **** 		baseAddr &= 0xFFFFFF00u;
 181:Generated_Source\PSoC4/cyfitter_cfg.c **** 		while (count != 0u)
 182:Generated_Source\PSoC4/cyfitter_cfg.c **** 		{
 183:Generated_Source\PSoC4/cyfitter_cfg.c **** 			CY_SET_REG8((void *)(baseAddr + data_table[j].offset), data_table[j].value);
 184:Generated_Source\PSoC4/cyfitter_cfg.c **** 			j++;
 185:Generated_Source\PSoC4/cyfitter_cfg.c **** 			count--;
 186:Generated_Source\PSoC4/cyfitter_cfg.c **** 		}
 187:Generated_Source\PSoC4/cyfitter_cfg.c **** 	}
 188:Generated_Source\PSoC4/cyfitter_cfg.c **** }
 189:Generated_Source\PSoC4/cyfitter_cfg.c **** 
 190:Generated_Source\PSoC4/cyfitter_cfg.c **** 
 191:Generated_Source\PSoC4/cyfitter_cfg.c **** /*******************************************************************************
 192:Generated_Source\PSoC4/cyfitter_cfg.c **** * Function Name: ClockSetup
 193:Generated_Source\PSoC4/cyfitter_cfg.c **** ********************************************************************************
 194:Generated_Source\PSoC4/cyfitter_cfg.c **** *
 195:Generated_Source\PSoC4/cyfitter_cfg.c **** * Summary:
 196:Generated_Source\PSoC4/cyfitter_cfg.c **** *   Performs the initialization of all of the clocks in the device based on the
 197:Generated_Source\PSoC4/cyfitter_cfg.c **** *   settings in the Clock tab of the DWR.  This includes enabling the requested
 198:Generated_Source\PSoC4/cyfitter_cfg.c **** *   clocks and setting the necessary dividers to produce the desired frequency. 
 199:Generated_Source\PSoC4/cyfitter_cfg.c **** *
 200:Generated_Source\PSoC4/cyfitter_cfg.c **** * Parameters:
 201:Generated_Source\PSoC4/cyfitter_cfg.c **** *   void
ARM GAS  C:\Users\lenovo\AppData\Local\Temp\ccV2vvkK.s 			page 5


 202:Generated_Source\PSoC4/cyfitter_cfg.c **** *
 203:Generated_Source\PSoC4/cyfitter_cfg.c **** * Return:
 204:Generated_Source\PSoC4/cyfitter_cfg.c **** *   void
 205:Generated_Source\PSoC4/cyfitter_cfg.c **** *
 206:Generated_Source\PSoC4/cyfitter_cfg.c **** *******************************************************************************/
 207:Generated_Source\PSoC4/cyfitter_cfg.c **** static void ClockSetup(void);
 208:Generated_Source\PSoC4/cyfitter_cfg.c **** CY_CFG_SECTION
 209:Generated_Source\PSoC4/cyfitter_cfg.c **** static void ClockSetup(void)
 210:Generated_Source\PSoC4/cyfitter_cfg.c **** {
 211:Generated_Source\PSoC4/cyfitter_cfg.c **** 	/* Enable HALF_EN before trimming for the flash accelerator. */
 212:Generated_Source\PSoC4/cyfitter_cfg.c **** 	CY_SET_REG32((void CYXDATA *)(CYREG_CLK_SELECT), (CY_GET_REG32((void *)CYREG_CLK_SELECT) | 0x00040
 213:Generated_Source\PSoC4/cyfitter_cfg.c **** 
 214:Generated_Source\PSoC4/cyfitter_cfg.c **** 	/* Setup and trim IMO based on desired frequency. */
 215:Generated_Source\PSoC4/cyfitter_cfg.c **** 	CySysClkWriteImoFreq(24u);
 216:Generated_Source\PSoC4/cyfitter_cfg.c **** 
 217:Generated_Source\PSoC4/cyfitter_cfg.c **** 	/* Disable HALF_EN since it is not required at this IMO frequency. */
 218:Generated_Source\PSoC4/cyfitter_cfg.c **** 	CY_SET_REG32((void CYXDATA *)(CYREG_CLK_SELECT), (CY_GET_REG32((void *)CYREG_CLK_SELECT) & 0xFFFBF
 219:Generated_Source\PSoC4/cyfitter_cfg.c **** 	/* CYDEV_CLK_ILO_CONFIG Starting address: CYDEV_CLK_ILO_CONFIG */
 220:Generated_Source\PSoC4/cyfitter_cfg.c **** 	CY_SET_REG32((void *)(CYREG_CLK_ILO_CONFIG), 0x80000006u);
 221:Generated_Source\PSoC4/cyfitter_cfg.c **** 
 222:Generated_Source\PSoC4/cyfitter_cfg.c **** 
 223:Generated_Source\PSoC4/cyfitter_cfg.c **** 	/* CYDEV_CLK_SELECT00 Starting address: CYDEV_CLK_SELECT00 */
 224:Generated_Source\PSoC4/cyfitter_cfg.c **** 	CY_SET_REG32((void *)(CYREG_CLK_SELECT03), 0x00000010u);
 225:Generated_Source\PSoC4/cyfitter_cfg.c **** 	CY_SET_REG32((void *)(CYREG_CLK_SELECT08), 0x00000030u);
 226:Generated_Source\PSoC4/cyfitter_cfg.c **** 
 227:Generated_Source\PSoC4/cyfitter_cfg.c **** 	/* CYDEV_CLK_IMO_CONFIG Starting address: CYDEV_CLK_IMO_CONFIG */
 228:Generated_Source\PSoC4/cyfitter_cfg.c **** 	CY_SET_REG32((void *)(CYREG_CLK_IMO_CONFIG), 0x80000000u);
 229:Generated_Source\PSoC4/cyfitter_cfg.c **** 
 230:Generated_Source\PSoC4/cyfitter_cfg.c **** 	/* CYDEV_CLK_SELECT Starting address: CYDEV_CLK_SELECT */
 231:Generated_Source\PSoC4/cyfitter_cfg.c **** 	CY_SET_REG32((void *)(CYREG_CLK_SELECT), 0x00000000u);
 232:Generated_Source\PSoC4/cyfitter_cfg.c **** 
 233:Generated_Source\PSoC4/cyfitter_cfg.c **** 	/* CYDEV_CLK_DIVIDER_A00 Starting address: CYDEV_CLK_DIVIDER_A00 */
 234:Generated_Source\PSoC4/cyfitter_cfg.c **** 	CY_SET_REG32((void *)(CYREG_CLK_DIVIDER_A00), 0x8000000Eu);
 235:Generated_Source\PSoC4/cyfitter_cfg.c **** 
 236:Generated_Source\PSoC4/cyfitter_cfg.c **** 	/* CYDEV_CLK_DIVIDER_B00 Starting address: CYDEV_CLK_DIVIDER_B00 */
 237:Generated_Source\PSoC4/cyfitter_cfg.c **** 	CY_SET_REG32((void *)(CYREG_CLK_DIVIDER_B00), 0x80000176u);
 238:Generated_Source\PSoC4/cyfitter_cfg.c **** 
 239:Generated_Source\PSoC4/cyfitter_cfg.c **** 	/* CYDEV_CLK_DIVIDER_C00 Starting address: CYDEV_CLK_DIVIDER_C00 */
 240:Generated_Source\PSoC4/cyfitter_cfg.c **** 	CY_SET_REG32((void *)(CYREG_CLK_DIVIDER_C00), 0xC000013Fu);
 241:Generated_Source\PSoC4/cyfitter_cfg.c **** 
 242:Generated_Source\PSoC4/cyfitter_cfg.c **** 	CY_SET_REG32((void *)(CYREG_WDT_CONFIG), 0x00000000u);
 243:Generated_Source\PSoC4/cyfitter_cfg.c **** }
 244:Generated_Source\PSoC4/cyfitter_cfg.c **** 
 245:Generated_Source\PSoC4/cyfitter_cfg.c **** 
 246:Generated_Source\PSoC4/cyfitter_cfg.c **** /* Analog API Functions */
 247:Generated_Source\PSoC4/cyfitter_cfg.c **** 
 248:Generated_Source\PSoC4/cyfitter_cfg.c **** 
 249:Generated_Source\PSoC4/cyfitter_cfg.c **** /*******************************************************************************
 250:Generated_Source\PSoC4/cyfitter_cfg.c **** * Function Name: AnalogSetDefault
 251:Generated_Source\PSoC4/cyfitter_cfg.c **** ********************************************************************************
 252:Generated_Source\PSoC4/cyfitter_cfg.c **** *
 253:Generated_Source\PSoC4/cyfitter_cfg.c **** * Summary:
 254:Generated_Source\PSoC4/cyfitter_cfg.c **** *  Sets up the analog portions of the chip to default values based on chip
 255:Generated_Source\PSoC4/cyfitter_cfg.c **** *  configuration options from the project.
 256:Generated_Source\PSoC4/cyfitter_cfg.c **** *
 257:Generated_Source\PSoC4/cyfitter_cfg.c **** * Parameters:
 258:Generated_Source\PSoC4/cyfitter_cfg.c **** *  void
ARM GAS  C:\Users\lenovo\AppData\Local\Temp\ccV2vvkK.s 			page 6


 259:Generated_Source\PSoC4/cyfitter_cfg.c **** *
 260:Generated_Source\PSoC4/cyfitter_cfg.c **** * Return:
 261:Generated_Source\PSoC4/cyfitter_cfg.c **** *  void
 262:Generated_Source\PSoC4/cyfitter_cfg.c **** *
 263:Generated_Source\PSoC4/cyfitter_cfg.c **** *******************************************************************************/
 264:Generated_Source\PSoC4/cyfitter_cfg.c **** static void AnalogSetDefault(void);
 265:Generated_Source\PSoC4/cyfitter_cfg.c **** static void AnalogSetDefault(void)
 266:Generated_Source\PSoC4/cyfitter_cfg.c **** {
 267:Generated_Source\PSoC4/cyfitter_cfg.c **** }
 268:Generated_Source\PSoC4/cyfitter_cfg.c **** 
 269:Generated_Source\PSoC4/cyfitter_cfg.c **** 
 270:Generated_Source\PSoC4/cyfitter_cfg.c **** 
 271:Generated_Source\PSoC4/cyfitter_cfg.c **** 
 272:Generated_Source\PSoC4/cyfitter_cfg.c **** /*******************************************************************************
 273:Generated_Source\PSoC4/cyfitter_cfg.c **** * Function Name: cyfitter_cfg
 274:Generated_Source\PSoC4/cyfitter_cfg.c **** ********************************************************************************
 275:Generated_Source\PSoC4/cyfitter_cfg.c **** * Summary:
 276:Generated_Source\PSoC4/cyfitter_cfg.c **** *  This function is called by the start-up code for the selected device. It
 277:Generated_Source\PSoC4/cyfitter_cfg.c **** *  performs all of the necessary device configuration based on the design
 278:Generated_Source\PSoC4/cyfitter_cfg.c **** *  settings.  This includes settings from the Design Wide Resources (DWR) such
 279:Generated_Source\PSoC4/cyfitter_cfg.c **** *  as Clocks and Pins as well as any component configuration that is necessary.
 280:Generated_Source\PSoC4/cyfitter_cfg.c **** *
 281:Generated_Source\PSoC4/cyfitter_cfg.c **** * Parameters:
 282:Generated_Source\PSoC4/cyfitter_cfg.c **** *   void
 283:Generated_Source\PSoC4/cyfitter_cfg.c **** *
 284:Generated_Source\PSoC4/cyfitter_cfg.c **** * Return:
 285:Generated_Source\PSoC4/cyfitter_cfg.c **** *   void
 286:Generated_Source\PSoC4/cyfitter_cfg.c **** *
 287:Generated_Source\PSoC4/cyfitter_cfg.c **** *******************************************************************************/
 288:Generated_Source\PSoC4/cyfitter_cfg.c **** CY_CFG_SECTION
 289:Generated_Source\PSoC4/cyfitter_cfg.c **** void cyfitter_cfg(void)
 290:Generated_Source\PSoC4/cyfitter_cfg.c **** {
  28              		.loc 1 290 0
  29              		.cfi_startproc
  30              		@ args = 0, pretend = 0, frame = 8
  31              		@ frame_needed = 0, uses_anonymous_args = 0
  32 0000 F7B5     		push	{r0, r1, r2, r4, r5, r6, r7, lr}
  33              		.cfi_def_cfa_offset 32
  34              		.cfi_offset 0, -32
  35              		.cfi_offset 1, -28
  36              		.cfi_offset 2, -24
  37              		.cfi_offset 4, -20
  38              		.cfi_offset 5, -16
  39              		.cfi_offset 6, -12
  40              		.cfi_offset 7, -8
  41              		.cfi_offset 14, -4
 291:Generated_Source\PSoC4/cyfitter_cfg.c **** 	/* Disable interrupts by default. Let user enable if/when they want. */
 292:Generated_Source\PSoC4/cyfitter_cfg.c **** 	CyGlobalIntDisable;
  42              		.loc 1 292 0
  43              		.syntax divided
  44              	@ 292 "Generated_Source\PSoC4\cyfitter_cfg.c" 1
  45 0002 72B6     		CPSID   i
  46              	@ 0 "" 2
  47              	.LVL0:
  48              		.thumb
  49              		.syntax unified
  50              	.LBB16:
ARM GAS  C:\Users\lenovo\AppData\Local\Temp\ccV2vvkK.s 			page 7


  51              	.LBB17:
  52              	.LBB18:
  53              	.LBB19:
  76:Generated_Source\PSoC4/cyfitter_cfg.c **** }
  54              		.loc 1 76 0
  55 0004 8022     		movs	r2, #128
  56 0006 0021     		movs	r1, #0
  57 0008 D200     		lsls	r2, r2, #3
  58 000a 3948     		ldr	r0, .L8
  59 000c FFF7FEFF 		bl	memset
  60              	.LVL1:
  61 0010 8022     		movs	r2, #128
  62 0012 0021     		movs	r1, #0
  63 0014 D200     		lsls	r2, r2, #3
  64 0016 3748     		ldr	r0, .L8+4
  65 0018 FFF7FEFF 		bl	memset
  66              	.LVL2:
  67 001c 0022     		movs	r2, #0
  68              	.LBE19:
  69              	.LBE18:
  70              	.LBE17:
  71              	.LBB22:
  72              	.LBB23:
  73              	.LBB24:
 180:Generated_Source\PSoC4/cyfitter_cfg.c **** 		while (count != 0u)
  74              		.loc 1 180 0
  75 001e FF25     		movs	r5, #255
  76              	.LBE24:
  77              	.LBE23:
  78              	.LBE22:
  79              	.LBB27:
  80              	.LBB21:
  81              	.LBB20:
  76:Generated_Source\PSoC4/cyfitter_cfg.c **** }
  82              		.loc 1 76 0
  83 0020 1100     		movs	r1, r2
  84 0022 354E     		ldr	r6, .L8+8
  85 0024 0C36     		adds	r6, r6, #12
  86              	.LVL3:
  87              	.L4:
  88              	.LBE20:
  89              	.LBE21:
  90              	.LBE27:
  91              	.LBB28:
  92              	.LBB26:
  93              	.LBB25:
 178:Generated_Source\PSoC4/cyfitter_cfg.c **** 		uint8 count = (uint8)baseAddr;
  94              		.loc 1 178 0
  95 0026 344B     		ldr	r3, .L8+8
  96 0028 D058     		ldr	r0, [r2, r3]
  97              	.LVL4:
  98 002a 4B00     		lsls	r3, r1, #1
 180:Generated_Source\PSoC4/cyfitter_cfg.c **** 		while (count != 0u)
  99              		.loc 1 180 0
 100 002c 0700     		movs	r7, r0
 101 002e 2840     		ands	r0, r5
 102              	.LVL5:
ARM GAS  C:\Users\lenovo\AppData\Local\Temp\ccV2vvkK.s 			page 8


 103 0030 0918     		adds	r1, r1, r0
 104              	.LVL6:
 105 0032 4800     		lsls	r0, r1, #1
 106 0034 0130     		adds	r0, r0, #1
 107 0036 0133     		adds	r3, r3, #1
 108 0038 3018     		adds	r0, r6, r0
 109 003a AF43     		bics	r7, r5
 110              	.LVL7:
 111 003c F318     		adds	r3, r6, r3
 112 003e 0190     		str	r0, [sp, #4]
 113              	.LVL8:
 114              	.L2:
 181:Generated_Source\PSoC4/cyfitter_cfg.c **** 		{
 115              		.loc 1 181 0
 116 0040 0198     		ldr	r0, [sp, #4]
 117 0042 8342     		cmp	r3, r0
 118 0044 07D0     		beq	.L7
 183:Generated_Source\PSoC4/cyfitter_cfg.c **** 			j++;
 119              		.loc 1 183 0
 120 0046 581E     		subs	r0, r3, #1
 121 0048 0078     		ldrb	r0, [r0]
 122 004a C019     		adds	r0, r0, r7
 123 004c 0400     		movs	r4, r0
 124 004e 1878     		ldrb	r0, [r3]
 125 0050 0233     		adds	r3, r3, #2
 126 0052 2070     		strb	r0, [r4]
 127 0054 F4E7     		b	.L2
 128              	.L7:
 129              	.LVL9:
 130 0056 0432     		adds	r2, r2, #4
 131              	.LBE25:
 176:Generated_Source\PSoC4/cyfitter_cfg.c **** 	{
 132              		.loc 1 176 0
 133 0058 0C2A     		cmp	r2, #12
 134 005a E4D1     		bne	.L4
 135              	.LVL10:
 136              	.LBE26:
 137              	.LBE28:
 293:Generated_Source\PSoC4/cyfitter_cfg.c **** 
 294:Generated_Source\PSoC4/cyfitter_cfg.c **** 	{
 295:Generated_Source\PSoC4/cyfitter_cfg.c **** 		static const uint32 CYCODE cy_cfg_addr_table[] = {
 296:Generated_Source\PSoC4/cyfitter_cfg.c **** 			0x400F3301u, /* Base address: 0x400F3300 Count: 1 */
 297:Generated_Source\PSoC4/cyfitter_cfg.c **** 			0x400F4103u, /* Base address: 0x400F4100 Count: 3 */
 298:Generated_Source\PSoC4/cyfitter_cfg.c **** 			0x400F4304u, /* Base address: 0x400F4300 Count: 4 */
 299:Generated_Source\PSoC4/cyfitter_cfg.c **** 		};
 300:Generated_Source\PSoC4/cyfitter_cfg.c **** 
 301:Generated_Source\PSoC4/cyfitter_cfg.c **** 		static const cy_cfg_addrvalue_t CYCODE cy_cfg_data_table[] = {
 302:Generated_Source\PSoC4/cyfitter_cfg.c **** 			{0xE6u, 0x10u},
 303:Generated_Source\PSoC4/cyfitter_cfg.c **** 			{0x62u, 0x04u},
 304:Generated_Source\PSoC4/cyfitter_cfg.c **** 			{0x8Eu, 0x04u},
 305:Generated_Source\PSoC4/cyfitter_cfg.c **** 			{0xD8u, 0x40u},
 306:Generated_Source\PSoC4/cyfitter_cfg.c **** 			{0x18u, 0x80u},
 307:Generated_Source\PSoC4/cyfitter_cfg.c **** 			{0x8Cu, 0x40u},
 308:Generated_Source\PSoC4/cyfitter_cfg.c **** 			{0xC6u, 0x08u},
 309:Generated_Source\PSoC4/cyfitter_cfg.c **** 			{0xE6u, 0x08u},
 310:Generated_Source\PSoC4/cyfitter_cfg.c **** 		};
 311:Generated_Source\PSoC4/cyfitter_cfg.c **** 
ARM GAS  C:\Users\lenovo\AppData\Local\Temp\ccV2vvkK.s 			page 9


 312:Generated_Source\PSoC4/cyfitter_cfg.c **** 
 313:Generated_Source\PSoC4/cyfitter_cfg.c **** 
 314:Generated_Source\PSoC4/cyfitter_cfg.c **** 		CYPACKED typedef struct {
 315:Generated_Source\PSoC4/cyfitter_cfg.c **** 			void CYFAR *address;
 316:Generated_Source\PSoC4/cyfitter_cfg.c **** 			uint16 size;
 317:Generated_Source\PSoC4/cyfitter_cfg.c **** 		} CYPACKED_ATTR cfg_memset_t;
 318:Generated_Source\PSoC4/cyfitter_cfg.c **** 
 319:Generated_Source\PSoC4/cyfitter_cfg.c **** 		static const cfg_memset_t CYCODE cfg_memset_list[] = {
 320:Generated_Source\PSoC4/cyfitter_cfg.c **** 			/* address, size */
 321:Generated_Source\PSoC4/cyfitter_cfg.c **** 			{(void CYFAR *)(CYDEV_UDB_P0_U0_BASE), 1024u},
 322:Generated_Source\PSoC4/cyfitter_cfg.c **** 			{(void CYFAR *)(CYDEV_UDB_DSI0_BASE), 1024u},
 323:Generated_Source\PSoC4/cyfitter_cfg.c **** 		};
 324:Generated_Source\PSoC4/cyfitter_cfg.c **** 
 325:Generated_Source\PSoC4/cyfitter_cfg.c **** 		uint8 CYDATA i;
 326:Generated_Source\PSoC4/cyfitter_cfg.c **** 
 327:Generated_Source\PSoC4/cyfitter_cfg.c **** 		/* Zero out critical memory blocks before beginning configuration */
 328:Generated_Source\PSoC4/cyfitter_cfg.c **** 		for (i = 0u; i < (sizeof(cfg_memset_list)/sizeof(cfg_memset_list[0])); i++)
 329:Generated_Source\PSoC4/cyfitter_cfg.c **** 		{
 330:Generated_Source\PSoC4/cyfitter_cfg.c **** 			const cfg_memset_t CYCODE * CYDATA ms = &cfg_memset_list[i];
 331:Generated_Source\PSoC4/cyfitter_cfg.c **** 			CYMEMZERO(ms->address, (size_t)(uint32)(ms->size));
 332:Generated_Source\PSoC4/cyfitter_cfg.c **** 		}
 333:Generated_Source\PSoC4/cyfitter_cfg.c **** 
 334:Generated_Source\PSoC4/cyfitter_cfg.c **** 		cfg_write_bytes32(cy_cfg_addr_table, cy_cfg_data_table);
 335:Generated_Source\PSoC4/cyfitter_cfg.c **** 
 336:Generated_Source\PSoC4/cyfitter_cfg.c **** 		/* HSIOM Starting address: CYDEV_HSIOM_BASE */
 337:Generated_Source\PSoC4/cyfitter_cfg.c **** 		CY_SET_REG32((void *)(CYREG_HSIOM_PORT_SEL1), 0x30000000u);
 138              		.loc 1 337 0
 139 005c C022     		movs	r2, #192
 140 005e 274B     		ldr	r3, .L8+12
 141 0060 9205     		lsls	r2, r2, #22
 142 0062 1A60     		str	r2, [r3]
 338:Generated_Source\PSoC4/cyfitter_cfg.c **** 		CY_SET_REG32((void *)(CYREG_HSIOM_PORT_SEL3), 0x0000EEEEu);
 143              		.loc 1 338 0
 144 0064 264A     		ldr	r2, .L8+16
 145 0066 274B     		ldr	r3, .L8+20
 339:Generated_Source\PSoC4/cyfitter_cfg.c **** 
 340:Generated_Source\PSoC4/cyfitter_cfg.c **** 		/* UDB_PA_1 Starting address: CYDEV_UDB_PA1_BASE */
 341:Generated_Source\PSoC4/cyfitter_cfg.c **** 		CY_SET_REG32((void *)(CYDEV_UDB_PA1_BASE), 0x00990000u);
 342:Generated_Source\PSoC4/cyfitter_cfg.c **** 		CY_SET_REG32((void *)(CYREG_UDB_PA1_CFG8), 0x80000000u);
 146              		.loc 1 342 0
 147 0068 8025     		movs	r5, #128
 338:Generated_Source\PSoC4/cyfitter_cfg.c **** 		CY_SET_REG32((void *)(CYREG_HSIOM_PORT_SEL3), 0x0000EEEEu);
 148              		.loc 1 338 0
 149 006a 1A60     		str	r2, [r3]
 341:Generated_Source\PSoC4/cyfitter_cfg.c **** 		CY_SET_REG32((void *)(CYREG_UDB_PA1_CFG8), 0x80000000u);
 150              		.loc 1 341 0
 151 006c 9923     		movs	r3, #153
 343:Generated_Source\PSoC4/cyfitter_cfg.c **** 
 344:Generated_Source\PSoC4/cyfitter_cfg.c **** 		/* UDB_PA_3 Starting address: CYDEV_UDB_PA3_BASE */
 345:Generated_Source\PSoC4/cyfitter_cfg.c **** 		CY_SET_REG32((void *)(CYDEV_UDB_PA3_BASE), 0x00990000u);
 346:Generated_Source\PSoC4/cyfitter_cfg.c **** 
 347:Generated_Source\PSoC4/cyfitter_cfg.c **** 		/* Enable digital routing */
 348:Generated_Source\PSoC4/cyfitter_cfg.c **** 		CY_SET_XTND_REG8((void *)CYREG_UDB_UDBIF_BANK_CTL, (uint8)(CY_GET_XTND_REG8((void *)CYREG_UDB_UDB
 152              		.loc 1 348 0
 153 006e 0621     		movs	r1, #6
 341:Generated_Source\PSoC4/cyfitter_cfg.c **** 		CY_SET_REG32((void *)(CYREG_UDB_PA1_CFG8), 0x80000000u);
 154              		.loc 1 341 0
ARM GAS  C:\Users\lenovo\AppData\Local\Temp\ccV2vvkK.s 			page 10


 155 0070 254A     		ldr	r2, .L8+24
 156 0072 1B04     		lsls	r3, r3, #16
 157 0074 1360     		str	r3, [r2]
 342:Generated_Source\PSoC4/cyfitter_cfg.c **** 
 158              		.loc 1 342 0
 159 0076 254A     		ldr	r2, .L8+28
 160 0078 2D06     		lsls	r5, r5, #24
 161 007a 1560     		str	r5, [r2]
 345:Generated_Source\PSoC4/cyfitter_cfg.c **** 
 162              		.loc 1 345 0
 163 007c 244A     		ldr	r2, .L8+32
 164              	.LBE16:
 165              	.LBB29:
 166              	.LBB30:
 212:Generated_Source\PSoC4/cyfitter_cfg.c **** 
 167              		.loc 1 212 0
 168 007e 254C     		ldr	r4, .L8+36
 169              	.LBE30:
 170              	.LBE29:
 171              	.LBB33:
 345:Generated_Source\PSoC4/cyfitter_cfg.c **** 
 172              		.loc 1 345 0
 173 0080 1360     		str	r3, [r2]
 174              		.loc 1 348 0
 175 0082 254A     		ldr	r2, .L8+40
 176              	.LBE33:
 177              	.LBB34:
 178              	.LBB31:
 215:Generated_Source\PSoC4/cyfitter_cfg.c **** 
 179              		.loc 1 215 0
 180 0084 1820     		movs	r0, #24
 181              	.LBE31:
 182              	.LBE34:
 183              	.LBB35:
 184              		.loc 1 348 0
 185 0086 1378     		ldrb	r3, [r2]
 186              	.LBE35:
 349:Generated_Source\PSoC4/cyfitter_cfg.c **** 	}
 350:Generated_Source\PSoC4/cyfitter_cfg.c **** 
 351:Generated_Source\PSoC4/cyfitter_cfg.c **** 	/* Perform second pass device configuration. These items must be configured in specific order afte
 352:Generated_Source\PSoC4/cyfitter_cfg.c **** 	/* IOPINS0_1 Starting address: CYDEV_PRT1_BASE */
 353:Generated_Source\PSoC4/cyfitter_cfg.c **** 	CY_SET_REG32((void *)(CYDEV_PRT1_BASE), 0x00000080u);
 354:Generated_Source\PSoC4/cyfitter_cfg.c **** 	CY_SET_REG32((void *)(CYREG_PRT1_PC), 0x00C00000u);
 355:Generated_Source\PSoC4/cyfitter_cfg.c **** 
 356:Generated_Source\PSoC4/cyfitter_cfg.c **** 	/* IOPINS0_3 Starting address: CYDEV_PRT3_BASE */
 357:Generated_Source\PSoC4/cyfitter_cfg.c **** 	CY_SET_REG32((void *)(CYDEV_PRT3_BASE), 0x00000003u);
 358:Generated_Source\PSoC4/cyfitter_cfg.c **** 	CY_SET_REG32((void *)(CYREG_PRT3_PC), 0x00000DA4u);
 359:Generated_Source\PSoC4/cyfitter_cfg.c **** 
 360:Generated_Source\PSoC4/cyfitter_cfg.c **** 
 361:Generated_Source\PSoC4/cyfitter_cfg.c **** 	/* Setup clocks based on selections from Clock DWR */
 362:Generated_Source\PSoC4/cyfitter_cfg.c **** 	ClockSetup();
 363:Generated_Source\PSoC4/cyfitter_cfg.c **** 
 364:Generated_Source\PSoC4/cyfitter_cfg.c **** 	/* Perform basic analog initialization to defaults */
 365:Generated_Source\PSoC4/cyfitter_cfg.c **** 	AnalogSetDefault();
 366:Generated_Source\PSoC4/cyfitter_cfg.c **** 
 367:Generated_Source\PSoC4/cyfitter_cfg.c **** }
 187              		.loc 1 367 0
ARM GAS  C:\Users\lenovo\AppData\Local\Temp\ccV2vvkK.s 			page 11


 188              		@ sp needed
 189              	.LBB36:
 348:Generated_Source\PSoC4/cyfitter_cfg.c **** 	}
 190              		.loc 1 348 0
 191 0088 0B43     		orrs	r3, r1
 192 008a 1370     		strb	r3, [r2]
 193              	.LBE36:
 353:Generated_Source\PSoC4/cyfitter_cfg.c **** 	CY_SET_REG32((void *)(CYREG_PRT1_PC), 0x00C00000u);
 194              		.loc 1 353 0
 195 008c 8022     		movs	r2, #128
 196 008e 234B     		ldr	r3, .L8+44
 197 0090 1A60     		str	r2, [r3]
 354:Generated_Source\PSoC4/cyfitter_cfg.c **** 
 198              		.loc 1 354 0
 199 0092 C022     		movs	r2, #192
 200 0094 224B     		ldr	r3, .L8+48
 201 0096 1204     		lsls	r2, r2, #16
 202 0098 1A60     		str	r2, [r3]
 357:Generated_Source\PSoC4/cyfitter_cfg.c **** 	CY_SET_REG32((void *)(CYREG_PRT3_PC), 0x00000DA4u);
 203              		.loc 1 357 0
 204 009a 0322     		movs	r2, #3
 205 009c 214B     		ldr	r3, .L8+52
 206 009e 1A60     		str	r2, [r3]
 358:Generated_Source\PSoC4/cyfitter_cfg.c **** 
 207              		.loc 1 358 0
 208 00a0 214A     		ldr	r2, .L8+56
 209 00a2 224B     		ldr	r3, .L8+60
 210 00a4 1A60     		str	r2, [r3]
 211              	.LBB37:
 212              	.LBB32:
 212:Generated_Source\PSoC4/cyfitter_cfg.c **** 
 213              		.loc 1 212 0
 214 00a6 8022     		movs	r2, #128
 215 00a8 2368     		ldr	r3, [r4]
 216 00aa D202     		lsls	r2, r2, #11
 217 00ac 1343     		orrs	r3, r2
 218 00ae 2360     		str	r3, [r4]
 215:Generated_Source\PSoC4/cyfitter_cfg.c **** 
 219              		.loc 1 215 0
 220 00b0 FFF7FEFF 		bl	CySysClkWriteImoFreq
 221              	.LVL11:
 218:Generated_Source\PSoC4/cyfitter_cfg.c **** 	/* CYDEV_CLK_ILO_CONFIG Starting address: CYDEV_CLK_ILO_CONFIG */
 222              		.loc 1 218 0
 223 00b4 2268     		ldr	r2, [r4]
 224 00b6 1E4B     		ldr	r3, .L8+64
 234:Generated_Source\PSoC4/cyfitter_cfg.c **** 
 225              		.loc 1 234 0
 226 00b8 1E49     		ldr	r1, .L8+68
 218:Generated_Source\PSoC4/cyfitter_cfg.c **** 	/* CYDEV_CLK_ILO_CONFIG Starting address: CYDEV_CLK_ILO_CONFIG */
 227              		.loc 1 218 0
 228 00ba 1340     		ands	r3, r2
 229 00bc 2360     		str	r3, [r4]
 220:Generated_Source\PSoC4/cyfitter_cfg.c **** 
 230              		.loc 1 220 0
 231 00be 1E4A     		ldr	r2, .L8+72
 232 00c0 1E4B     		ldr	r3, .L8+76
 233 00c2 1A60     		str	r2, [r3]
ARM GAS  C:\Users\lenovo\AppData\Local\Temp\ccV2vvkK.s 			page 12


 224:Generated_Source\PSoC4/cyfitter_cfg.c **** 	CY_SET_REG32((void *)(CYREG_CLK_SELECT08), 0x00000030u);
 234              		.loc 1 224 0
 235 00c4 1022     		movs	r2, #16
 236 00c6 1E4B     		ldr	r3, .L8+80
 237 00c8 1A60     		str	r2, [r3]
 225:Generated_Source\PSoC4/cyfitter_cfg.c **** 
 238              		.loc 1 225 0
 239 00ca 1E4B     		ldr	r3, .L8+84
 240 00cc 2032     		adds	r2, r2, #32
 241 00ce 1A60     		str	r2, [r3]
 228:Generated_Source\PSoC4/cyfitter_cfg.c **** 
 242              		.loc 1 228 0
 243 00d0 1D4B     		ldr	r3, .L8+88
 234:Generated_Source\PSoC4/cyfitter_cfg.c **** 
 244              		.loc 1 234 0
 245 00d2 1E4A     		ldr	r2, .L8+92
 228:Generated_Source\PSoC4/cyfitter_cfg.c **** 
 246              		.loc 1 228 0
 247 00d4 1D60     		str	r5, [r3]
 231:Generated_Source\PSoC4/cyfitter_cfg.c **** 
 248              		.loc 1 231 0
 249 00d6 0023     		movs	r3, #0
 250 00d8 2360     		str	r3, [r4]
 234:Generated_Source\PSoC4/cyfitter_cfg.c **** 
 251              		.loc 1 234 0
 252 00da 1160     		str	r1, [r2]
 237:Generated_Source\PSoC4/cyfitter_cfg.c **** 
 253              		.loc 1 237 0
 254 00dc 1C49     		ldr	r1, .L8+96
 255 00de 1D4A     		ldr	r2, .L8+100
 256 00e0 1160     		str	r1, [r2]
 240:Generated_Source\PSoC4/cyfitter_cfg.c **** 
 257              		.loc 1 240 0
 258 00e2 1D49     		ldr	r1, .L8+104
 259 00e4 1D4A     		ldr	r2, .L8+108
 260 00e6 1160     		str	r1, [r2]
 242:Generated_Source\PSoC4/cyfitter_cfg.c **** }
 261              		.loc 1 242 0
 262 00e8 1D4A     		ldr	r2, .L8+112
 263 00ea 1360     		str	r3, [r2]
 264              	.LBE32:
 265              	.LBE37:
 266              		.loc 1 367 0
 267 00ec F7BD     		pop	{r0, r1, r2, r4, r5, r6, r7, pc}
 268              	.L9:
 269 00ee C046     		.align	2
 270              	.L8:
 271 00f0 00300F40 		.word	1074737152
 272 00f4 00400F40 		.word	1074741248
 273 00f8 00000000 		.word	.LANCHOR0
 274 00fc 04000140 		.word	1073807364
 275 0100 EEEE0000 		.word	61166
 276 0104 0C000140 		.word	1073807372
 277 0108 10500F40 		.word	1074745360
 278 010c 18500F40 		.word	1074745368
 279 0110 30500F40 		.word	1074745392
 280 0114 00010B40 		.word	1074462976
ARM GAS  C:\Users\lenovo\AppData\Local\Temp\ccV2vvkK.s 			page 13


 281 0118 00700F40 		.word	1074753536
 282 011c 00010440 		.word	1074004224
 283 0120 08010440 		.word	1074004232
 284 0124 00030440 		.word	1074004736
 285 0128 A40D0000 		.word	3492
 286 012c 08030440 		.word	1074004744
 287 0130 FFFFFBFF 		.word	-262145
 288 0134 0E000080 		.word	-2147483634
 289 0138 06000080 		.word	-2147483642
 290 013c 04010B40 		.word	1074462980
 291 0140 0C020240 		.word	1073873420
 292 0144 20020240 		.word	1073873440
 293 0148 08010B40 		.word	1074462984
 294 014c 00000240 		.word	1073872896
 295 0150 76010080 		.word	-2147483274
 296 0154 40000240 		.word	1073872960
 297 0158 3F0100C0 		.word	-1073741505
 298 015c 80000240 		.word	1073873024
 299 0160 0C020B40 		.word	1074463244
 300              		.cfi_endproc
 301              	.LFE6:
 302              		.size	cyfitter_cfg, .-cyfitter_cfg
 303              		.section	.rodata
 304              		.align	2
 305              		.set	.LANCHOR0,. + 0
 306              		.type	cy_cfg_addr_table.4864, %object
 307              		.size	cy_cfg_addr_table.4864, 12
 308              	cy_cfg_addr_table.4864:
 309 0000 01330F40 		.word	1074737921
 310 0004 03410F40 		.word	1074741507
 311 0008 04430F40 		.word	1074742020
 312              		.type	cy_cfg_data_table.4865, %object
 313              		.size	cy_cfg_data_table.4865, 16
 314              	cy_cfg_data_table.4865:
 315 000c E6       		.byte	-26
 316 000d 10       		.byte	16
 317 000e 62       		.byte	98
 318 000f 04       		.byte	4
 319 0010 8E       		.byte	-114
 320 0011 04       		.byte	4
 321 0012 D8       		.byte	-40
 322 0013 40       		.byte	64
 323 0014 18       		.byte	24
 324 0015 80       		.byte	-128
 325 0016 8C       		.byte	-116
 326 0017 40       		.byte	64
 327 0018 C6       		.byte	-58
 328 0019 08       		.byte	8
 329 001a E6       		.byte	-26
 330 001b 08       		.byte	8
 331              		.text
 332              	.Letext0:
 333              		.file 2 "c:\\program files (x86)\\cypress\\psoc creator\\4.2\\psoc creator\\import\\gnu\\arm\\5.4.
 334              		.file 3 "Generated_Source\\PSoC4\\cytypes.h"
 335              		.file 4 "Generated_Source\\PSoC4\\CyLib.h"
 336              		.section	.debug_info,"",%progbits
 337              	.Ldebug_info0:
ARM GAS  C:\Users\lenovo\AppData\Local\Temp\ccV2vvkK.s 			page 14


 338 0000 80030000 		.4byte	0x380
 339 0004 0400     		.2byte	0x4
 340 0006 00000000 		.4byte	.Ldebug_abbrev0
 341 000a 04       		.byte	0x4
 342 000b 01       		.uleb128 0x1
 343 000c 2D020000 		.4byte	.LASF37
 344 0010 0C       		.byte	0xc
 345 0011 07020000 		.4byte	.LASF38
 346 0015 59000000 		.4byte	.LASF39
 347 0019 90000000 		.4byte	.Ldebug_ranges0+0x90
 348 001d 00000000 		.4byte	0
 349 0021 00000000 		.4byte	.Ldebug_line0
 350 0025 02       		.uleb128 0x2
 351 0026 04       		.byte	0x4
 352 0027 05       		.byte	0x5
 353 0028 696E7400 		.ascii	"int\000"
 354 002c 03       		.uleb128 0x3
 355 002d 06000000 		.4byte	.LASF12
 356 0031 02       		.byte	0x2
 357 0032 D8       		.byte	0xd8
 358 0033 37000000 		.4byte	0x37
 359 0037 04       		.uleb128 0x4
 360 0038 04       		.byte	0x4
 361 0039 07       		.byte	0x7
 362 003a 3C010000 		.4byte	.LASF0
 363 003e 04       		.uleb128 0x4
 364 003f 08       		.byte	0x8
 365 0040 05       		.byte	0x5
 366 0041 9A010000 		.4byte	.LASF1
 367 0045 04       		.uleb128 0x4
 368 0046 08       		.byte	0x8
 369 0047 04       		.byte	0x4
 370 0048 EF010000 		.4byte	.LASF2
 371 004c 04       		.uleb128 0x4
 372 004d 01       		.byte	0x1
 373 004e 06       		.byte	0x6
 374 004f FB010000 		.4byte	.LASF3
 375 0053 04       		.uleb128 0x4
 376 0054 01       		.byte	0x1
 377 0055 08       		.byte	0x8
 378 0056 DD000000 		.4byte	.LASF4
 379 005a 04       		.uleb128 0x4
 380 005b 02       		.byte	0x2
 381 005c 05       		.byte	0x5
 382 005d C7010000 		.4byte	.LASF5
 383 0061 04       		.uleb128 0x4
 384 0062 02       		.byte	0x2
 385 0063 07       		.byte	0x7
 386 0064 87010000 		.4byte	.LASF6
 387 0068 04       		.uleb128 0x4
 388 0069 04       		.byte	0x4
 389 006a 05       		.byte	0x5
 390 006b E6010000 		.4byte	.LASF7
 391 006f 04       		.uleb128 0x4
 392 0070 04       		.byte	0x4
 393 0071 07       		.byte	0x7
 394 0072 BB000000 		.4byte	.LASF8
ARM GAS  C:\Users\lenovo\AppData\Local\Temp\ccV2vvkK.s 			page 15


 395 0076 04       		.uleb128 0x4
 396 0077 08       		.byte	0x8
 397 0078 07       		.byte	0x7
 398 0079 51010000 		.4byte	.LASF9
 399 007d 04       		.uleb128 0x4
 400 007e 04       		.byte	0x4
 401 007f 07       		.byte	0x7
 402 0080 7E010000 		.4byte	.LASF10
 403 0084 05       		.uleb128 0x5
 404 0085 04       		.byte	0x4
 405 0086 04       		.uleb128 0x4
 406 0087 01       		.byte	0x1
 407 0088 08       		.byte	0x8
 408 0089 A8010000 		.4byte	.LASF11
 409 008d 06       		.uleb128 0x6
 410 008e CD000000 		.4byte	.LASF13
 411 0092 03       		.byte	0x3
 412 0093 E401     		.2byte	0x1e4
 413 0095 53000000 		.4byte	0x53
 414 0099 06       		.uleb128 0x6
 415 009a 23010000 		.4byte	.LASF14
 416 009e 03       		.byte	0x3
 417 009f E501     		.2byte	0x1e5
 418 00a1 61000000 		.4byte	0x61
 419 00a5 06       		.uleb128 0x6
 420 00a6 35010000 		.4byte	.LASF15
 421 00aa 03       		.byte	0x3
 422 00ab E601     		.2byte	0x1e6
 423 00ad 6F000000 		.4byte	0x6f
 424 00b1 04       		.uleb128 0x4
 425 00b2 04       		.byte	0x4
 426 00b3 04       		.byte	0x4
 427 00b4 9B000000 		.4byte	.LASF16
 428 00b8 04       		.uleb128 0x4
 429 00b9 08       		.byte	0x8
 430 00ba 04       		.byte	0x4
 431 00bb F2000000 		.4byte	.LASF17
 432 00bf 06       		.uleb128 0x6
 433 00c0 B6000000 		.4byte	.LASF18
 434 00c4 03       		.byte	0x3
 435 00c5 8E02     		.2byte	0x28e
 436 00c7 CB000000 		.4byte	0xcb
 437 00cb 07       		.uleb128 0x7
 438 00cc 8D000000 		.4byte	0x8d
 439 00d0 06       		.uleb128 0x6
 440 00d1 00000000 		.4byte	.LASF19
 441 00d5 03       		.byte	0x3
 442 00d6 9002     		.2byte	0x290
 443 00d8 DC000000 		.4byte	0xdc
 444 00dc 07       		.uleb128 0x7
 445 00dd A5000000 		.4byte	0xa5
 446 00e1 08       		.uleb128 0x8
 447 00e2 02       		.byte	0x2
 448 00e3 01       		.byte	0x1
 449 00e4 95       		.byte	0x95
 450 00e5 02010000 		.4byte	0x102
 451 00e9 09       		.uleb128 0x9
ARM GAS  C:\Users\lenovo\AppData\Local\Temp\ccV2vvkK.s 			page 16


 452 00ea C0010000 		.4byte	.LASF20
 453 00ee 01       		.byte	0x1
 454 00ef 97       		.byte	0x97
 455 00f0 8D000000 		.4byte	0x8d
 456 00f4 00       		.byte	0
 457 00f5 09       		.uleb128 0x9
 458 00f6 1E000000 		.4byte	.LASF21
 459 00fa 01       		.byte	0x1
 460 00fb 98       		.byte	0x98
 461 00fc 8D000000 		.4byte	0x8d
 462 0100 01       		.byte	0x1
 463 0101 00       		.byte	0
 464 0102 03       		.uleb128 0x3
 465 0103 AD010000 		.4byte	.LASF22
 466 0107 01       		.byte	0x1
 467 0108 99       		.byte	0x99
 468 0109 E1000000 		.4byte	0xe1
 469 010d 0A       		.uleb128 0xa
 470 010e 0D000000 		.4byte	.LASF29
 471 0112 01       		.byte	0x1
 472 0113 0901     		.2byte	0x109
 473 0115 01       		.byte	0x1
 474 0116 0B       		.uleb128 0xb
 475 0117 F9000000 		.4byte	.LASF27
 476 011b 01       		.byte	0x1
 477 011c AC       		.byte	0xac
 478 011d 01       		.byte	0x1
 479 011e 63010000 		.4byte	0x163
 480 0122 0C       		.uleb128 0xc
 481 0123 18010000 		.4byte	.LASF23
 482 0127 01       		.byte	0x1
 483 0128 AC       		.byte	0xac
 484 0129 63010000 		.4byte	0x163
 485 012d 0C       		.uleb128 0xc
 486 012e 2A010000 		.4byte	.LASF24
 487 0132 01       		.byte	0x1
 488 0133 AC       		.byte	0xac
 489 0134 6E010000 		.4byte	0x16e
 490 0138 0D       		.uleb128 0xd
 491 0139 6900     		.ascii	"i\000"
 492 013b 01       		.byte	0x1
 493 013c AF       		.byte	0xaf
 494 013d A5000000 		.4byte	0xa5
 495 0141 0D       		.uleb128 0xd
 496 0142 6A00     		.ascii	"j\000"
 497 0144 01       		.byte	0x1
 498 0145 AF       		.byte	0xaf
 499 0146 A5000000 		.4byte	0xa5
 500 014a 0E       		.uleb128 0xe
 501 014b 0F       		.uleb128 0xf
 502 014c 75010000 		.4byte	.LASF25
 503 0150 01       		.byte	0x1
 504 0151 B2       		.byte	0xb2
 505 0152 A5000000 		.4byte	0xa5
 506 0156 0F       		.uleb128 0xf
 507 0157 24000000 		.4byte	.LASF26
 508 015b 01       		.byte	0x1
ARM GAS  C:\Users\lenovo\AppData\Local\Temp\ccV2vvkK.s 			page 17


 509 015c B3       		.byte	0xb3
 510 015d 8D000000 		.4byte	0x8d
 511 0161 00       		.byte	0
 512 0162 00       		.byte	0
 513 0163 10       		.uleb128 0x10
 514 0164 04       		.byte	0x4
 515 0165 69010000 		.4byte	0x169
 516 0169 11       		.uleb128 0x11
 517 016a A5000000 		.4byte	0xa5
 518 016e 10       		.uleb128 0x10
 519 016f 04       		.byte	0x4
 520 0170 74010000 		.4byte	0x174
 521 0174 11       		.uleb128 0x11
 522 0175 02010000 		.4byte	0x102
 523 0179 0B       		.uleb128 0xb
 524 017a D3000000 		.4byte	.LASF28
 525 017e 01       		.byte	0x1
 526 017f 4A       		.byte	0x4a
 527 0180 01       		.byte	0x1
 528 0181 98010000 		.4byte	0x198
 529 0185 12       		.uleb128 0x12
 530 0186 7300     		.ascii	"s\000"
 531 0188 01       		.byte	0x1
 532 0189 4A       		.byte	0x4a
 533 018a 84000000 		.4byte	0x84
 534 018e 12       		.uleb128 0x12
 535 018f 6E00     		.ascii	"n\000"
 536 0191 01       		.byte	0x1
 537 0192 4A       		.byte	0x4a
 538 0193 2C000000 		.4byte	0x2c
 539 0197 00       		.byte	0
 540 0198 13       		.uleb128 0x13
 541 0199 2A000000 		.4byte	.LASF30
 542 019d 01       		.byte	0x1
 543 019e D1       		.byte	0xd1
 544 019f 01       		.byte	0x1
 545 01a0 14       		.uleb128 0x14
 546 01a1 0B010000 		.4byte	.LASF40
 547 01a5 01       		.byte	0x1
 548 01a6 2101     		.2byte	0x121
 549 01a8 00000000 		.4byte	.LFB6
 550 01ac 64010000 		.4byte	.LFE6-.LFB6
 551 01b0 01       		.uleb128 0x1
 552 01b1 9C       		.byte	0x9c
 553 01b2 45030000 		.4byte	0x345
 554 01b6 15       		.uleb128 0x15
 555 01b7 00000000 		.4byte	.Ldebug_ranges0+0
 556 01bb 24030000 		.4byte	0x324
 557 01bf 16       		.uleb128 0x16
 558 01c0 35000000 		.4byte	.LASF31
 559 01c4 01       		.byte	0x1
 560 01c5 2701     		.2byte	0x127
 561 01c7 55030000 		.4byte	0x355
 562 01cb 05       		.uleb128 0x5
 563 01cc 03       		.byte	0x3
 564 01cd 00000000 		.4byte	cy_cfg_addr_table.4864
 565 01d1 16       		.uleb128 0x16
ARM GAS  C:\Users\lenovo\AppData\Local\Temp\ccV2vvkK.s 			page 18


 566 01d2 47000000 		.4byte	.LASF32
 567 01d6 01       		.byte	0x1
 568 01d7 2D01     		.2byte	0x12d
 569 01d9 6A030000 		.4byte	0x36a
 570 01dd 05       		.uleb128 0x5
 571 01de 03       		.byte	0x3
 572 01df 0C000000 		.4byte	cy_cfg_data_table.4865
 573 01e3 17       		.uleb128 0x17
 574 01e4 06       		.byte	0x6
 575 01e5 01       		.byte	0x1
 576 01e6 3A01     		.2byte	0x13a
 577 01e8 07020000 		.4byte	0x207
 578 01ec 18       		.uleb128 0x18
 579 01ed 49010000 		.4byte	.LASF33
 580 01f1 01       		.byte	0x1
 581 01f2 3B01     		.2byte	0x13b
 582 01f4 84000000 		.4byte	0x84
 583 01f8 00       		.byte	0
 584 01f9 18       		.uleb128 0x18
 585 01fa B1000000 		.4byte	.LASF34
 586 01fe 01       		.byte	0x1
 587 01ff 3C01     		.2byte	0x13c
 588 0201 99000000 		.4byte	0x99
 589 0205 04       		.byte	0x4
 590 0206 00       		.byte	0
 591 0207 06       		.uleb128 0x6
 592 0208 68010000 		.4byte	.LASF35
 593 020c 01       		.byte	0x1
 594 020d 3D01     		.2byte	0x13d
 595 020f E3010000 		.4byte	0x1e3
 596 0213 19       		.uleb128 0x19
 597 0214 23020000 		.4byte	0x223
 598 0218 23020000 		.4byte	0x223
 599 021c 1A       		.uleb128 0x1a
 600 021d 7D000000 		.4byte	0x7d
 601 0221 01       		.byte	0x1
 602 0222 00       		.byte	0
 603 0223 11       		.uleb128 0x11
 604 0224 07020000 		.4byte	0x207
 605 0228 1B       		.uleb128 0x1b
 606 0229 A1000000 		.4byte	.LASF36
 607 022d 01       		.byte	0x1
 608 022e 3F01     		.2byte	0x13f
 609 0230 41020000 		.4byte	0x241
 610 0234 0C       		.byte	0xc
 611 0235 00       		.byte	0
 612 0236 30       		.byte	0x30
 613 0237 0F       		.byte	0xf
 614 0238 40       		.byte	0x40
 615 0239 00       		.byte	0
 616 023a 04       		.byte	0x4
 617 023b 00       		.byte	0
 618 023c 40       		.byte	0x40
 619 023d 0F       		.byte	0xf
 620 023e 40       		.byte	0x40
 621 023f 00       		.byte	0
 622 0240 04       		.byte	0x4
ARM GAS  C:\Users\lenovo\AppData\Local\Temp\ccV2vvkK.s 			page 19


 623 0241 11       		.uleb128 0x11
 624 0242 13020000 		.4byte	0x213
 625 0246 1C       		.uleb128 0x1c
 626 0247 6900     		.ascii	"i\000"
 627 0249 01       		.byte	0x1
 628 024a 4501     		.2byte	0x145
 629 024c 8D000000 		.4byte	0x8d
 630 0250 00000000 		.4byte	.LLST0
 631 0254 15       		.uleb128 0x15
 632 0255 28000000 		.4byte	.Ldebug_ranges0+0x28
 633 0259 D8020000 		.4byte	0x2d8
 634 025d 1C       		.uleb128 0x1c
 635 025e 6D7300   		.ascii	"ms\000"
 636 0261 01       		.byte	0x1
 637 0262 4A01     		.2byte	0x14a
 638 0264 6C020000 		.4byte	0x26c
 639 0268 2C000000 		.4byte	.LLST1
 640 026c 10       		.uleb128 0x10
 641 026d 04       		.byte	0x4
 642 026e 23020000 		.4byte	0x223
 643 0272 1D       		.uleb128 0x1d
 644 0273 79010000 		.4byte	0x179
 645 0277 04000000 		.4byte	.LBB18
 646 027b 28000000 		.4byte	.Ldebug_ranges0+0x28
 647 027f 01       		.byte	0x1
 648 0280 4B01     		.2byte	0x14b
 649 0282 1E       		.uleb128 0x1e
 650 0283 8E010000 		.4byte	0x18e
 651 0287 54000000 		.4byte	.LLST2
 652 028b 1E       		.uleb128 0x1e
 653 028c 85010000 		.4byte	0x185
 654 0290 6A000000 		.4byte	.LLST3
 655 0294 1F       		.uleb128 0x1f
 656 0295 10000000 		.4byte	.LVL1
 657 0299 6F030000 		.4byte	0x36f
 658 029d B7020000 		.4byte	0x2b7
 659 02a1 20       		.uleb128 0x20
 660 02a2 01       		.uleb128 0x1
 661 02a3 50       		.byte	0x50
 662 02a4 05       		.uleb128 0x5
 663 02a5 0C       		.byte	0xc
 664 02a6 00300F40 		.4byte	0x400f3000
 665 02aa 20       		.uleb128 0x20
 666 02ab 01       		.uleb128 0x1
 667 02ac 51       		.byte	0x51
 668 02ad 01       		.uleb128 0x1
 669 02ae 30       		.byte	0x30
 670 02af 20       		.uleb128 0x20
 671 02b0 01       		.uleb128 0x1
 672 02b1 52       		.byte	0x52
 673 02b2 03       		.uleb128 0x3
 674 02b3 0A       		.byte	0xa
 675 02b4 0004     		.2byte	0x400
 676 02b6 00       		.byte	0
 677 02b7 21       		.uleb128 0x21
 678 02b8 1C000000 		.4byte	.LVL2
 679 02bc 6F030000 		.4byte	0x36f
ARM GAS  C:\Users\lenovo\AppData\Local\Temp\ccV2vvkK.s 			page 20


 680 02c0 20       		.uleb128 0x20
 681 02c1 01       		.uleb128 0x1
 682 02c2 50       		.byte	0x50
 683 02c3 05       		.uleb128 0x5
 684 02c4 0C       		.byte	0xc
 685 02c5 00400F40 		.4byte	0x400f4000
 686 02c9 20       		.uleb128 0x20
 687 02ca 01       		.uleb128 0x1
 688 02cb 51       		.byte	0x51
 689 02cc 01       		.uleb128 0x1
 690 02cd 30       		.byte	0x30
 691 02ce 20       		.uleb128 0x20
 692 02cf 01       		.uleb128 0x1
 693 02d0 52       		.byte	0x52
 694 02d1 03       		.uleb128 0x3
 695 02d2 0A       		.byte	0xa
 696 02d3 0004     		.2byte	0x400
 697 02d5 00       		.byte	0
 698 02d6 00       		.byte	0
 699 02d7 00       		.byte	0
 700 02d8 1D       		.uleb128 0x1d
 701 02d9 16010000 		.4byte	0x116
 702 02dd 1E000000 		.4byte	.LBB22
 703 02e1 40000000 		.4byte	.Ldebug_ranges0+0x40
 704 02e5 01       		.byte	0x1
 705 02e6 4E01     		.2byte	0x14e
 706 02e8 22       		.uleb128 0x22
 707 02e9 22010000 		.4byte	0x122
 708 02ed 22       		.uleb128 0x22
 709 02ee 2D010000 		.4byte	0x12d
 710 02f2 23       		.uleb128 0x23
 711 02f3 40000000 		.4byte	.Ldebug_ranges0+0x40
 712 02f7 24       		.uleb128 0x24
 713 02f8 38010000 		.4byte	0x138
 714 02fc 92000000 		.4byte	.LLST4
 715 0300 24       		.uleb128 0x24
 716 0301 41010000 		.4byte	0x141
 717 0305 A6000000 		.4byte	.LLST5
 718 0309 23       		.uleb128 0x23
 719 030a 58000000 		.4byte	.Ldebug_ranges0+0x58
 720 030e 24       		.uleb128 0x24
 721 030f 4B010000 		.4byte	0x14b
 722 0313 D0000000 		.4byte	.LLST6
 723 0317 24       		.uleb128 0x24
 724 0318 56010000 		.4byte	0x156
 725 031c EE000000 		.4byte	.LLST7
 726 0320 00       		.byte	0
 727 0321 00       		.byte	0
 728 0322 00       		.byte	0
 729 0323 00       		.byte	0
 730 0324 1D       		.uleb128 0x1d
 731 0325 98010000 		.4byte	0x198
 732 0329 7E000000 		.4byte	.LBB29
 733 032d 70000000 		.4byte	.Ldebug_ranges0+0x70
 734 0331 01       		.byte	0x1
 735 0332 6A01     		.2byte	0x16a
 736 0334 21       		.uleb128 0x21
ARM GAS  C:\Users\lenovo\AppData\Local\Temp\ccV2vvkK.s 			page 21


 737 0335 B4000000 		.4byte	.LVL11
 738 0339 78030000 		.4byte	0x378
 739 033d 20       		.uleb128 0x20
 740 033e 01       		.uleb128 0x1
 741 033f 50       		.byte	0x50
 742 0340 01       		.uleb128 0x1
 743 0341 48       		.byte	0x48
 744 0342 00       		.byte	0
 745 0343 00       		.byte	0
 746 0344 00       		.byte	0
 747 0345 19       		.uleb128 0x19
 748 0346 69010000 		.4byte	0x169
 749 034a 55030000 		.4byte	0x355
 750 034e 1A       		.uleb128 0x1a
 751 034f 7D000000 		.4byte	0x7d
 752 0353 02       		.byte	0x2
 753 0354 00       		.byte	0
 754 0355 11       		.uleb128 0x11
 755 0356 45030000 		.4byte	0x345
 756 035a 19       		.uleb128 0x19
 757 035b 74010000 		.4byte	0x174
 758 035f 6A030000 		.4byte	0x36a
 759 0363 1A       		.uleb128 0x1a
 760 0364 7D000000 		.4byte	0x7d
 761 0368 07       		.byte	0x7
 762 0369 00       		.byte	0
 763 036a 11       		.uleb128 0x11
 764 036b 5A030000 		.4byte	0x35a
 765 036f 25       		.uleb128 0x25
 766 0370 EB000000 		.4byte	.LASF41
 767 0374 EB000000 		.4byte	.LASF41
 768 0378 26       		.uleb128 0x26
 769 0379 D1010000 		.4byte	.LASF42
 770 037d D1010000 		.4byte	.LASF42
 771 0381 04       		.byte	0x4
 772 0382 6C       		.byte	0x6c
 773 0383 00       		.byte	0
 774              		.section	.debug_abbrev,"",%progbits
 775              	.Ldebug_abbrev0:
 776 0000 01       		.uleb128 0x1
 777 0001 11       		.uleb128 0x11
 778 0002 01       		.byte	0x1
 779 0003 25       		.uleb128 0x25
 780 0004 0E       		.uleb128 0xe
 781 0005 13       		.uleb128 0x13
 782 0006 0B       		.uleb128 0xb
 783 0007 03       		.uleb128 0x3
 784 0008 0E       		.uleb128 0xe
 785 0009 1B       		.uleb128 0x1b
 786 000a 0E       		.uleb128 0xe
 787 000b 55       		.uleb128 0x55
 788 000c 17       		.uleb128 0x17
 789 000d 11       		.uleb128 0x11
 790 000e 01       		.uleb128 0x1
 791 000f 10       		.uleb128 0x10
 792 0010 17       		.uleb128 0x17
 793 0011 00       		.byte	0
ARM GAS  C:\Users\lenovo\AppData\Local\Temp\ccV2vvkK.s 			page 22


 794 0012 00       		.byte	0
 795 0013 02       		.uleb128 0x2
 796 0014 24       		.uleb128 0x24
 797 0015 00       		.byte	0
 798 0016 0B       		.uleb128 0xb
 799 0017 0B       		.uleb128 0xb
 800 0018 3E       		.uleb128 0x3e
 801 0019 0B       		.uleb128 0xb
 802 001a 03       		.uleb128 0x3
 803 001b 08       		.uleb128 0x8
 804 001c 00       		.byte	0
 805 001d 00       		.byte	0
 806 001e 03       		.uleb128 0x3
 807 001f 16       		.uleb128 0x16
 808 0020 00       		.byte	0
 809 0021 03       		.uleb128 0x3
 810 0022 0E       		.uleb128 0xe
 811 0023 3A       		.uleb128 0x3a
 812 0024 0B       		.uleb128 0xb
 813 0025 3B       		.uleb128 0x3b
 814 0026 0B       		.uleb128 0xb
 815 0027 49       		.uleb128 0x49
 816 0028 13       		.uleb128 0x13
 817 0029 00       		.byte	0
 818 002a 00       		.byte	0
 819 002b 04       		.uleb128 0x4
 820 002c 24       		.uleb128 0x24
 821 002d 00       		.byte	0
 822 002e 0B       		.uleb128 0xb
 823 002f 0B       		.uleb128 0xb
 824 0030 3E       		.uleb128 0x3e
 825 0031 0B       		.uleb128 0xb
 826 0032 03       		.uleb128 0x3
 827 0033 0E       		.uleb128 0xe
 828 0034 00       		.byte	0
 829 0035 00       		.byte	0
 830 0036 05       		.uleb128 0x5
 831 0037 0F       		.uleb128 0xf
 832 0038 00       		.byte	0
 833 0039 0B       		.uleb128 0xb
 834 003a 0B       		.uleb128 0xb
 835 003b 00       		.byte	0
 836 003c 00       		.byte	0
 837 003d 06       		.uleb128 0x6
 838 003e 16       		.uleb128 0x16
 839 003f 00       		.byte	0
 840 0040 03       		.uleb128 0x3
 841 0041 0E       		.uleb128 0xe
 842 0042 3A       		.uleb128 0x3a
 843 0043 0B       		.uleb128 0xb
 844 0044 3B       		.uleb128 0x3b
 845 0045 05       		.uleb128 0x5
 846 0046 49       		.uleb128 0x49
 847 0047 13       		.uleb128 0x13
 848 0048 00       		.byte	0
 849 0049 00       		.byte	0
 850 004a 07       		.uleb128 0x7
ARM GAS  C:\Users\lenovo\AppData\Local\Temp\ccV2vvkK.s 			page 23


 851 004b 35       		.uleb128 0x35
 852 004c 00       		.byte	0
 853 004d 49       		.uleb128 0x49
 854 004e 13       		.uleb128 0x13
 855 004f 00       		.byte	0
 856 0050 00       		.byte	0
 857 0051 08       		.uleb128 0x8
 858 0052 13       		.uleb128 0x13
 859 0053 01       		.byte	0x1
 860 0054 0B       		.uleb128 0xb
 861 0055 0B       		.uleb128 0xb
 862 0056 3A       		.uleb128 0x3a
 863 0057 0B       		.uleb128 0xb
 864 0058 3B       		.uleb128 0x3b
 865 0059 0B       		.uleb128 0xb
 866 005a 01       		.uleb128 0x1
 867 005b 13       		.uleb128 0x13
 868 005c 00       		.byte	0
 869 005d 00       		.byte	0
 870 005e 09       		.uleb128 0x9
 871 005f 0D       		.uleb128 0xd
 872 0060 00       		.byte	0
 873 0061 03       		.uleb128 0x3
 874 0062 0E       		.uleb128 0xe
 875 0063 3A       		.uleb128 0x3a
 876 0064 0B       		.uleb128 0xb
 877 0065 3B       		.uleb128 0x3b
 878 0066 0B       		.uleb128 0xb
 879 0067 49       		.uleb128 0x49
 880 0068 13       		.uleb128 0x13
 881 0069 38       		.uleb128 0x38
 882 006a 0B       		.uleb128 0xb
 883 006b 00       		.byte	0
 884 006c 00       		.byte	0
 885 006d 0A       		.uleb128 0xa
 886 006e 2E       		.uleb128 0x2e
 887 006f 00       		.byte	0
 888 0070 03       		.uleb128 0x3
 889 0071 0E       		.uleb128 0xe
 890 0072 3A       		.uleb128 0x3a
 891 0073 0B       		.uleb128 0xb
 892 0074 3B       		.uleb128 0x3b
 893 0075 05       		.uleb128 0x5
 894 0076 27       		.uleb128 0x27
 895 0077 19       		.uleb128 0x19
 896 0078 20       		.uleb128 0x20
 897 0079 0B       		.uleb128 0xb
 898 007a 00       		.byte	0
 899 007b 00       		.byte	0
 900 007c 0B       		.uleb128 0xb
 901 007d 2E       		.uleb128 0x2e
 902 007e 01       		.byte	0x1
 903 007f 03       		.uleb128 0x3
 904 0080 0E       		.uleb128 0xe
 905 0081 3A       		.uleb128 0x3a
 906 0082 0B       		.uleb128 0xb
 907 0083 3B       		.uleb128 0x3b
ARM GAS  C:\Users\lenovo\AppData\Local\Temp\ccV2vvkK.s 			page 24


 908 0084 0B       		.uleb128 0xb
 909 0085 27       		.uleb128 0x27
 910 0086 19       		.uleb128 0x19
 911 0087 20       		.uleb128 0x20
 912 0088 0B       		.uleb128 0xb
 913 0089 01       		.uleb128 0x1
 914 008a 13       		.uleb128 0x13
 915 008b 00       		.byte	0
 916 008c 00       		.byte	0
 917 008d 0C       		.uleb128 0xc
 918 008e 05       		.uleb128 0x5
 919 008f 00       		.byte	0
 920 0090 03       		.uleb128 0x3
 921 0091 0E       		.uleb128 0xe
 922 0092 3A       		.uleb128 0x3a
 923 0093 0B       		.uleb128 0xb
 924 0094 3B       		.uleb128 0x3b
 925 0095 0B       		.uleb128 0xb
 926 0096 49       		.uleb128 0x49
 927 0097 13       		.uleb128 0x13
 928 0098 00       		.byte	0
 929 0099 00       		.byte	0
 930 009a 0D       		.uleb128 0xd
 931 009b 34       		.uleb128 0x34
 932 009c 00       		.byte	0
 933 009d 03       		.uleb128 0x3
 934 009e 08       		.uleb128 0x8
 935 009f 3A       		.uleb128 0x3a
 936 00a0 0B       		.uleb128 0xb
 937 00a1 3B       		.uleb128 0x3b
 938 00a2 0B       		.uleb128 0xb
 939 00a3 49       		.uleb128 0x49
 940 00a4 13       		.uleb128 0x13
 941 00a5 00       		.byte	0
 942 00a6 00       		.byte	0
 943 00a7 0E       		.uleb128 0xe
 944 00a8 0B       		.uleb128 0xb
 945 00a9 01       		.byte	0x1
 946 00aa 00       		.byte	0
 947 00ab 00       		.byte	0
 948 00ac 0F       		.uleb128 0xf
 949 00ad 34       		.uleb128 0x34
 950 00ae 00       		.byte	0
 951 00af 03       		.uleb128 0x3
 952 00b0 0E       		.uleb128 0xe
 953 00b1 3A       		.uleb128 0x3a
 954 00b2 0B       		.uleb128 0xb
 955 00b3 3B       		.uleb128 0x3b
 956 00b4 0B       		.uleb128 0xb
 957 00b5 49       		.uleb128 0x49
 958 00b6 13       		.uleb128 0x13
 959 00b7 00       		.byte	0
 960 00b8 00       		.byte	0
 961 00b9 10       		.uleb128 0x10
 962 00ba 0F       		.uleb128 0xf
 963 00bb 00       		.byte	0
 964 00bc 0B       		.uleb128 0xb
ARM GAS  C:\Users\lenovo\AppData\Local\Temp\ccV2vvkK.s 			page 25


 965 00bd 0B       		.uleb128 0xb
 966 00be 49       		.uleb128 0x49
 967 00bf 13       		.uleb128 0x13
 968 00c0 00       		.byte	0
 969 00c1 00       		.byte	0
 970 00c2 11       		.uleb128 0x11
 971 00c3 26       		.uleb128 0x26
 972 00c4 00       		.byte	0
 973 00c5 49       		.uleb128 0x49
 974 00c6 13       		.uleb128 0x13
 975 00c7 00       		.byte	0
 976 00c8 00       		.byte	0
 977 00c9 12       		.uleb128 0x12
 978 00ca 05       		.uleb128 0x5
 979 00cb 00       		.byte	0
 980 00cc 03       		.uleb128 0x3
 981 00cd 08       		.uleb128 0x8
 982 00ce 3A       		.uleb128 0x3a
 983 00cf 0B       		.uleb128 0xb
 984 00d0 3B       		.uleb128 0x3b
 985 00d1 0B       		.uleb128 0xb
 986 00d2 49       		.uleb128 0x49
 987 00d3 13       		.uleb128 0x13
 988 00d4 00       		.byte	0
 989 00d5 00       		.byte	0
 990 00d6 13       		.uleb128 0x13
 991 00d7 2E       		.uleb128 0x2e
 992 00d8 00       		.byte	0
 993 00d9 03       		.uleb128 0x3
 994 00da 0E       		.uleb128 0xe
 995 00db 3A       		.uleb128 0x3a
 996 00dc 0B       		.uleb128 0xb
 997 00dd 3B       		.uleb128 0x3b
 998 00de 0B       		.uleb128 0xb
 999 00df 27       		.uleb128 0x27
 1000 00e0 19       		.uleb128 0x19
 1001 00e1 20       		.uleb128 0x20
 1002 00e2 0B       		.uleb128 0xb
 1003 00e3 00       		.byte	0
 1004 00e4 00       		.byte	0
 1005 00e5 14       		.uleb128 0x14
 1006 00e6 2E       		.uleb128 0x2e
 1007 00e7 01       		.byte	0x1
 1008 00e8 3F       		.uleb128 0x3f
 1009 00e9 19       		.uleb128 0x19
 1010 00ea 03       		.uleb128 0x3
 1011 00eb 0E       		.uleb128 0xe
 1012 00ec 3A       		.uleb128 0x3a
 1013 00ed 0B       		.uleb128 0xb
 1014 00ee 3B       		.uleb128 0x3b
 1015 00ef 05       		.uleb128 0x5
 1016 00f0 27       		.uleb128 0x27
 1017 00f1 19       		.uleb128 0x19
 1018 00f2 11       		.uleb128 0x11
 1019 00f3 01       		.uleb128 0x1
 1020 00f4 12       		.uleb128 0x12
 1021 00f5 06       		.uleb128 0x6
ARM GAS  C:\Users\lenovo\AppData\Local\Temp\ccV2vvkK.s 			page 26


 1022 00f6 40       		.uleb128 0x40
 1023 00f7 18       		.uleb128 0x18
 1024 00f8 9742     		.uleb128 0x2117
 1025 00fa 19       		.uleb128 0x19
 1026 00fb 01       		.uleb128 0x1
 1027 00fc 13       		.uleb128 0x13
 1028 00fd 00       		.byte	0
 1029 00fe 00       		.byte	0
 1030 00ff 15       		.uleb128 0x15
 1031 0100 0B       		.uleb128 0xb
 1032 0101 01       		.byte	0x1
 1033 0102 55       		.uleb128 0x55
 1034 0103 17       		.uleb128 0x17
 1035 0104 01       		.uleb128 0x1
 1036 0105 13       		.uleb128 0x13
 1037 0106 00       		.byte	0
 1038 0107 00       		.byte	0
 1039 0108 16       		.uleb128 0x16
 1040 0109 34       		.uleb128 0x34
 1041 010a 00       		.byte	0
 1042 010b 03       		.uleb128 0x3
 1043 010c 0E       		.uleb128 0xe
 1044 010d 3A       		.uleb128 0x3a
 1045 010e 0B       		.uleb128 0xb
 1046 010f 3B       		.uleb128 0x3b
 1047 0110 05       		.uleb128 0x5
 1048 0111 49       		.uleb128 0x49
 1049 0112 13       		.uleb128 0x13
 1050 0113 02       		.uleb128 0x2
 1051 0114 18       		.uleb128 0x18
 1052 0115 00       		.byte	0
 1053 0116 00       		.byte	0
 1054 0117 17       		.uleb128 0x17
 1055 0118 13       		.uleb128 0x13
 1056 0119 01       		.byte	0x1
 1057 011a 0B       		.uleb128 0xb
 1058 011b 0B       		.uleb128 0xb
 1059 011c 3A       		.uleb128 0x3a
 1060 011d 0B       		.uleb128 0xb
 1061 011e 3B       		.uleb128 0x3b
 1062 011f 05       		.uleb128 0x5
 1063 0120 01       		.uleb128 0x1
 1064 0121 13       		.uleb128 0x13
 1065 0122 00       		.byte	0
 1066 0123 00       		.byte	0
 1067 0124 18       		.uleb128 0x18
 1068 0125 0D       		.uleb128 0xd
 1069 0126 00       		.byte	0
 1070 0127 03       		.uleb128 0x3
 1071 0128 0E       		.uleb128 0xe
 1072 0129 3A       		.uleb128 0x3a
 1073 012a 0B       		.uleb128 0xb
 1074 012b 3B       		.uleb128 0x3b
 1075 012c 05       		.uleb128 0x5
 1076 012d 49       		.uleb128 0x49
 1077 012e 13       		.uleb128 0x13
 1078 012f 38       		.uleb128 0x38
ARM GAS  C:\Users\lenovo\AppData\Local\Temp\ccV2vvkK.s 			page 27


 1079 0130 0B       		.uleb128 0xb
 1080 0131 00       		.byte	0
 1081 0132 00       		.byte	0
 1082 0133 19       		.uleb128 0x19
 1083 0134 01       		.uleb128 0x1
 1084 0135 01       		.byte	0x1
 1085 0136 49       		.uleb128 0x49
 1086 0137 13       		.uleb128 0x13
 1087 0138 01       		.uleb128 0x1
 1088 0139 13       		.uleb128 0x13
 1089 013a 00       		.byte	0
 1090 013b 00       		.byte	0
 1091 013c 1A       		.uleb128 0x1a
 1092 013d 21       		.uleb128 0x21
 1093 013e 00       		.byte	0
 1094 013f 49       		.uleb128 0x49
 1095 0140 13       		.uleb128 0x13
 1096 0141 2F       		.uleb128 0x2f
 1097 0142 0B       		.uleb128 0xb
 1098 0143 00       		.byte	0
 1099 0144 00       		.byte	0
 1100 0145 1B       		.uleb128 0x1b
 1101 0146 34       		.uleb128 0x34
 1102 0147 00       		.byte	0
 1103 0148 03       		.uleb128 0x3
 1104 0149 0E       		.uleb128 0xe
 1105 014a 3A       		.uleb128 0x3a
 1106 014b 0B       		.uleb128 0xb
 1107 014c 3B       		.uleb128 0x3b
 1108 014d 05       		.uleb128 0x5
 1109 014e 49       		.uleb128 0x49
 1110 014f 13       		.uleb128 0x13
 1111 0150 1C       		.uleb128 0x1c
 1112 0151 0A       		.uleb128 0xa
 1113 0152 00       		.byte	0
 1114 0153 00       		.byte	0
 1115 0154 1C       		.uleb128 0x1c
 1116 0155 34       		.uleb128 0x34
 1117 0156 00       		.byte	0
 1118 0157 03       		.uleb128 0x3
 1119 0158 08       		.uleb128 0x8
 1120 0159 3A       		.uleb128 0x3a
 1121 015a 0B       		.uleb128 0xb
 1122 015b 3B       		.uleb128 0x3b
 1123 015c 05       		.uleb128 0x5
 1124 015d 49       		.uleb128 0x49
 1125 015e 13       		.uleb128 0x13
 1126 015f 02       		.uleb128 0x2
 1127 0160 17       		.uleb128 0x17
 1128 0161 00       		.byte	0
 1129 0162 00       		.byte	0
 1130 0163 1D       		.uleb128 0x1d
 1131 0164 1D       		.uleb128 0x1d
 1132 0165 01       		.byte	0x1
 1133 0166 31       		.uleb128 0x31
 1134 0167 13       		.uleb128 0x13
 1135 0168 52       		.uleb128 0x52
ARM GAS  C:\Users\lenovo\AppData\Local\Temp\ccV2vvkK.s 			page 28


 1136 0169 01       		.uleb128 0x1
 1137 016a 55       		.uleb128 0x55
 1138 016b 17       		.uleb128 0x17
 1139 016c 58       		.uleb128 0x58
 1140 016d 0B       		.uleb128 0xb
 1141 016e 59       		.uleb128 0x59
 1142 016f 05       		.uleb128 0x5
 1143 0170 00       		.byte	0
 1144 0171 00       		.byte	0
 1145 0172 1E       		.uleb128 0x1e
 1146 0173 05       		.uleb128 0x5
 1147 0174 00       		.byte	0
 1148 0175 31       		.uleb128 0x31
 1149 0176 13       		.uleb128 0x13
 1150 0177 02       		.uleb128 0x2
 1151 0178 17       		.uleb128 0x17
 1152 0179 00       		.byte	0
 1153 017a 00       		.byte	0
 1154 017b 1F       		.uleb128 0x1f
 1155 017c 898201   		.uleb128 0x4109
 1156 017f 01       		.byte	0x1
 1157 0180 11       		.uleb128 0x11
 1158 0181 01       		.uleb128 0x1
 1159 0182 31       		.uleb128 0x31
 1160 0183 13       		.uleb128 0x13
 1161 0184 01       		.uleb128 0x1
 1162 0185 13       		.uleb128 0x13
 1163 0186 00       		.byte	0
 1164 0187 00       		.byte	0
 1165 0188 20       		.uleb128 0x20
 1166 0189 8A8201   		.uleb128 0x410a
 1167 018c 00       		.byte	0
 1168 018d 02       		.uleb128 0x2
 1169 018e 18       		.uleb128 0x18
 1170 018f 9142     		.uleb128 0x2111
 1171 0191 18       		.uleb128 0x18
 1172 0192 00       		.byte	0
 1173 0193 00       		.byte	0
 1174 0194 21       		.uleb128 0x21
 1175 0195 898201   		.uleb128 0x4109
 1176 0198 01       		.byte	0x1
 1177 0199 11       		.uleb128 0x11
 1178 019a 01       		.uleb128 0x1
 1179 019b 31       		.uleb128 0x31
 1180 019c 13       		.uleb128 0x13
 1181 019d 00       		.byte	0
 1182 019e 00       		.byte	0
 1183 019f 22       		.uleb128 0x22
 1184 01a0 05       		.uleb128 0x5
 1185 01a1 00       		.byte	0
 1186 01a2 31       		.uleb128 0x31
 1187 01a3 13       		.uleb128 0x13
 1188 01a4 00       		.byte	0
 1189 01a5 00       		.byte	0
 1190 01a6 23       		.uleb128 0x23
 1191 01a7 0B       		.uleb128 0xb
 1192 01a8 01       		.byte	0x1
ARM GAS  C:\Users\lenovo\AppData\Local\Temp\ccV2vvkK.s 			page 29


 1193 01a9 55       		.uleb128 0x55
 1194 01aa 17       		.uleb128 0x17
 1195 01ab 00       		.byte	0
 1196 01ac 00       		.byte	0
 1197 01ad 24       		.uleb128 0x24
 1198 01ae 34       		.uleb128 0x34
 1199 01af 00       		.byte	0
 1200 01b0 31       		.uleb128 0x31
 1201 01b1 13       		.uleb128 0x13
 1202 01b2 02       		.uleb128 0x2
 1203 01b3 17       		.uleb128 0x17
 1204 01b4 00       		.byte	0
 1205 01b5 00       		.byte	0
 1206 01b6 25       		.uleb128 0x25
 1207 01b7 2E       		.uleb128 0x2e
 1208 01b8 00       		.byte	0
 1209 01b9 3F       		.uleb128 0x3f
 1210 01ba 19       		.uleb128 0x19
 1211 01bb 3C       		.uleb128 0x3c
 1212 01bc 19       		.uleb128 0x19
 1213 01bd 6E       		.uleb128 0x6e
 1214 01be 0E       		.uleb128 0xe
 1215 01bf 03       		.uleb128 0x3
 1216 01c0 0E       		.uleb128 0xe
 1217 01c1 00       		.byte	0
 1218 01c2 00       		.byte	0
 1219 01c3 26       		.uleb128 0x26
 1220 01c4 2E       		.uleb128 0x2e
 1221 01c5 00       		.byte	0
 1222 01c6 3F       		.uleb128 0x3f
 1223 01c7 19       		.uleb128 0x19
 1224 01c8 3C       		.uleb128 0x3c
 1225 01c9 19       		.uleb128 0x19
 1226 01ca 6E       		.uleb128 0x6e
 1227 01cb 0E       		.uleb128 0xe
 1228 01cc 03       		.uleb128 0x3
 1229 01cd 0E       		.uleb128 0xe
 1230 01ce 3A       		.uleb128 0x3a
 1231 01cf 0B       		.uleb128 0xb
 1232 01d0 3B       		.uleb128 0x3b
 1233 01d1 0B       		.uleb128 0xb
 1234 01d2 00       		.byte	0
 1235 01d3 00       		.byte	0
 1236 01d4 00       		.byte	0
 1237              		.section	.debug_loc,"",%progbits
 1238              	.Ldebug_loc0:
 1239              	.LLST0:
 1240 0000 04000000 		.4byte	.LVL0
 1241 0004 10000000 		.4byte	.LVL1
 1242 0008 0200     		.2byte	0x2
 1243 000a 30       		.byte	0x30
 1244 000b 9F       		.byte	0x9f
 1245 000c 10000000 		.4byte	.LVL1
 1246 0010 1C000000 		.4byte	.LVL2
 1247 0014 0200     		.2byte	0x2
 1248 0016 31       		.byte	0x31
 1249 0017 9F       		.byte	0x9f
ARM GAS  C:\Users\lenovo\AppData\Local\Temp\ccV2vvkK.s 			page 30


 1250 0018 1C000000 		.4byte	.LVL2
 1251 001c 64010000 		.4byte	.LFE6
 1252 0020 0200     		.2byte	0x2
 1253 0022 32       		.byte	0x32
 1254 0023 9F       		.byte	0x9f
 1255 0024 00000000 		.4byte	0
 1256 0028 00000000 		.4byte	0
 1257              	.LLST1:
 1258 002c 04000000 		.4byte	.LVL0
 1259 0030 10000000 		.4byte	.LVL1
 1260 0034 0600     		.2byte	0x6
 1261 0036 F2       		.byte	0xf2
 1262 0037 28020000 		.4byte	.Ldebug_info0+552
 1263 003b 00       		.sleb128 0
 1264 003c 10000000 		.4byte	.LVL1
 1265 0040 64010000 		.4byte	.LFE6
 1266 0044 0600     		.2byte	0x6
 1267 0046 F2       		.byte	0xf2
 1268 0047 28020000 		.4byte	.Ldebug_info0+552
 1269 004b 06       		.sleb128 6
 1270 004c 00000000 		.4byte	0
 1271 0050 00000000 		.4byte	0
 1272              	.LLST2:
 1273 0054 04000000 		.4byte	.LVL0
 1274 0058 1C000000 		.4byte	.LVL2
 1275 005c 0400     		.2byte	0x4
 1276 005e 0A       		.byte	0xa
 1277 005f 0004     		.2byte	0x400
 1278 0061 9F       		.byte	0x9f
 1279 0062 00000000 		.4byte	0
 1280 0066 00000000 		.4byte	0
 1281              	.LLST3:
 1282 006a 04000000 		.4byte	.LVL0
 1283 006e 10000000 		.4byte	.LVL1
 1284 0072 0600     		.2byte	0x6
 1285 0074 0C       		.byte	0xc
 1286 0075 00300F40 		.4byte	0x400f3000
 1287 0079 9F       		.byte	0x9f
 1288 007a 10000000 		.4byte	.LVL1
 1289 007e 1C000000 		.4byte	.LVL2
 1290 0082 0600     		.2byte	0x6
 1291 0084 0C       		.byte	0xc
 1292 0085 00400F40 		.4byte	0x400f4000
 1293 0089 9F       		.byte	0x9f
 1294 008a 00000000 		.4byte	0
 1295 008e 00000000 		.4byte	0
 1296              	.LLST4:
 1297 0092 1C000000 		.4byte	.LVL2
 1298 0096 26000000 		.4byte	.LVL3
 1299 009a 0200     		.2byte	0x2
 1300 009c 30       		.byte	0x30
 1301 009d 9F       		.byte	0x9f
 1302 009e 00000000 		.4byte	0
 1303 00a2 00000000 		.4byte	0
 1304              	.LLST5:
 1305 00a6 1C000000 		.4byte	.LVL2
 1306 00aa 26000000 		.4byte	.LVL3
ARM GAS  C:\Users\lenovo\AppData\Local\Temp\ccV2vvkK.s 			page 31


 1307 00ae 0200     		.2byte	0x2
 1308 00b0 30       		.byte	0x30
 1309 00b1 9F       		.byte	0x9f
 1310 00b2 26000000 		.4byte	.LVL3
 1311 00b6 32000000 		.4byte	.LVL6
 1312 00ba 0100     		.2byte	0x1
 1313 00bc 51       		.byte	0x51
 1314 00bd 56000000 		.4byte	.LVL9
 1315 00c1 5C000000 		.4byte	.LVL10
 1316 00c5 0100     		.2byte	0x1
 1317 00c7 51       		.byte	0x51
 1318 00c8 00000000 		.4byte	0
 1319 00cc 00000000 		.4byte	0
 1320              	.LLST6:
 1321 00d0 2A000000 		.4byte	.LVL4
 1322 00d4 30000000 		.4byte	.LVL5
 1323 00d8 0100     		.2byte	0x1
 1324 00da 50       		.byte	0x50
 1325 00db 30000000 		.4byte	.LVL5
 1326 00df 5C000000 		.4byte	.LVL10
 1327 00e3 0100     		.2byte	0x1
 1328 00e5 57       		.byte	0x57
 1329 00e6 00000000 		.4byte	0
 1330 00ea 00000000 		.4byte	0
 1331              	.LLST7:
 1332 00ee 2A000000 		.4byte	.LVL4
 1333 00f2 30000000 		.4byte	.LVL5
 1334 00f6 0100     		.2byte	0x1
 1335 00f8 50       		.byte	0x50
 1336 00f9 30000000 		.4byte	.LVL5
 1337 00fd 3C000000 		.4byte	.LVL7
 1338 0101 0100     		.2byte	0x1
 1339 0103 57       		.byte	0x57
 1340 0104 3C000000 		.4byte	.LVL7
 1341 0108 40000000 		.4byte	.LVL8
 1342 010c 0800     		.2byte	0x8
 1343 010e 72       		.byte	0x72
 1344 010f 00       		.sleb128 0
 1345 0110 03       		.byte	0x3
 1346 0111 00000000 		.4byte	.LANCHOR0
 1347 0115 22       		.byte	0x22
 1348 0116 00000000 		.4byte	0
 1349 011a 00000000 		.4byte	0
 1350              		.section	.debug_aranges,"",%progbits
 1351 0000 1C000000 		.4byte	0x1c
 1352 0004 0200     		.2byte	0x2
 1353 0006 00000000 		.4byte	.Ldebug_info0
 1354 000a 04       		.byte	0x4
 1355 000b 00       		.byte	0
 1356 000c 0000     		.2byte	0
 1357 000e 0000     		.2byte	0
 1358 0010 00000000 		.4byte	.LFB6
 1359 0014 64010000 		.4byte	.LFE6-.LFB6
 1360 0018 00000000 		.4byte	0
 1361 001c 00000000 		.4byte	0
 1362              		.section	.debug_ranges,"",%progbits
 1363              	.Ldebug_ranges0:
ARM GAS  C:\Users\lenovo\AppData\Local\Temp\ccV2vvkK.s 			page 32


 1364 0000 04000000 		.4byte	.LBB16
 1365 0004 7E000000 		.4byte	.LBE16
 1366 0008 80000000 		.4byte	.LBB33
 1367 000c 84000000 		.4byte	.LBE33
 1368 0010 86000000 		.4byte	.LBB35
 1369 0014 88000000 		.4byte	.LBE35
 1370 0018 88000000 		.4byte	.LBB36
 1371 001c 8C000000 		.4byte	.LBE36
 1372 0020 00000000 		.4byte	0
 1373 0024 00000000 		.4byte	0
 1374 0028 04000000 		.4byte	.LBB17
 1375 002c 1E000000 		.4byte	.LBE17
 1376 0030 20000000 		.4byte	.LBB27
 1377 0034 26000000 		.4byte	.LBE27
 1378 0038 00000000 		.4byte	0
 1379 003c 00000000 		.4byte	0
 1380 0040 1E000000 		.4byte	.LBB22
 1381 0044 20000000 		.4byte	.LBE22
 1382 0048 26000000 		.4byte	.LBB28
 1383 004c 5C000000 		.4byte	.LBE28
 1384 0050 00000000 		.4byte	0
 1385 0054 00000000 		.4byte	0
 1386 0058 1E000000 		.4byte	.LBB24
 1387 005c 20000000 		.4byte	.LBE24
 1388 0060 26000000 		.4byte	.LBB25
 1389 0064 58000000 		.4byte	.LBE25
 1390 0068 00000000 		.4byte	0
 1391 006c 00000000 		.4byte	0
 1392 0070 7E000000 		.4byte	.LBB29
 1393 0074 80000000 		.4byte	.LBE29
 1394 0078 84000000 		.4byte	.LBB34
 1395 007c 86000000 		.4byte	.LBE34
 1396 0080 A6000000 		.4byte	.LBB37
 1397 0084 EC000000 		.4byte	.LBE37
 1398 0088 00000000 		.4byte	0
 1399 008c 00000000 		.4byte	0
 1400 0090 00000000 		.4byte	.LFB6
 1401 0094 64010000 		.4byte	.LFE6
 1402 0098 00000000 		.4byte	0
 1403 009c 00000000 		.4byte	0
 1404              		.section	.debug_line,"",%progbits
 1405              	.Ldebug_line0:
 1406 0000 49010000 		.section	.debug_str,"MS",%progbits,1
 1406      0200D600 
 1406      00000201 
 1406      FB0E0D00 
 1406      01010101 
 1407              	.LASF19:
 1408 0000 72656733 		.ascii	"reg32\000"
 1408      3200
 1409              	.LASF12:
 1410 0006 73697A65 		.ascii	"size_t\000"
 1410      5F7400
 1411              	.LASF29:
 1412 000d 416E616C 		.ascii	"AnalogSetDefault\000"
 1412      6F675365 
 1412      74446566 
ARM GAS  C:\Users\lenovo\AppData\Local\Temp\ccV2vvkK.s 			page 33


 1412      61756C74 
 1412      00
 1413              	.LASF21:
 1414 001e 76616C75 		.ascii	"value\000"
 1414      6500
 1415              	.LASF26:
 1416 0024 636F756E 		.ascii	"count\000"
 1416      7400
 1417              	.LASF30:
 1418 002a 436C6F63 		.ascii	"ClockSetup\000"
 1418      6B536574 
 1418      757000
 1419              	.LASF31:
 1420 0035 63795F63 		.ascii	"cy_cfg_addr_table\000"
 1420      66675F61 
 1420      6464725F 
 1420      7461626C 
 1420      6500
 1421              	.LASF32:
 1422 0047 63795F63 		.ascii	"cy_cfg_data_table\000"
 1422      66675F64 
 1422      6174615F 
 1422      7461626C 
 1422      6500
 1423              	.LASF39:
 1424 0059 443A5C68 		.ascii	"D:\\harshita\\final_files - D\\psoc\\4_1_new\\I2C_B"
 1424      61727368 
 1424      6974615C 
 1424      66696E61 
 1424      6C5F6669 
 1425 0087 6F6F746C 		.ascii	"ootloader_Red.cydsn\000"
 1425      6F616465 
 1425      725F5265 
 1425      642E6379 
 1425      64736E00 
 1426              	.LASF16:
 1427 009b 666C6F61 		.ascii	"float\000"
 1427      7400
 1428              	.LASF36:
 1429 00a1 6366675F 		.ascii	"cfg_memset_list\000"
 1429      6D656D73 
 1429      65745F6C 
 1429      69737400 
 1430              	.LASF34:
 1431 00b1 73697A65 		.ascii	"size\000"
 1431      00
 1432              	.LASF18:
 1433 00b6 72656738 		.ascii	"reg8\000"
 1433      00
 1434              	.LASF8:
 1435 00bb 6C6F6E67 		.ascii	"long unsigned int\000"
 1435      20756E73 
 1435      69676E65 
 1435      6420696E 
 1435      7400
 1436              	.LASF13:
 1437 00cd 75696E74 		.ascii	"uint8\000"
ARM GAS  C:\Users\lenovo\AppData\Local\Temp\ccV2vvkK.s 			page 34


 1437      3800
 1438              	.LASF28:
 1439 00d3 43594D45 		.ascii	"CYMEMZERO\000"
 1439      4D5A4552 
 1439      4F00
 1440              	.LASF4:
 1441 00dd 756E7369 		.ascii	"unsigned char\000"
 1441      676E6564 
 1441      20636861 
 1441      7200
 1442              	.LASF41:
 1443 00eb 6D656D73 		.ascii	"memset\000"
 1443      657400
 1444              	.LASF17:
 1445 00f2 646F7562 		.ascii	"double\000"
 1445      6C6500
 1446              	.LASF27:
 1447 00f9 6366675F 		.ascii	"cfg_write_bytes32\000"
 1447      77726974 
 1447      655F6279 
 1447      74657333 
 1447      3200
 1448              	.LASF40:
 1449 010b 63796669 		.ascii	"cyfitter_cfg\000"
 1449      74746572 
 1449      5F636667 
 1449      00
 1450              	.LASF23:
 1451 0118 61646472 		.ascii	"addr_table\000"
 1451      5F746162 
 1451      6C6500
 1452              	.LASF14:
 1453 0123 75696E74 		.ascii	"uint16\000"
 1453      313600
 1454              	.LASF24:
 1455 012a 64617461 		.ascii	"data_table\000"
 1455      5F746162 
 1455      6C6500
 1456              	.LASF15:
 1457 0135 75696E74 		.ascii	"uint32\000"
 1457      333200
 1458              	.LASF0:
 1459 013c 756E7369 		.ascii	"unsigned int\000"
 1459      676E6564 
 1459      20696E74 
 1459      00
 1460              	.LASF33:
 1461 0149 61646472 		.ascii	"address\000"
 1461      65737300 
 1462              	.LASF9:
 1463 0151 6C6F6E67 		.ascii	"long long unsigned int\000"
 1463      206C6F6E 
 1463      6720756E 
 1463      7369676E 
 1463      65642069 
 1464              	.LASF35:
 1465 0168 6366675F 		.ascii	"cfg_memset_t\000"
ARM GAS  C:\Users\lenovo\AppData\Local\Temp\ccV2vvkK.s 			page 35


 1465      6D656D73 
 1465      65745F74 
 1465      00
 1466              	.LASF25:
 1467 0175 62617365 		.ascii	"baseAddr\000"
 1467      41646472 
 1467      00
 1468              	.LASF10:
 1469 017e 73697A65 		.ascii	"sizetype\000"
 1469      74797065 
 1469      00
 1470              	.LASF6:
 1471 0187 73686F72 		.ascii	"short unsigned int\000"
 1471      7420756E 
 1471      7369676E 
 1471      65642069 
 1471      6E7400
 1472              	.LASF1:
 1473 019a 6C6F6E67 		.ascii	"long long int\000"
 1473      206C6F6E 
 1473      6720696E 
 1473      7400
 1474              	.LASF11:
 1475 01a8 63686172 		.ascii	"char\000"
 1475      00
 1476              	.LASF22:
 1477 01ad 63795F63 		.ascii	"cy_cfg_addrvalue_t\000"
 1477      66675F61 
 1477      64647276 
 1477      616C7565 
 1477      5F7400
 1478              	.LASF20:
 1479 01c0 6F666673 		.ascii	"offset\000"
 1479      657400
 1480              	.LASF5:
 1481 01c7 73686F72 		.ascii	"short int\000"
 1481      7420696E 
 1481      7400
 1482              	.LASF42:
 1483 01d1 43795379 		.ascii	"CySysClkWriteImoFreq\000"
 1483      73436C6B 
 1483      57726974 
 1483      65496D6F 
 1483      46726571 
 1484              	.LASF7:
 1485 01e6 6C6F6E67 		.ascii	"long int\000"
 1485      20696E74 
 1485      00
 1486              	.LASF2:
 1487 01ef 6C6F6E67 		.ascii	"long double\000"
 1487      20646F75 
 1487      626C6500 
 1488              	.LASF3:
 1489 01fb 7369676E 		.ascii	"signed char\000"
 1489      65642063 
 1489      68617200 
 1490              	.LASF38:
ARM GAS  C:\Users\lenovo\AppData\Local\Temp\ccV2vvkK.s 			page 36


 1491 0207 47656E65 		.ascii	"Generated_Source\\PSoC4\\cyfitter_cfg.c\000"
 1491      72617465 
 1491      645F536F 
 1491      75726365 
 1491      5C50536F 
 1492              	.LASF37:
 1493 022d 474E5520 		.ascii	"GNU C11 5.4.1 20160609 (release) [ARM/embedded-5-br"
 1493      43313120 
 1493      352E342E 
 1493      31203230 
 1493      31363036 
 1494 0260 616E6368 		.ascii	"anch revision 237715] -mcpu=cortex-m0 -mthumb -g -O"
 1494      20726576 
 1494      6973696F 
 1494      6E203233 
 1494      37373135 
 1495 0293 73202D66 		.ascii	"s -ffunction-sections -ffat-lto-objects\000"
 1495      66756E63 
 1495      74696F6E 
 1495      2D736563 
 1495      74696F6E 
 1496              		.ident	"GCC: (GNU Tools for ARM Embedded Processors) 5.4.1 20160609 (release) [ARM/embedded-5-bran
