ARM GAS  C:\Users\lenovo\AppData\Local\Temp\ccdc3Xgz.s 			page 1


   1              		.syntax unified
   2              		.cpu cortex-m0
   3              		.fpu softvfp
   4              		.eabi_attribute 20, 1
   5              		.eabi_attribute 21, 1
   6              		.eabi_attribute 23, 3
   7              		.eabi_attribute 24, 1
   8              		.eabi_attribute 25, 1
   9              		.eabi_attribute 26, 1
  10              		.eabi_attribute 30, 4
  11              		.eabi_attribute 34, 0
  12              		.eabi_attribute 18, 4
  13              		.thumb
  14              		.syntax unified
  15              		.file	"main.c"
  16              		.text
  17              	.Ltext0:
  18              		.cfi_sections	.debug_frame
  19              		.section	.text.startup.main,"ax",%progbits
  20              		.align	1
  21              		.global	main
  22              		.code	16
  23              		.thumb_func
  24              		.type	main, %function
  25              	main:
  26              	.LFB32:
  27              		.file 1 "main.c"
   1:main.c        **** /* ========================================
   2:main.c        ****  *
   3:main.c        ****  * Copyright YOUR COMPANY, THE YEAR
   4:main.c        ****  * All Rights Reserved
   5:main.c        ****  * UNPUBLISHED, LICENSED SOFTWARE.
   6:main.c        ****  *
   7:main.c        ****  * CONFIDENTIAL AND PROPRIETARY INFORMATION
   8:main.c        ****  * WHICH IS THE PROPERTY OF your company.
   9:main.c        ****  *
  10:main.c        ****  * ========================================
  11:main.c        **** */
  12:main.c        **** /****************************************************************************
  13:main.c        **** *  Project Name: I2C_Bootloader_Red
  14:main.c        **** *  Device Tested: CY8C4245AXI-483
  15:main.c        **** *  Software Version: PSoC Creator 3.2 SP2
  16:main.c        **** *  Compilers Tested: ARM GCC 
  17:main.c        **** *  Related Hardware: CY8CKIT-042
  18:main.c        **** *****************************************************************************
  19:main.c        **** * Project Description:
  20:main.c        **** * This project demonstartes how to create an I2C Bootloader Project for
  21:main.c        **** * PSoC 4 using PSoC Creator. And the PWM controls the RGB LED blinking
  22:main.c        **** * with red color on target CY8CKIT-042.
  23:main.c        **** ***************************************************************************** */
  24:main.c        **** #include <device.h>
  25:main.c        **** 
  26:main.c        **** void main()
  27:main.c        **** {
  28              		.loc 1 27 0
  29              		.cfi_startproc
  30              		@ Volatile: function does not return.
ARM GAS  C:\Users\lenovo\AppData\Local\Temp\ccdc3Xgz.s 			page 2


  31              		@ args = 0, pretend = 0, frame = 0
  32              		@ frame_needed = 0, uses_anonymous_args = 0
  33 0000 10B5     		push	{r4, lr}
  34              		.cfi_def_cfa_offset 8
  35              		.cfi_offset 4, -8
  36              		.cfi_offset 14, -4
  28:main.c        **** 	/* Initialize PWM */
  29:main.c        ****     PWM_Start();
  37              		.loc 1 29 0
  38 0002 FFF7FEFF 		bl	PWM_Start
  39              	.LVL0:
  30:main.c        ****     PWM_TriggerCommand(PWM_MASK,PWM_CMD_START);
  40              		.loc 1 30 0
  41 0006 1821     		movs	r1, #24
  42 0008 0120     		movs	r0, #1
  43 000a FFF7FEFF 		bl	PWM_TriggerCommand
  44              	.LVL1:
  31:main.c        **** 
  32:main.c        ****     Bootloader_Start();
  45              		.loc 1 32 0
  46 000e FFF7FEFF 		bl	Bootloader_Start
  47              	.LVL2:
  48              	.L2:
  49 0012 FEE7     		b	.L2
  50              		.cfi_endproc
  51              	.LFE32:
  52              		.size	main, .-main
  53              		.text
  54              	.Letext0:
  55              		.file 2 "Generated_Source\\PSoC4/PWM.h"
  56              		.file 3 "Generated_Source\\PSoC4/Bootloader.h"
  57              		.file 4 "Generated_Source\\PSoC4/cytypes.h"
  58              		.section	.debug_info,"",%progbits
  59              	.Ldebug_info0:
  60 0000 FA000000 		.4byte	0xfa
  61 0004 0400     		.2byte	0x4
  62 0006 00000000 		.4byte	.Ldebug_abbrev0
  63 000a 04       		.byte	0x4
  64 000b 01       		.uleb128 0x1
  65 000c AC000000 		.4byte	.LASF17
  66 0010 0C       		.byte	0xc
  67 0011 22000000 		.4byte	.LASF18
  68 0015 2E000000 		.4byte	.LASF19
  69 0019 00000000 		.4byte	.Ldebug_ranges0+0
  70 001d 00000000 		.4byte	0
  71 0021 00000000 		.4byte	.Ldebug_line0
  72 0025 02       		.uleb128 0x2
  73 0026 01       		.byte	0x1
  74 0027 06       		.byte	0x6
  75 0028 95010000 		.4byte	.LASF0
  76 002c 02       		.uleb128 0x2
  77 002d 01       		.byte	0x1
  78 002e 08       		.byte	0x8
  79 002f 44010000 		.4byte	.LASF1
  80 0033 02       		.uleb128 0x2
  81 0034 02       		.byte	0x2
  82 0035 05       		.byte	0x5
ARM GAS  C:\Users\lenovo\AppData\Local\Temp\ccdc3Xgz.s 			page 3


  83 0036 60010000 		.4byte	.LASF2
  84 003a 02       		.uleb128 0x2
  85 003b 02       		.byte	0x2
  86 003c 07       		.byte	0x7
  87 003d 82010000 		.4byte	.LASF3
  88 0041 02       		.uleb128 0x2
  89 0042 04       		.byte	0x4
  90 0043 05       		.byte	0x5
  91 0044 57010000 		.4byte	.LASF4
  92 0048 02       		.uleb128 0x2
  93 0049 04       		.byte	0x4
  94 004a 07       		.byte	0x7
  95 004b 70000000 		.4byte	.LASF5
  96 004f 02       		.uleb128 0x2
  97 0050 08       		.byte	0x8
  98 0051 05       		.byte	0x5
  99 0052 00000000 		.4byte	.LASF6
 100 0056 02       		.uleb128 0x2
 101 0057 08       		.byte	0x8
 102 0058 07       		.byte	0x7
 103 0059 95000000 		.4byte	.LASF7
 104 005d 03       		.uleb128 0x3
 105 005e 04       		.byte	0x4
 106 005f 05       		.byte	0x5
 107 0060 696E7400 		.ascii	"int\000"
 108 0064 02       		.uleb128 0x2
 109 0065 04       		.byte	0x4
 110 0066 07       		.byte	0x7
 111 0067 15000000 		.4byte	.LASF8
 112 006b 04       		.uleb128 0x4
 113 006c 0E000000 		.4byte	.LASF20
 114 0070 04       		.byte	0x4
 115 0071 E601     		.2byte	0x1e6
 116 0073 48000000 		.4byte	0x48
 117 0077 02       		.uleb128 0x2
 118 0078 04       		.byte	0x4
 119 0079 04       		.byte	0x4
 120 007a AD010000 		.4byte	.LASF9
 121 007e 02       		.uleb128 0x2
 122 007f 08       		.byte	0x8
 123 0080 04       		.byte	0x4
 124 0081 7B010000 		.4byte	.LASF10
 125 0085 02       		.uleb128 0x2
 126 0086 01       		.byte	0x1
 127 0087 08       		.byte	0x8
 128 0088 52010000 		.4byte	.LASF11
 129 008c 02       		.uleb128 0x2
 130 008d 08       		.byte	0x8
 131 008e 04       		.byte	0x4
 132 008f A1010000 		.4byte	.LASF12
 133 0093 02       		.uleb128 0x2
 134 0094 04       		.byte	0x4
 135 0095 07       		.byte	0x7
 136 0096 B3010000 		.4byte	.LASF13
 137 009a 05       		.uleb128 0x5
 138 009b 29000000 		.4byte	.LASF21
 139 009f 01       		.byte	0x1
ARM GAS  C:\Users\lenovo\AppData\Local\Temp\ccdc3Xgz.s 			page 4


 140 00a0 1A       		.byte	0x1a
 141 00a1 00000000 		.4byte	.LFB32
 142 00a5 14000000 		.4byte	.LFE32-.LFB32
 143 00a9 01       		.uleb128 0x1
 144 00aa 9C       		.byte	0x9c
 145 00ab DA000000 		.4byte	0xda
 146 00af 06       		.uleb128 0x6
 147 00b0 06000000 		.4byte	.LVL0
 148 00b4 DA000000 		.4byte	0xda
 149 00b8 07       		.uleb128 0x7
 150 00b9 0E000000 		.4byte	.LVL1
 151 00bd E6000000 		.4byte	0xe6
 152 00c1 D0000000 		.4byte	0xd0
 153 00c5 08       		.uleb128 0x8
 154 00c6 01       		.uleb128 0x1
 155 00c7 50       		.byte	0x50
 156 00c8 01       		.uleb128 0x1
 157 00c9 31       		.byte	0x31
 158 00ca 08       		.uleb128 0x8
 159 00cb 01       		.uleb128 0x1
 160 00cc 51       		.byte	0x51
 161 00cd 01       		.uleb128 0x1
 162 00ce 48       		.byte	0x48
 163 00cf 00       		.byte	0
 164 00d0 06       		.uleb128 0x6
 165 00d1 12000000 		.4byte	.LVL2
 166 00d5 F2000000 		.4byte	0xf2
 167 00d9 00       		.byte	0
 168 00da 09       		.uleb128 0x9
 169 00db 3A010000 		.4byte	.LASF14
 170 00df 3A010000 		.4byte	.LASF14
 171 00e3 02       		.byte	0x2
 172 00e4 3201     		.2byte	0x132
 173 00e6 09       		.uleb128 0x9
 174 00e7 82000000 		.4byte	.LASF15
 175 00eb 82000000 		.4byte	.LASF15
 176 00ef 02       		.byte	0x2
 177 00f0 3B01     		.2byte	0x13b
 178 00f2 0A       		.uleb128 0xa
 179 00f3 6A010000 		.4byte	.LASF16
 180 00f7 6A010000 		.4byte	.LASF16
 181 00fb 03       		.byte	0x3
 182 00fc E6       		.byte	0xe6
 183 00fd 00       		.byte	0
 184              		.section	.debug_abbrev,"",%progbits
 185              	.Ldebug_abbrev0:
 186 0000 01       		.uleb128 0x1
 187 0001 11       		.uleb128 0x11
 188 0002 01       		.byte	0x1
 189 0003 25       		.uleb128 0x25
 190 0004 0E       		.uleb128 0xe
 191 0005 13       		.uleb128 0x13
 192 0006 0B       		.uleb128 0xb
 193 0007 03       		.uleb128 0x3
 194 0008 0E       		.uleb128 0xe
 195 0009 1B       		.uleb128 0x1b
 196 000a 0E       		.uleb128 0xe
ARM GAS  C:\Users\lenovo\AppData\Local\Temp\ccdc3Xgz.s 			page 5


 197 000b 55       		.uleb128 0x55
 198 000c 17       		.uleb128 0x17
 199 000d 11       		.uleb128 0x11
 200 000e 01       		.uleb128 0x1
 201 000f 10       		.uleb128 0x10
 202 0010 17       		.uleb128 0x17
 203 0011 00       		.byte	0
 204 0012 00       		.byte	0
 205 0013 02       		.uleb128 0x2
 206 0014 24       		.uleb128 0x24
 207 0015 00       		.byte	0
 208 0016 0B       		.uleb128 0xb
 209 0017 0B       		.uleb128 0xb
 210 0018 3E       		.uleb128 0x3e
 211 0019 0B       		.uleb128 0xb
 212 001a 03       		.uleb128 0x3
 213 001b 0E       		.uleb128 0xe
 214 001c 00       		.byte	0
 215 001d 00       		.byte	0
 216 001e 03       		.uleb128 0x3
 217 001f 24       		.uleb128 0x24
 218 0020 00       		.byte	0
 219 0021 0B       		.uleb128 0xb
 220 0022 0B       		.uleb128 0xb
 221 0023 3E       		.uleb128 0x3e
 222 0024 0B       		.uleb128 0xb
 223 0025 03       		.uleb128 0x3
 224 0026 08       		.uleb128 0x8
 225 0027 00       		.byte	0
 226 0028 00       		.byte	0
 227 0029 04       		.uleb128 0x4
 228 002a 16       		.uleb128 0x16
 229 002b 00       		.byte	0
 230 002c 03       		.uleb128 0x3
 231 002d 0E       		.uleb128 0xe
 232 002e 3A       		.uleb128 0x3a
 233 002f 0B       		.uleb128 0xb
 234 0030 3B       		.uleb128 0x3b
 235 0031 05       		.uleb128 0x5
 236 0032 49       		.uleb128 0x49
 237 0033 13       		.uleb128 0x13
 238 0034 00       		.byte	0
 239 0035 00       		.byte	0
 240 0036 05       		.uleb128 0x5
 241 0037 2E       		.uleb128 0x2e
 242 0038 01       		.byte	0x1
 243 0039 3F       		.uleb128 0x3f
 244 003a 19       		.uleb128 0x19
 245 003b 03       		.uleb128 0x3
 246 003c 0E       		.uleb128 0xe
 247 003d 3A       		.uleb128 0x3a
 248 003e 0B       		.uleb128 0xb
 249 003f 3B       		.uleb128 0x3b
 250 0040 0B       		.uleb128 0xb
 251 0041 8701     		.uleb128 0x87
 252 0043 19       		.uleb128 0x19
 253 0044 11       		.uleb128 0x11
ARM GAS  C:\Users\lenovo\AppData\Local\Temp\ccdc3Xgz.s 			page 6


 254 0045 01       		.uleb128 0x1
 255 0046 12       		.uleb128 0x12
 256 0047 06       		.uleb128 0x6
 257 0048 40       		.uleb128 0x40
 258 0049 18       		.uleb128 0x18
 259 004a 9742     		.uleb128 0x2117
 260 004c 19       		.uleb128 0x19
 261 004d 01       		.uleb128 0x1
 262 004e 13       		.uleb128 0x13
 263 004f 00       		.byte	0
 264 0050 00       		.byte	0
 265 0051 06       		.uleb128 0x6
 266 0052 898201   		.uleb128 0x4109
 267 0055 00       		.byte	0
 268 0056 11       		.uleb128 0x11
 269 0057 01       		.uleb128 0x1
 270 0058 31       		.uleb128 0x31
 271 0059 13       		.uleb128 0x13
 272 005a 00       		.byte	0
 273 005b 00       		.byte	0
 274 005c 07       		.uleb128 0x7
 275 005d 898201   		.uleb128 0x4109
 276 0060 01       		.byte	0x1
 277 0061 11       		.uleb128 0x11
 278 0062 01       		.uleb128 0x1
 279 0063 31       		.uleb128 0x31
 280 0064 13       		.uleb128 0x13
 281 0065 01       		.uleb128 0x1
 282 0066 13       		.uleb128 0x13
 283 0067 00       		.byte	0
 284 0068 00       		.byte	0
 285 0069 08       		.uleb128 0x8
 286 006a 8A8201   		.uleb128 0x410a
 287 006d 00       		.byte	0
 288 006e 02       		.uleb128 0x2
 289 006f 18       		.uleb128 0x18
 290 0070 9142     		.uleb128 0x2111
 291 0072 18       		.uleb128 0x18
 292 0073 00       		.byte	0
 293 0074 00       		.byte	0
 294 0075 09       		.uleb128 0x9
 295 0076 2E       		.uleb128 0x2e
 296 0077 00       		.byte	0
 297 0078 3F       		.uleb128 0x3f
 298 0079 19       		.uleb128 0x19
 299 007a 3C       		.uleb128 0x3c
 300 007b 19       		.uleb128 0x19
 301 007c 6E       		.uleb128 0x6e
 302 007d 0E       		.uleb128 0xe
 303 007e 03       		.uleb128 0x3
 304 007f 0E       		.uleb128 0xe
 305 0080 3A       		.uleb128 0x3a
 306 0081 0B       		.uleb128 0xb
 307 0082 3B       		.uleb128 0x3b
 308 0083 05       		.uleb128 0x5
 309 0084 00       		.byte	0
 310 0085 00       		.byte	0
ARM GAS  C:\Users\lenovo\AppData\Local\Temp\ccdc3Xgz.s 			page 7


 311 0086 0A       		.uleb128 0xa
 312 0087 2E       		.uleb128 0x2e
 313 0088 00       		.byte	0
 314 0089 3F       		.uleb128 0x3f
 315 008a 19       		.uleb128 0x19
 316 008b 3C       		.uleb128 0x3c
 317 008c 19       		.uleb128 0x19
 318 008d 6E       		.uleb128 0x6e
 319 008e 0E       		.uleb128 0xe
 320 008f 03       		.uleb128 0x3
 321 0090 0E       		.uleb128 0xe
 322 0091 3A       		.uleb128 0x3a
 323 0092 0B       		.uleb128 0xb
 324 0093 3B       		.uleb128 0x3b
 325 0094 0B       		.uleb128 0xb
 326 0095 00       		.byte	0
 327 0096 00       		.byte	0
 328 0097 00       		.byte	0
 329              		.section	.debug_aranges,"",%progbits
 330 0000 1C000000 		.4byte	0x1c
 331 0004 0200     		.2byte	0x2
 332 0006 00000000 		.4byte	.Ldebug_info0
 333 000a 04       		.byte	0x4
 334 000b 00       		.byte	0
 335 000c 0000     		.2byte	0
 336 000e 0000     		.2byte	0
 337 0010 00000000 		.4byte	.LFB32
 338 0014 14000000 		.4byte	.LFE32-.LFB32
 339 0018 00000000 		.4byte	0
 340 001c 00000000 		.4byte	0
 341              		.section	.debug_ranges,"",%progbits
 342              	.Ldebug_ranges0:
 343 0000 00000000 		.4byte	.LFB32
 344 0004 14000000 		.4byte	.LFE32
 345 0008 00000000 		.4byte	0
 346 000c 00000000 		.4byte	0
 347              		.section	.debug_line,"",%progbits
 348              	.Ldebug_line0:
 349 0000 72000000 		.section	.debug_str,"MS",%progbits,1
 349      02005A00 
 349      00000201 
 349      FB0E0D00 
 349      01010101 
 350              	.LASF6:
 351 0000 6C6F6E67 		.ascii	"long long int\000"
 351      206C6F6E 
 351      6720696E 
 351      7400
 352              	.LASF20:
 353 000e 75696E74 		.ascii	"uint32\000"
 353      333200
 354              	.LASF8:
 355 0015 756E7369 		.ascii	"unsigned int\000"
 355      676E6564 
 355      20696E74 
 355      00
 356              	.LASF18:
ARM GAS  C:\Users\lenovo\AppData\Local\Temp\ccdc3Xgz.s 			page 8


 357 0022 6D61696E 		.ascii	"main.c\000"
 357      2E6300
 358              	.LASF21:
 359 0029 6D61696E 		.ascii	"main\000"
 359      00
 360              	.LASF19:
 361 002e 443A5C68 		.ascii	"D:\\harshita\\final_files - D\\psoc\\4_1_new\\I2C_B"
 361      61727368 
 361      6974615C 
 361      66696E61 
 361      6C5F6669 
 362 005c 6F6F746C 		.ascii	"ootloader_Red.cydsn\000"
 362      6F616465 
 362      725F5265 
 362      642E6379 
 362      64736E00 
 363              	.LASF5:
 364 0070 6C6F6E67 		.ascii	"long unsigned int\000"
 364      20756E73 
 364      69676E65 
 364      6420696E 
 364      7400
 365              	.LASF15:
 366 0082 50574D5F 		.ascii	"PWM_TriggerCommand\000"
 366      54726967 
 366      67657243 
 366      6F6D6D61 
 366      6E6400
 367              	.LASF7:
 368 0095 6C6F6E67 		.ascii	"long long unsigned int\000"
 368      206C6F6E 
 368      6720756E 
 368      7369676E 
 368      65642069 
 369              	.LASF17:
 370 00ac 474E5520 		.ascii	"GNU C11 5.4.1 20160609 (release) [ARM/embedded-5-br"
 370      43313120 
 370      352E342E 
 370      31203230 
 370      31363036 
 371 00df 616E6368 		.ascii	"anch revision 237715] -mcpu=cortex-m0 -mthumb -g -O"
 371      20726576 
 371      6973696F 
 371      6E203233 
 371      37373135 
 372 0112 73202D66 		.ascii	"s -ffunction-sections -ffat-lto-objects\000"
 372      66756E63 
 372      74696F6E 
 372      2D736563 
 372      74696F6E 
 373              	.LASF14:
 374 013a 50574D5F 		.ascii	"PWM_Start\000"
 374      53746172 
 374      7400
 375              	.LASF1:
 376 0144 756E7369 		.ascii	"unsigned char\000"
 376      676E6564 
ARM GAS  C:\Users\lenovo\AppData\Local\Temp\ccdc3Xgz.s 			page 9


 376      20636861 
 376      7200
 377              	.LASF11:
 378 0152 63686172 		.ascii	"char\000"
 378      00
 379              	.LASF4:
 380 0157 6C6F6E67 		.ascii	"long int\000"
 380      20696E74 
 380      00
 381              	.LASF2:
 382 0160 73686F72 		.ascii	"short int\000"
 382      7420696E 
 382      7400
 383              	.LASF16:
 384 016a 426F6F74 		.ascii	"Bootloader_Start\000"
 384      6C6F6164 
 384      65725F53 
 384      74617274 
 384      00
 385              	.LASF10:
 386 017b 646F7562 		.ascii	"double\000"
 386      6C6500
 387              	.LASF3:
 388 0182 73686F72 		.ascii	"short unsigned int\000"
 388      7420756E 
 388      7369676E 
 388      65642069 
 388      6E7400
 389              	.LASF0:
 390 0195 7369676E 		.ascii	"signed char\000"
 390      65642063 
 390      68617200 
 391              	.LASF12:
 392 01a1 6C6F6E67 		.ascii	"long double\000"
 392      20646F75 
 392      626C6500 
 393              	.LASF9:
 394 01ad 666C6F61 		.ascii	"float\000"
 394      7400
 395              	.LASF13:
 396 01b3 73697A65 		.ascii	"sizetype\000"
 396      74797065 
 396      00
 397              		.ident	"GCC: (GNU Tools for ARM Embedded Processors) 5.4.1 20160609 (release) [ARM/embedded-5-bran
